#! /usr/bin/vvp
:ivl_version "11.0 (stable)";
:ivl_delay_selection "TYPICAL";
:vpi_time_precision - 10;
:vpi_module "/usr/lib/x86_64-linux-gnu/ivl/system.vpi";
:vpi_module "/usr/lib/x86_64-linux-gnu/ivl/vhdl_sys.vpi";
:vpi_module "/usr/lib/x86_64-linux-gnu/ivl/vhdl_textio.vpi";
:vpi_module "/usr/lib/x86_64-linux-gnu/ivl/v2005_math.vpi";
:vpi_module "/usr/lib/x86_64-linux-gnu/ivl/va_math.vpi";
S_0x55e326632d90 .scope module, "ALU_ALUctr_tb" "ALU_ALUctr_tb" 2 27;
 .timescale -9 -10;
v0x55e3266bbb60_0 .var "A", 31 0;
v0x55e3266bbc40_0 .net "ALUop", 4 0, v0x55e3266bb740_0;  1 drivers
v0x55e3266bbd30_0 .var "B", 31 0;
v0x55e3266bbe00_0 .net "Y", 31 0, v0x55e3266baab0_0;  1 drivers
v0x55e3266bbed0_0 .var "funct3", 2 0;
v0x55e3266bbfc0_0 .var "funct7", 6 0;
v0x55e3266bc090_0 .var "opcode", 6 0;
v0x55e3266bc160_0 .net "zero", 0 0, L_0x55e3266cc2a0;  1 drivers
S_0x55e326632f20 .scope module, "alu" "ALU" 2 45, 3 1 0, S_0x55e326632d90;
 .timescale -9 -10;
    .port_info 0 /INPUT 32 "A";
    .port_info 1 /INPUT 32 "B";
    .port_info 2 /INPUT 5 "ALUop";
    .port_info 3 /OUTPUT 32 "Y";
    .port_info 4 /OUTPUT 1 "zero";
v0x55e326687d30_0 .net "A", 31 0, v0x55e3266bbb60_0;  1 drivers
v0x55e3266ba910_0 .net "ALUop", 4 0, v0x55e3266bb740_0;  alias, 1 drivers
v0x55e3266ba9f0_0 .net "B", 31 0, v0x55e3266bbd30_0;  1 drivers
v0x55e3266baab0_0 .var "Y", 31 0;
L_0x7f85a8b5e018 .functor BUFT 1, C4<00000000000000000000000000000000>, C4<0>, C4<0>, C4<0>;
v0x55e3266bab90_0 .net/2u *"_ivl_0", 31 0, L_0x7f85a8b5e018;  1 drivers
v0x55e3266bacc0_0 .net "zero", 0 0, L_0x55e3266cc2a0;  alias, 1 drivers
E_0x55e326681970 .event edge, v0x55e3266ba910_0, v0x55e326687d30_0, v0x55e3266ba9f0_0;
L_0x55e3266cc2a0 .cmp/eq 32, v0x55e3266baab0_0, L_0x7f85a8b5e018;
S_0x55e3266bae20 .scope module, "alu_ctrl" "ALUctr" 2 37, 4 41 0, S_0x55e326632d90;
 .timescale -9 -10;
    .port_info 0 /INPUT 7 "opcode";
    .port_info 1 /INPUT 3 "funct3";
    .port_info 2 /INPUT 7 "funct7";
    .port_info 3 /OUTPUT 5 "ALUop";
P_0x55e326675710 .param/l "ALU_ADD" 1 4 49, C4<00000>;
P_0x55e326675750 .param/l "ALU_AND" 1 4 58, C4<01001>;
P_0x55e326675790 .param/l "ALU_BEQ" 1 4 61, C4<01010>;
P_0x55e3266757d0 .param/l "ALU_BGE" 1 4 64, C4<01101>;
P_0x55e326675810 .param/l "ALU_BGEU" 1 4 66, C4<01111>;
P_0x55e326675850 .param/l "ALU_BLT" 1 4 63, C4<01100>;
P_0x55e326675890 .param/l "ALU_BLTU" 1 4 65, C4<01110>;
P_0x55e3266758d0 .param/l "ALU_BNE" 1 4 62, C4<01011>;
P_0x55e326675910 .param/l "ALU_OR" 1 4 57, C4<01000>;
P_0x55e326675950 .param/l "ALU_SLL" 1 4 51, C4<00010>;
P_0x55e326675990 .param/l "ALU_SLT" 1 4 52, C4<00011>;
P_0x55e3266759d0 .param/l "ALU_SLTU" 1 4 53, C4<00100>;
P_0x55e326675a10 .param/l "ALU_SRA" 1 4 56, C4<00111>;
P_0x55e326675a50 .param/l "ALU_SRL" 1 4 55, C4<00110>;
P_0x55e326675a90 .param/l "ALU_SUB" 1 4 50, C4<00001>;
P_0x55e326675ad0 .param/l "ALU_XOR" 1 4 54, C4<00101>;
v0x55e3266bb740_0 .var "ALUop", 4 0;
v0x55e3266bb820_0 .net "funct3", 2 0, v0x55e3266bbed0_0;  1 drivers
v0x55e3266bb8e0_0 .net "funct7", 6 0, v0x55e3266bbfc0_0;  1 drivers
v0x55e3266bb9d0_0 .net "opcode", 6 0, v0x55e3266bc090_0;  1 drivers
E_0x55e326681bc0 .event edge, v0x55e3266bb9d0_0, v0x55e3266bb820_0, v0x55e3266bb8e0_0;
    .scope S_0x55e3266bae20;
T_0 ;
    %wait E_0x55e326681bc0;
    %load/vec4 v0x55e3266bb9d0_0;
    %dup/vec4;
    %pushi/vec4 51, 0, 7;
    %cmp/u;
    %jmp/1 T_0.0, 6;
    %dup/vec4;
    %pushi/vec4 19, 0, 7;
    %cmp/u;
    %jmp/1 T_0.1, 6;
    %dup/vec4;
    %pushi/vec4 99, 0, 7;
    %cmp/u;
    %jmp/1 T_0.2, 6;
    %pushi/vec4 0, 0, 5;
    %store/vec4 v0x55e3266bb740_0, 0, 5;
    %jmp T_0.4;
T_0.0 ;
    %load/vec4 v0x55e3266bb820_0;
    %dup/vec4;
    %pushi/vec4 0, 0, 3;
    %cmp/u;
    %jmp/1 T_0.5, 6;
    %dup/vec4;
    %pushi/vec4 1, 0, 3;
    %cmp/u;
    %jmp/1 T_0.6, 6;
    %dup/vec4;
    %pushi/vec4 2, 0, 3;
    %cmp/u;
    %jmp/1 T_0.7, 6;
    %dup/vec4;
    %pushi/vec4 3, 0, 3;
    %cmp/u;
    %jmp/1 T_0.8, 6;
    %dup/vec4;
    %pushi/vec4 4, 0, 3;
    %cmp/u;
    %jmp/1 T_0.9, 6;
    %dup/vec4;
    %pushi/vec4 5, 0, 3;
    %cmp/u;
    %jmp/1 T_0.10, 6;
    %dup/vec4;
    %pushi/vec4 6, 0, 3;
    %cmp/u;
    %jmp/1 T_0.11, 6;
    %dup/vec4;
    %pushi/vec4 7, 0, 3;
    %cmp/u;
    %jmp/1 T_0.12, 6;
    %pushi/vec4 0, 0, 5;
    %store/vec4 v0x55e3266bb740_0, 0, 5;
    %jmp T_0.14;
T_0.5 ;
    %load/vec4 v0x55e3266bb8e0_0;
    %parti/s 1, 5, 4;
    %cmpi/e 1, 0, 1;
    %flag_mov 8, 4;
    %jmp/0 T_0.15, 8;
    %pushi/vec4 1, 0, 5;
    %jmp/1 T_0.16, 8;
T_0.15 ; End of true expr.
    %pushi/vec4 0, 0, 5;
    %jmp/0 T_0.16, 8;
 ; End of false expr.
    %blend;
T_0.16;
    %store/vec4 v0x55e3266bb740_0, 0, 5;
    %jmp T_0.14;
T_0.6 ;
    %pushi/vec4 2, 0, 5;
    %store/vec4 v0x55e3266bb740_0, 0, 5;
    %jmp T_0.14;
T_0.7 ;
    %pushi/vec4 3, 0, 5;
    %store/vec4 v0x55e3266bb740_0, 0, 5;
    %jmp T_0.14;
T_0.8 ;
    %pushi/vec4 4, 0, 5;
    %store/vec4 v0x55e3266bb740_0, 0, 5;
    %jmp T_0.14;
T_0.9 ;
    %pushi/vec4 5, 0, 5;
    %store/vec4 v0x55e3266bb740_0, 0, 5;
    %jmp T_0.14;
T_0.10 ;
    %load/vec4 v0x55e3266bb8e0_0;
    %parti/s 1, 5, 4;
    %cmpi/e 1, 0, 1;
    %flag_mov 8, 4;
    %jmp/0 T_0.17, 8;
    %pushi/vec4 7, 0, 5;
    %jmp/1 T_0.18, 8;
T_0.17 ; End of true expr.
    %pushi/vec4 6, 0, 5;
    %jmp/0 T_0.18, 8;
 ; End of false expr.
    %blend;
T_0.18;
    %store/vec4 v0x55e3266bb740_0, 0, 5;
    %jmp T_0.14;
T_0.11 ;
    %pushi/vec4 8, 0, 5;
    %store/vec4 v0x55e3266bb740_0, 0, 5;
    %jmp T_0.14;
T_0.12 ;
    %pushi/vec4 9, 0, 5;
    %store/vec4 v0x55e3266bb740_0, 0, 5;
    %jmp T_0.14;
T_0.14 ;
    %pop/vec4 1;
    %jmp T_0.4;
T_0.1 ;
    %load/vec4 v0x55e3266bb820_0;
    %dup/vec4;
    %pushi/vec4 0, 0, 3;
    %cmp/u;
    %jmp/1 T_0.19, 6;
    %dup/vec4;
    %pushi/vec4 2, 0, 3;
    %cmp/u;
    %jmp/1 T_0.20, 6;
    %dup/vec4;
    %pushi/vec4 3, 0, 3;
    %cmp/u;
    %jmp/1 T_0.21, 6;
    %dup/vec4;
    %pushi/vec4 4, 0, 3;
    %cmp/u;
    %jmp/1 T_0.22, 6;
    %dup/vec4;
    %pushi/vec4 6, 0, 3;
    %cmp/u;
    %jmp/1 T_0.23, 6;
    %dup/vec4;
    %pushi/vec4 7, 0, 3;
    %cmp/u;
    %jmp/1 T_0.24, 6;
    %dup/vec4;
    %pushi/vec4 1, 0, 3;
    %cmp/u;
    %jmp/1 T_0.25, 6;
    %dup/vec4;
    %pushi/vec4 5, 0, 3;
    %cmp/u;
    %jmp/1 T_0.26, 6;
    %pushi/vec4 0, 0, 5;
    %store/vec4 v0x55e3266bb740_0, 0, 5;
    %jmp T_0.28;
T_0.19 ;
    %pushi/vec4 0, 0, 5;
    %store/vec4 v0x55e3266bb740_0, 0, 5;
    %jmp T_0.28;
T_0.20 ;
    %pushi/vec4 3, 0, 5;
    %store/vec4 v0x55e3266bb740_0, 0, 5;
    %jmp T_0.28;
T_0.21 ;
    %pushi/vec4 4, 0, 5;
    %store/vec4 v0x55e3266bb740_0, 0, 5;
    %jmp T_0.28;
T_0.22 ;
    %pushi/vec4 5, 0, 5;
    %store/vec4 v0x55e3266bb740_0, 0, 5;
    %jmp T_0.28;
T_0.23 ;
    %pushi/vec4 8, 0, 5;
    %store/vec4 v0x55e3266bb740_0, 0, 5;
    %jmp T_0.28;
T_0.24 ;
    %pushi/vec4 9, 0, 5;
    %store/vec4 v0x55e3266bb740_0, 0, 5;
    %jmp T_0.28;
T_0.25 ;
    %pushi/vec4 2, 0, 5;
    %store/vec4 v0x55e3266bb740_0, 0, 5;
    %jmp T_0.28;
T_0.26 ;
    %load/vec4 v0x55e3266bb8e0_0;
    %parti/s 1, 5, 4;
    %cmpi/e 1, 0, 1;
    %flag_mov 8, 4;
    %jmp/0 T_0.29, 8;
    %pushi/vec4 7, 0, 5;
    %jmp/1 T_0.30, 8;
T_0.29 ; End of true expr.
    %pushi/vec4 6, 0, 5;
    %jmp/0 T_0.30, 8;
 ; End of false expr.
    %blend;
T_0.30;
    %store/vec4 v0x55e3266bb740_0, 0, 5;
    %jmp T_0.28;
T_0.28 ;
    %pop/vec4 1;
    %jmp T_0.4;
T_0.2 ;
    %load/vec4 v0x55e3266bb820_0;
    %dup/vec4;
    %pushi/vec4 0, 0, 3;
    %cmp/u;
    %jmp/1 T_0.31, 6;
    %dup/vec4;
    %pushi/vec4 1, 0, 3;
    %cmp/u;
    %jmp/1 T_0.32, 6;
    %dup/vec4;
    %pushi/vec4 4, 0, 3;
    %cmp/u;
    %jmp/1 T_0.33, 6;
    %dup/vec4;
    %pushi/vec4 5, 0, 3;
    %cmp/u;
    %jmp/1 T_0.34, 6;
    %dup/vec4;
    %pushi/vec4 6, 0, 3;
    %cmp/u;
    %jmp/1 T_0.35, 6;
    %dup/vec4;
    %pushi/vec4 7, 0, 3;
    %cmp/u;
    %jmp/1 T_0.36, 6;
    %pushi/vec4 0, 0, 5;
    %store/vec4 v0x55e3266bb740_0, 0, 5;
    %jmp T_0.38;
T_0.31 ;
    %pushi/vec4 10, 0, 5;
    %store/vec4 v0x55e3266bb740_0, 0, 5;
    %jmp T_0.38;
T_0.32 ;
    %pushi/vec4 11, 0, 5;
    %store/vec4 v0x55e3266bb740_0, 0, 5;
    %jmp T_0.38;
T_0.33 ;
    %pushi/vec4 12, 0, 5;
    %store/vec4 v0x55e3266bb740_0, 0, 5;
    %jmp T_0.38;
T_0.34 ;
    %pushi/vec4 13, 0, 5;
    %store/vec4 v0x55e3266bb740_0, 0, 5;
    %jmp T_0.38;
T_0.35 ;
    %pushi/vec4 14, 0, 5;
    %store/vec4 v0x55e3266bb740_0, 0, 5;
    %jmp T_0.38;
T_0.36 ;
    %pushi/vec4 15, 0, 5;
    %store/vec4 v0x55e3266bb740_0, 0, 5;
    %jmp T_0.38;
T_0.38 ;
    %pop/vec4 1;
    %jmp T_0.4;
T_0.4 ;
    %pop/vec4 1;
    %jmp T_0;
    .thread T_0, $push;
    .scope S_0x55e326632f20;
T_1 ;
    %wait E_0x55e326681970;
    %load/vec4 v0x55e3266ba910_0;
    %dup/vec4;
    %pushi/vec4 0, 0, 5;
    %cmp/u;
    %jmp/1 T_1.0, 6;
    %dup/vec4;
    %pushi/vec4 1, 0, 5;
    %cmp/u;
    %jmp/1 T_1.1, 6;
    %dup/vec4;
    %pushi/vec4 2, 0, 5;
    %cmp/u;
    %jmp/1 T_1.2, 6;
    %dup/vec4;
    %pushi/vec4 3, 0, 5;
    %cmp/u;
    %jmp/1 T_1.3, 6;
    %dup/vec4;
    %pushi/vec4 4, 0, 5;
    %cmp/u;
    %jmp/1 T_1.4, 6;
    %dup/vec4;
    %pushi/vec4 5, 0, 5;
    %cmp/u;
    %jmp/1 T_1.5, 6;
    %dup/vec4;
    %pushi/vec4 6, 0, 5;
    %cmp/u;
    %jmp/1 T_1.6, 6;
    %dup/vec4;
    %pushi/vec4 7, 0, 5;
    %cmp/u;
    %jmp/1 T_1.7, 6;
    %dup/vec4;
    %pushi/vec4 8, 0, 5;
    %cmp/u;
    %jmp/1 T_1.8, 6;
    %dup/vec4;
    %pushi/vec4 9, 0, 5;
    %cmp/u;
    %jmp/1 T_1.9, 6;
    %dup/vec4;
    %pushi/vec4 10, 0, 5;
    %cmp/u;
    %jmp/1 T_1.10, 6;
    %dup/vec4;
    %pushi/vec4 11, 0, 5;
    %cmp/u;
    %jmp/1 T_1.11, 6;
    %dup/vec4;
    %pushi/vec4 12, 0, 5;
    %cmp/u;
    %jmp/1 T_1.12, 6;
    %dup/vec4;
    %pushi/vec4 13, 0, 5;
    %cmp/u;
    %jmp/1 T_1.13, 6;
    %dup/vec4;
    %pushi/vec4 14, 0, 5;
    %cmp/u;
    %jmp/1 T_1.14, 6;
    %dup/vec4;
    %pushi/vec4 15, 0, 5;
    %cmp/u;
    %jmp/1 T_1.15, 6;
    %pushi/vec4 0, 0, 32;
    %store/vec4 v0x55e3266baab0_0, 0, 32;
    %jmp T_1.17;
T_1.0 ;
    %load/vec4 v0x55e326687d30_0;
    %load/vec4 v0x55e3266ba9f0_0;
    %add;
    %store/vec4 v0x55e3266baab0_0, 0, 32;
    %jmp T_1.17;
T_1.1 ;
    %load/vec4 v0x55e326687d30_0;
    %load/vec4 v0x55e3266ba9f0_0;
    %sub;
    %store/vec4 v0x55e3266baab0_0, 0, 32;
    %jmp T_1.17;
T_1.2 ;
    %load/vec4 v0x55e326687d30_0;
    %load/vec4 v0x55e3266ba9f0_0;
    %parti/s 5, 0, 2;
    %ix/vec4 4;
    %shiftl 4;
    %store/vec4 v0x55e3266baab0_0, 0, 32;
    %jmp T_1.17;
T_1.3 ;
    %load/vec4 v0x55e326687d30_0;
    %load/vec4 v0x55e3266ba9f0_0;
    %cmp/s;
    %flag_mov 8, 5;
    %jmp/0 T_1.18, 8;
    %pushi/vec4 1, 0, 32;
    %jmp/1 T_1.19, 8;
T_1.18 ; End of true expr.
    %pushi/vec4 0, 0, 32;
    %jmp/0 T_1.19, 8;
 ; End of false expr.
    %blend;
T_1.19;
    %store/vec4 v0x55e3266baab0_0, 0, 32;
    %jmp T_1.17;
T_1.4 ;
    %load/vec4 v0x55e326687d30_0;
    %load/vec4 v0x55e3266ba9f0_0;
    %cmp/u;
    %flag_mov 8, 5;
    %jmp/0 T_1.20, 8;
    %pushi/vec4 1, 0, 32;
    %jmp/1 T_1.21, 8;
T_1.20 ; End of true expr.
    %pushi/vec4 0, 0, 32;
    %jmp/0 T_1.21, 8;
 ; End of false expr.
    %blend;
T_1.21;
    %store/vec4 v0x55e3266baab0_0, 0, 32;
    %jmp T_1.17;
T_1.5 ;
    %load/vec4 v0x55e326687d30_0;
    %load/vec4 v0x55e3266ba9f0_0;
    %xor;
    %store/vec4 v0x55e3266baab0_0, 0, 32;
    %jmp T_1.17;
T_1.6 ;
    %load/vec4 v0x55e326687d30_0;
    %load/vec4 v0x55e3266ba9f0_0;
    %parti/s 5, 0, 2;
    %ix/vec4 4;
    %shiftr 4;
    %store/vec4 v0x55e3266baab0_0, 0, 32;
    %jmp T_1.17;
T_1.7 ;
    %load/vec4 v0x55e326687d30_0;
    %load/vec4 v0x55e3266ba9f0_0;
    %parti/s 5, 0, 2;
    %ix/vec4 4;
    %shiftr/s 4;
    %store/vec4 v0x55e3266baab0_0, 0, 32;
    %jmp T_1.17;
T_1.8 ;
    %load/vec4 v0x55e326687d30_0;
    %load/vec4 v0x55e3266ba9f0_0;
    %or;
    %store/vec4 v0x55e3266baab0_0, 0, 32;
    %jmp T_1.17;
T_1.9 ;
    %load/vec4 v0x55e326687d30_0;
    %load/vec4 v0x55e3266ba9f0_0;
    %and;
    %store/vec4 v0x55e3266baab0_0, 0, 32;
    %jmp T_1.17;
T_1.10 ;
    %load/vec4 v0x55e326687d30_0;
    %load/vec4 v0x55e3266ba9f0_0;
    %cmp/e;
    %flag_mov 8, 4;
    %jmp/0 T_1.22, 8;
    %pushi/vec4 1, 0, 32;
    %jmp/1 T_1.23, 8;
T_1.22 ; End of true expr.
    %pushi/vec4 0, 0, 32;
    %jmp/0 T_1.23, 8;
 ; End of false expr.
    %blend;
T_1.23;
    %store/vec4 v0x55e3266baab0_0, 0, 32;
    %jmp T_1.17;
T_1.11 ;
    %load/vec4 v0x55e326687d30_0;
    %load/vec4 v0x55e3266ba9f0_0;
    %cmp/ne;
    %flag_mov 8, 4;
    %jmp/0 T_1.24, 8;
    %pushi/vec4 1, 0, 32;
    %jmp/1 T_1.25, 8;
T_1.24 ; End of true expr.
    %pushi/vec4 0, 0, 32;
    %jmp/0 T_1.25, 8;
 ; End of false expr.
    %blend;
T_1.25;
    %store/vec4 v0x55e3266baab0_0, 0, 32;
    %jmp T_1.17;
T_1.12 ;
    %load/vec4 v0x55e326687d30_0;
    %load/vec4 v0x55e3266ba9f0_0;
    %cmp/s;
    %flag_mov 8, 5;
    %jmp/0 T_1.26, 8;
    %pushi/vec4 1, 0, 32;
    %jmp/1 T_1.27, 8;
T_1.26 ; End of true expr.
    %pushi/vec4 0, 0, 32;
    %jmp/0 T_1.27, 8;
 ; End of false expr.
    %blend;
T_1.27;
    %store/vec4 v0x55e3266baab0_0, 0, 32;
    %jmp T_1.17;
T_1.13 ;
    %load/vec4 v0x55e3266ba9f0_0;
    %load/vec4 v0x55e326687d30_0;
    %cmp/s;
    %flag_or 5, 4;
    %flag_mov 8, 5;
    %jmp/0 T_1.28, 8;
    %pushi/vec4 1, 0, 32;
    %jmp/1 T_1.29, 8;
T_1.28 ; End of true expr.
    %pushi/vec4 0, 0, 32;
    %jmp/0 T_1.29, 8;
 ; End of false expr.
    %blend;
T_1.29;
    %store/vec4 v0x55e3266baab0_0, 0, 32;
    %jmp T_1.17;
T_1.14 ;
    %load/vec4 v0x55e326687d30_0;
    %load/vec4 v0x55e3266ba9f0_0;
    %cmp/u;
    %flag_mov 8, 5;
    %jmp/0 T_1.30, 8;
    %pushi/vec4 1, 0, 32;
    %jmp/1 T_1.31, 8;
T_1.30 ; End of true expr.
    %pushi/vec4 0, 0, 32;
    %jmp/0 T_1.31, 8;
 ; End of false expr.
    %blend;
T_1.31;
    %store/vec4 v0x55e3266baab0_0, 0, 32;
    %jmp T_1.17;
T_1.15 ;
    %load/vec4 v0x55e3266ba9f0_0;
    %load/vec4 v0x55e326687d30_0;
    %cmp/u;
    %flag_or 5, 4;
    %flag_mov 8, 5;
    %jmp/0 T_1.32, 8;
    %pushi/vec4 1, 0, 32;
    %jmp/1 T_1.33, 8;
T_1.32 ; End of true expr.
    %pushi/vec4 0, 0, 32;
    %jmp/0 T_1.33, 8;
 ; End of false expr.
    %blend;
T_1.33;
    %store/vec4 v0x55e3266baab0_0, 0, 32;
    %jmp T_1.17;
T_1.17 ;
    %pop/vec4 1;
    %jmp T_1;
    .thread T_1, $push;
    .scope S_0x55e326632d90;
T_2 ;
    %vpi_call 2 55 "$display", "ALU+aluctr : Testbench" {0 0 0};
    %vpi_call 2 56 "$dumpfile", "ALU_ALUctr_tb.vcd" {0 0 0};
    %vpi_call 2 57 "$dumpvars", 32'sb00000000000000000000000000000000, S_0x55e326632d90 {0 0 0};
    %vpi_call 2 59 "$display", "------------------R-type \346\214\207\344\273\244-------------------" {0 0 0};
    %pushi/vec4 51, 0, 7;
    %store/vec4 v0x55e3266bc090_0, 0, 7;
    %pushi/vec4 16, 0, 32;
    %store/vec4 v0x55e3266bbb60_0, 0, 32;
    %pushi/vec4 32, 0, 32;
    %store/vec4 v0x55e3266bbd30_0, 0, 32;
    %pushi/vec4 0, 0, 3;
    %store/vec4 v0x55e3266bbed0_0, 0, 3;
    %pushi/vec4 0, 0, 7;
    %store/vec4 v0x55e3266bbfc0_0, 0, 7;
    %delay 100, 0;
    %vpi_call 2 66 "$display", "ALUop : %b", v0x55e3266bbc40_0 {0 0 0};
    %vpi_call 2 67 "$display", "ADD: A=%h, B=%h, Y=%h (Expect 30)", v0x55e3266bbb60_0, v0x55e3266bbd30_0, v0x55e3266bbe00_0 {0 0 0};
    %pushi/vec4 48, 0, 32;
    %store/vec4 v0x55e3266bbb60_0, 0, 32;
    %pushi/vec4 16, 0, 32;
    %store/vec4 v0x55e3266bbd30_0, 0, 32;
    %pushi/vec4 0, 0, 3;
    %store/vec4 v0x55e3266bbed0_0, 0, 3;
    %pushi/vec4 32, 0, 7;
    %store/vec4 v0x55e3266bbfc0_0, 0, 7;
    %delay 100, 0;
    %vpi_call 2 72 "$display", "SUB: A=%h, B=%h, Y=%h (Expect 20)", v0x55e3266bbb60_0, v0x55e3266bbd30_0, v0x55e3266bbe00_0 {0 0 0};
    %pushi/vec4 1, 0, 32;
    %store/vec4 v0x55e3266bbb60_0, 0, 32;
    %pushi/vec4 2, 0, 32;
    %store/vec4 v0x55e3266bbd30_0, 0, 32;
    %pushi/vec4 1, 0, 3;
    %store/vec4 v0x55e3266bbed0_0, 0, 3;
    %pushi/vec4 0, 0, 7;
    %store/vec4 v0x55e3266bbfc0_0, 0, 7;
    %delay 100, 0;
    %vpi_call 2 77 "$display", "SLL: A=%h, B=%h, Y=%h (Expect 4)", v0x55e3266bbb60_0, v0x55e3266bbd30_0, v0x55e3266bbe00_0 {0 0 0};
    %pushi/vec4 4294967280, 0, 32;
    %store/vec4 v0x55e3266bbb60_0, 0, 32;
    %pushi/vec4 16, 0, 32;
    %store/vec4 v0x55e3266bbd30_0, 0, 32;
    %pushi/vec4 2, 0, 3;
    %store/vec4 v0x55e3266bbed0_0, 0, 3;
    %pushi/vec4 0, 0, 7;
    %store/vec4 v0x55e3266bbfc0_0, 0, 7;
    %delay 100, 0;
    %vpi_call 2 82 "$display", "SLT: A=%h, B=%h, Y=%h (Expect 1)", v0x55e3266bbb60_0, v0x55e3266bbd30_0, v0x55e3266bbe00_0 {0 0 0};
    %pushi/vec4 16, 0, 32;
    %store/vec4 v0x55e3266bbb60_0, 0, 32;
    %pushi/vec4 4294967280, 0, 32;
    %store/vec4 v0x55e3266bbd30_0, 0, 32;
    %pushi/vec4 3, 0, 3;
    %store/vec4 v0x55e3266bbed0_0, 0, 3;
    %pushi/vec4 0, 0, 7;
    %store/vec4 v0x55e3266bbfc0_0, 0, 7;
    %delay 100, 0;
    %vpi_call 2 87 "$display", "SLTU: A=%h, B=%h, Y=%h (Expect 1)", v0x55e3266bbb60_0, v0x55e3266bbd30_0, v0x55e3266bbe00_0 {0 0 0};
    %pushi/vec4 15, 0, 32;
    %store/vec4 v0x55e3266bbb60_0, 0, 32;
    %pushi/vec4 240, 0, 32;
    %store/vec4 v0x55e3266bbd30_0, 0, 32;
    %pushi/vec4 4, 0, 3;
    %store/vec4 v0x55e3266bbed0_0, 0, 3;
    %pushi/vec4 0, 0, 7;
    %store/vec4 v0x55e3266bbfc0_0, 0, 7;
    %delay 100, 0;
    %vpi_call 2 92 "$display", "XOR: A=%h, B=%h, Y=%h (Expect 0xFF)", v0x55e3266bbb60_0, v0x55e3266bbd30_0, v0x55e3266bbe00_0 {0 0 0};
    %pushi/vec4 16, 0, 32;
    %store/vec4 v0x55e3266bbb60_0, 0, 32;
    %pushi/vec4 2, 0, 32;
    %store/vec4 v0x55e3266bbd30_0, 0, 32;
    %pushi/vec4 5, 0, 3;
    %store/vec4 v0x55e3266bbed0_0, 0, 3;
    %pushi/vec4 0, 0, 7;
    %store/vec4 v0x55e3266bbfc0_0, 0, 7;
    %delay 100, 0;
    %vpi_call 2 98 "$display", "SRL: A=%h, B=%h, Y=%h (Expect 4)", v0x55e3266bbb60_0, v0x55e3266bbd30_0, v0x55e3266bbe00_0 {0 0 0};
    %pushi/vec4 2147483648, 0, 32;
    %store/vec4 v0x55e3266bbb60_0, 0, 32;
    %pushi/vec4 2, 0, 32;
    %store/vec4 v0x55e3266bbd30_0, 0, 32;
    %pushi/vec4 5, 0, 3;
    %store/vec4 v0x55e3266bbed0_0, 0, 3;
    %pushi/vec4 32, 0, 7;
    %store/vec4 v0x55e3266bbfc0_0, 0, 7;
    %delay 100, 0;
    %vpi_call 2 104 "$display", "SRA: A=%h, B=%h, Y=%h (Expect E0000000)", v0x55e3266bbb60_0, v0x55e3266bbd30_0, v0x55e3266bbe00_0 {0 0 0};
    %pushi/vec4 61680, 0, 32;
    %store/vec4 v0x55e3266bbb60_0, 0, 32;
    %pushi/vec4 15728880, 0, 32;
    %store/vec4 v0x55e3266bbd30_0, 0, 32;
    %pushi/vec4 6, 0, 3;
    %store/vec4 v0x55e3266bbed0_0, 0, 3;
    %pushi/vec4 0, 0, 7;
    %store/vec4 v0x55e3266bbfc0_0, 0, 7;
    %delay 100, 0;
    %vpi_call 2 110 "$display", "OR: A=%h, B=%h, Y=%h (Expect 00F0F0F0)", v0x55e3266bbb60_0, v0x55e3266bbd30_0, v0x55e3266bbe00_0 {0 0 0};
    %pushi/vec4 61680, 0, 32;
    %store/vec4 v0x55e3266bbb60_0, 0, 32;
    %pushi/vec4 15728880, 0, 32;
    %store/vec4 v0x55e3266bbd30_0, 0, 32;
    %pushi/vec4 7, 0, 3;
    %store/vec4 v0x55e3266bbed0_0, 0, 3;
    %pushi/vec4 0, 0, 7;
    %store/vec4 v0x55e3266bbfc0_0, 0, 7;
    %delay 100, 0;
    %vpi_call 2 115 "$display", "AND: A=%h, B=%h, Y=%h (Expect 00F000F0)", v0x55e3266bbb60_0, v0x55e3266bbd30_0, v0x55e3266bbe00_0 {0 0 0};
    %vpi_call 2 117 "$display", "------------------I-type \346\214\207\344\273\244-------------------" {0 0 0};
    %pushi/vec4 19, 0, 7;
    %store/vec4 v0x55e3266bc090_0, 0, 7;
    %pushi/vec4 16, 0, 32;
    %store/vec4 v0x55e3266bbb60_0, 0, 32;
    %pushi/vec4 16, 0, 32;
    %store/vec4 v0x55e3266bbd30_0, 0, 32;
    %pushi/vec4 0, 0, 3;
    %store/vec4 v0x55e3266bbed0_0, 0, 3;
    %pushi/vec4 0, 0, 7;
    %store/vec4 v0x55e3266bbfc0_0, 0, 7;
    %delay 100, 0;
    %vpi_call 2 124 "$display", "ADDI: A=%h, B=%h, Y=%h (Expect 20)", v0x55e3266bbb60_0, v0x55e3266bbd30_0, v0x55e3266bbe00_0 {0 0 0};
    %pushi/vec4 4294967280, 0, 32;
    %store/vec4 v0x55e3266bbb60_0, 0, 32;
    %pushi/vec4 16, 0, 32;
    %store/vec4 v0x55e3266bbd30_0, 0, 32;
    %pushi/vec4 2, 0, 3;
    %store/vec4 v0x55e3266bbed0_0, 0, 3;
    %pushi/vec4 0, 0, 7;
    %store/vec4 v0x55e3266bbfc0_0, 0, 7;
    %delay 100, 0;
    %vpi_call 2 131 "$display", "SLTI: A=%h, B=%h, Y=%h (Expect 1)", v0x55e3266bbb60_0, v0x55e3266bbd30_0, v0x55e3266bbe00_0 {0 0 0};
    %pushi/vec4 16, 0, 32;
    %store/vec4 v0x55e3266bbb60_0, 0, 32;
    %pushi/vec4 4294967280, 0, 32;
    %store/vec4 v0x55e3266bbd30_0, 0, 32;
    %pushi/vec4 3, 0, 3;
    %store/vec4 v0x55e3266bbed0_0, 0, 3;
    %pushi/vec4 0, 0, 7;
    %store/vec4 v0x55e3266bbfc0_0, 0, 7;
    %delay 100, 0;
    %vpi_call 2 138 "$display", "SLTIU: A=%h, B=%h, Y=%h (Expect 1)", v0x55e3266bbb60_0, v0x55e3266bbd30_0, v0x55e3266bbe00_0 {0 0 0};
    %pushi/vec4 15, 0, 32;
    %store/vec4 v0x55e3266bbb60_0, 0, 32;
    %pushi/vec4 240, 0, 32;
    %store/vec4 v0x55e3266bbd30_0, 0, 32;
    %pushi/vec4 4, 0, 3;
    %store/vec4 v0x55e3266bbed0_0, 0, 3;
    %pushi/vec4 0, 0, 7;
    %store/vec4 v0x55e3266bbfc0_0, 0, 7;
    %delay 100, 0;
    %vpi_call 2 144 "$display", "XORI: A=%h, B=%h, Y=%h (Expect FFF)", v0x55e3266bbb60_0, v0x55e3266bbd30_0, v0x55e3266bbe00_0 {0 0 0};
    %vpi_call 2 147 "$display", "ALUop : %b", v0x55e3266bbc40_0 {0 0 0};
    %pushi/vec4 61680, 0, 32;
    %store/vec4 v0x55e3266bbb60_0, 0, 32;
    %pushi/vec4 15728880, 0, 32;
    %store/vec4 v0x55e3266bbd30_0, 0, 32;
    %pushi/vec4 6, 0, 3;
    %store/vec4 v0x55e3266bbed0_0, 0, 3;
    %pushi/vec4 0, 0, 7;
    %store/vec4 v0x55e3266bbfc0_0, 0, 7;
    %delay 100, 0;
    %vpi_call 2 150 "$display", "ORI: A=%h, B=%h, Y=%h (Expect F0F0F0F0)", v0x55e3266bbb60_0, v0x55e3266bbd30_0, v0x55e3266bbe00_0 {0 0 0};
    %pushi/vec4 61680, 0, 32;
    %store/vec4 v0x55e3266bbb60_0, 0, 32;
    %pushi/vec4 15728880, 0, 32;
    %store/vec4 v0x55e3266bbd30_0, 0, 32;
    %pushi/vec4 7, 0, 3;
    %store/vec4 v0x55e3266bbed0_0, 0, 3;
    %pushi/vec4 0, 0, 7;
    %store/vec4 v0x55e3266bbfc0_0, 0, 7;
    %delay 100, 0;
    %vpi_call 2 155 "$display", "ANDI: A=%h, B=%h, Y=%h (Expect 00F000F0)", v0x55e3266bbb60_0, v0x55e3266bbd30_0, v0x55e3266bbe00_0 {0 0 0};
    %pushi/vec4 16, 0, 32;
    %store/vec4 v0x55e3266bbb60_0, 0, 32;
    %pushi/vec4 16, 0, 32;
    %store/vec4 v0x55e3266bbd30_0, 0, 32;
    %pushi/vec4 0, 0, 3;
    %store/vec4 v0x55e3266bbed0_0, 0, 3;
    %pushi/vec4 32, 0, 7;
    %store/vec4 v0x55e3266bbfc0_0, 0, 7;
    %delay 100, 0;
    %vpi_call 2 160 "$display", "Zero Flag: A=%h, B=%h, Y=%h, Zero=%b (Expect Zero=1)", v0x55e3266bbb60_0, v0x55e3266bbd30_0, v0x55e3266bbe00_0, v0x55e3266bc160_0 {0 0 0};
    %delay 100, 0;
    %vpi_call 2 163 "$display", "------------------B-type \346\214\207\344\273\244-------------------" {0 0 0};
    %pushi/vec4 99, 0, 7;
    %store/vec4 v0x55e3266bc090_0, 0, 7;
    %vpi_call 2 165 "$display", "op : %b", v0x55e3266bc090_0 {0 0 0};
    %pushi/vec4 16, 0, 32;
    %store/vec4 v0x55e3266bbb60_0, 0, 32;
    %pushi/vec4 16, 0, 32;
    %store/vec4 v0x55e3266bbd30_0, 0, 32;
    %pushi/vec4 0, 0, 3;
    %store/vec4 v0x55e3266bbed0_0, 0, 3;
    %delay 100, 0;
    %vpi_call 2 169 "$display", "ALUop : %b", v0x55e3266bbc40_0 {0 0 0};
    %vpi_call 2 170 "$display", "BEQ: A=%h, B=%h, Y=%b (Expect 1)", v0x55e3266bbb60_0, v0x55e3266bbd30_0, v0x55e3266bbe00_0 {0 0 0};
    %pushi/vec4 16, 0, 32;
    %store/vec4 v0x55e3266bbb60_0, 0, 32;
    %pushi/vec4 32, 0, 32;
    %store/vec4 v0x55e3266bbd30_0, 0, 32;
    %pushi/vec4 1, 0, 3;
    %store/vec4 v0x55e3266bbed0_0, 0, 3;
    %delay 100, 0;
    %vpi_call 2 175 "$display", "BNE: A=%h, B=%h, Y=%h (Expect 1)", v0x55e3266bbb60_0, v0x55e3266bbd30_0, v0x55e3266bbe00_0 {0 0 0};
    %pushi/vec4 4294967280, 0, 32;
    %store/vec4 v0x55e3266bbb60_0, 0, 32;
    %pushi/vec4 16, 0, 32;
    %store/vec4 v0x55e3266bbd30_0, 0, 32;
    %pushi/vec4 4, 0, 3;
    %store/vec4 v0x55e3266bbed0_0, 0, 3;
    %delay 100, 0;
    %vpi_call 2 180 "$display", "BLT: A=%h, B=%h, Y=%h (Expect 1)", v0x55e3266bbb60_0, v0x55e3266bbd30_0, v0x55e3266bbe00_0 {0 0 0};
    %pushi/vec4 16, 0, 32;
    %store/vec4 v0x55e3266bbb60_0, 0, 32;
    %pushi/vec4 4294967280, 0, 32;
    %store/vec4 v0x55e3266bbd30_0, 0, 32;
    %pushi/vec4 5, 0, 3;
    %store/vec4 v0x55e3266bbed0_0, 0, 3;
    %delay 100, 0;
    %vpi_call 2 185 "$display", "BGE: A=%h, B=%h, Y=%h (Expect 1)", v0x55e3266bbb60_0, v0x55e3266bbd30_0, v0x55e3266bbe00_0 {0 0 0};
    %pushi/vec4 16, 0, 32;
    %store/vec4 v0x55e3266bbb60_0, 0, 32;
    %pushi/vec4 4294967280, 0, 32;
    %store/vec4 v0x55e3266bbd30_0, 0, 32;
    %pushi/vec4 6, 0, 3;
    %store/vec4 v0x55e3266bbed0_0, 0, 3;
    %delay 100, 0;
    %vpi_call 2 190 "$display", "BLTU: A=%h, B=%h, Y=%h (Expect 1)", v0x55e3266bbb60_0, v0x55e3266bbd30_0, v0x55e3266bbe00_0 {0 0 0};
    %pushi/vec4 4294967280, 0, 32;
    %store/vec4 v0x55e3266bbb60_0, 0, 32;
    %pushi/vec4 16, 0, 32;
    %store/vec4 v0x55e3266bbd30_0, 0, 32;
    %pushi/vec4 7, 0, 3;
    %store/vec4 v0x55e3266bbed0_0, 0, 3;
    %delay 100, 0;
    %vpi_call 2 195 "$display", "BGEU: A=%h, B=%h, Y=%h (Expect 1)", v0x55e3266bbb60_0, v0x55e3266bbd30_0, v0x55e3266bbe00_0 {0 0 0};
    %vpi_call 2 198 "$finish" {0 0 0};
    %end;
    .thread T_2;
# The file index is used to find the file name in the following table.
:file_names 5;
    "N/A";
    "<interactive>";
    "tb.v";
    "alu.v";
    "aluctr.v";
