#! /usr/bin/vvp
:ivl_version "11.0 (stable)";
:ivl_delay_selection "TYPICAL";
:vpi_time_precision - 12;
:vpi_module "/usr/lib/x86_64-linux-gnu/ivl/system.vpi";
:vpi_module "/usr/lib/x86_64-linux-gnu/ivl/vhdl_sys.vpi";
:vpi_module "/usr/lib/x86_64-linux-gnu/ivl/vhdl_textio.vpi";
:vpi_module "/usr/lib/x86_64-linux-gnu/ivl/v2005_math.vpi";
:vpi_module "/usr/lib/x86_64-linux-gnu/ivl/va_math.vpi";
S_0x55e995c20fb0 .scope module, "alu_control_tb" "alu_control_tb" 2 3;
 .timescale -9 -12;
v0x55e995c37be0_0 .net "ALUControl", 3 0, v0x55e995be6ba0_0;  1 drivers
v0x55e995c37cc0_0 .var "ALUOp", 1 0;
v0x55e995c37d90_0 .var "Funct3", 2 0;
v0x55e995c37e90_0 .var "Funct7", 6 0;
S_0x55e995c21140 .scope module, "uut" "ALUControl" 2 11, 3 1 0, S_0x55e995c20fb0;
 .timescale 0 0;
    .port_info 0 /INPUT 2 "ALUOp";
    .port_info 1 /INPUT 3 "Funct3";
    .port_info 2 /INPUT 7 "Funct7";
    .port_info 3 /OUTPUT 4 "ALUControl";
v0x55e995be6ba0_0 .var "ALUControl", 3 0;
v0x55e995c37880_0 .net "ALUOp", 1 0, v0x55e995c37cc0_0;  1 drivers
v0x55e995c37960_0 .net "Funct3", 2 0, v0x55e995c37d90_0;  1 drivers
v0x55e995c37a50_0 .net "Funct7", 6 0, v0x55e995c37e90_0;  1 drivers
E_0x55e995be58d0 .event edge, v0x55e995c37880_0, v0x55e995c37960_0, v0x55e995c37a50_0;
    .scope S_0x55e995c21140;
T_0 ;
    %wait E_0x55e995be58d0;
    %load/vec4 v0x55e995c37880_0;
    %dup/vec4;
    %pushi/vec4 0, 0, 2;
    %cmp/u;
    %jmp/1 T_0.0, 6;
    %dup/vec4;
    %pushi/vec4 1, 0, 2;
    %cmp/u;
    %jmp/1 T_0.1, 6;
    %dup/vec4;
    %pushi/vec4 2, 0, 2;
    %cmp/u;
    %jmp/1 T_0.2, 6;
    %pushi/vec4 0, 0, 4;
    %store/vec4 v0x55e995be6ba0_0, 0, 4;
    %jmp T_0.4;
T_0.0 ;
    %pushi/vec4 0, 0, 4;
    %store/vec4 v0x55e995be6ba0_0, 0, 4;
    %jmp T_0.4;
T_0.1 ;
    %pushi/vec4 1, 0, 4;
    %store/vec4 v0x55e995be6ba0_0, 0, 4;
    %jmp T_0.4;
T_0.2 ;
    %load/vec4 v0x55e995c37960_0;
    %dup/vec4;
    %pushi/vec4 0, 0, 3;
    %cmp/u;
    %jmp/1 T_0.5, 6;
    %dup/vec4;
    %pushi/vec4 1, 0, 3;
    %cmp/u;
    %jmp/1 T_0.6, 6;
    %dup/vec4;
    %pushi/vec4 2, 0, 3;
    %cmp/u;
    %jmp/1 T_0.7, 6;
    %dup/vec4;
    %pushi/vec4 3, 0, 3;
    %cmp/u;
    %jmp/1 T_0.8, 6;
    %dup/vec4;
    %pushi/vec4 4, 0, 3;
    %cmp/u;
    %jmp/1 T_0.9, 6;
    %dup/vec4;
    %pushi/vec4 5, 0, 3;
    %cmp/u;
    %jmp/1 T_0.10, 6;
    %dup/vec4;
    %pushi/vec4 6, 0, 3;
    %cmp/u;
    %jmp/1 T_0.11, 6;
    %dup/vec4;
    %pushi/vec4 7, 0, 3;
    %cmp/u;
    %jmp/1 T_0.12, 6;
    %pushi/vec4 0, 0, 4;
    %store/vec4 v0x55e995be6ba0_0, 0, 4;
    %jmp T_0.14;
T_0.5 ;
    %load/vec4 v0x55e995c37a50_0;
    %cmpi/e 32, 0, 7;
    %flag_mov 8, 4;
    %jmp/0 T_0.15, 8;
    %pushi/vec4 1, 0, 4;
    %jmp/1 T_0.16, 8;
T_0.15 ; End of true expr.
    %pushi/vec4 0, 0, 4;
    %jmp/0 T_0.16, 8;
 ; End of false expr.
    %blend;
T_0.16;
    %store/vec4 v0x55e995be6ba0_0, 0, 4;
    %jmp T_0.14;
T_0.6 ;
    %pushi/vec4 2, 0, 4;
    %store/vec4 v0x55e995be6ba0_0, 0, 4;
    %jmp T_0.14;
T_0.7 ;
    %pushi/vec4 3, 0, 4;
    %store/vec4 v0x55e995be6ba0_0, 0, 4;
    %jmp T_0.14;
T_0.8 ;
    %pushi/vec4 4, 0, 4;
    %store/vec4 v0x55e995be6ba0_0, 0, 4;
    %jmp T_0.14;
T_0.9 ;
    %pushi/vec4 5, 0, 4;
    %store/vec4 v0x55e995be6ba0_0, 0, 4;
    %jmp T_0.14;
T_0.10 ;
    %load/vec4 v0x55e995c37a50_0;
    %cmpi/e 32, 0, 7;
    %flag_mov 8, 4;
    %jmp/0 T_0.17, 8;
    %pushi/vec4 7, 0, 4;
    %jmp/1 T_0.18, 8;
T_0.17 ; End of true expr.
    %pushi/vec4 6, 0, 4;
    %jmp/0 T_0.18, 8;
 ; End of false expr.
    %blend;
T_0.18;
    %store/vec4 v0x55e995be6ba0_0, 0, 4;
    %jmp T_0.14;
T_0.11 ;
    %pushi/vec4 8, 0, 4;
    %store/vec4 v0x55e995be6ba0_0, 0, 4;
    %jmp T_0.14;
T_0.12 ;
    %pushi/vec4 9, 0, 4;
    %store/vec4 v0x55e995be6ba0_0, 0, 4;
    %jmp T_0.14;
T_0.14 ;
    %pop/vec4 1;
    %jmp T_0.4;
T_0.4 ;
    %pop/vec4 1;
    %jmp T_0;
    .thread T_0, $push;
    .scope S_0x55e995c20fb0;
T_1 ;
    %pushi/vec4 0, 0, 2;
    %store/vec4 v0x55e995c37cc0_0, 0, 2;
    %pushi/vec4 0, 0, 3;
    %store/vec4 v0x55e995c37d90_0, 0, 3;
    %pushi/vec4 0, 0, 7;
    %store/vec4 v0x55e995c37e90_0, 0, 7;
    %delay 10000, 0;
    %pushi/vec4 1, 0, 2;
    %store/vec4 v0x55e995c37cc0_0, 0, 2;
    %pushi/vec4 0, 0, 3;
    %store/vec4 v0x55e995c37d90_0, 0, 3;
    %pushi/vec4 0, 0, 7;
    %store/vec4 v0x55e995c37e90_0, 0, 7;
    %delay 10000, 0;
    %pushi/vec4 2, 0, 2;
    %store/vec4 v0x55e995c37cc0_0, 0, 2;
    %pushi/vec4 0, 0, 3;
    %store/vec4 v0x55e995c37d90_0, 0, 3;
    %pushi/vec4 0, 0, 7;
    %store/vec4 v0x55e995c37e90_0, 0, 7;
    %delay 10000, 0;
    %pushi/vec4 2, 0, 2;
    %store/vec4 v0x55e995c37cc0_0, 0, 2;
    %pushi/vec4 0, 0, 3;
    %store/vec4 v0x55e995c37d90_0, 0, 3;
    %pushi/vec4 32, 0, 7;
    %store/vec4 v0x55e995c37e90_0, 0, 7;
    %delay 10000, 0;
    %pushi/vec4 2, 0, 2;
    %store/vec4 v0x55e995c37cc0_0, 0, 2;
    %pushi/vec4 6, 0, 3;
    %store/vec4 v0x55e995c37d90_0, 0, 3;
    %pushi/vec4 0, 0, 7;
    %store/vec4 v0x55e995c37e90_0, 0, 7;
    %delay 10000, 0;
    %pushi/vec4 2, 0, 2;
    %store/vec4 v0x55e995c37cc0_0, 0, 2;
    %pushi/vec4 5, 0, 3;
    %store/vec4 v0x55e995c37d90_0, 0, 3;
    %pushi/vec4 32, 0, 7;
    %store/vec4 v0x55e995c37e90_0, 0, 7;
    %delay 10000, 0;
    %delay 10000, 0;
    %vpi_call 2 32 "$finish" {0 0 0};
    %end;
    .thread T_1;
    .scope S_0x55e995c20fb0;
T_2 ;
    %vpi_call 2 36 "$monitor", "Time=%0t | ALUOp=%b | Funct3=%b | Funct7=%b | ALUControl=%b", $time, v0x55e995c37cc0_0, v0x55e995c37d90_0, v0x55e995c37e90_0, v0x55e995c37be0_0 {0 0 0};
    %end;
    .thread T_2;
# The file index is used to find the file name in the following table.
:file_names 4;
    "N/A";
    "<interactive>";
    "aluctrtb.v";
    "aluctr.v";
