#! /usr/bin/vvp
:ivl_version "11.0 (stable)";
:ivl_delay_selection "TYPICAL";
:vpi_time_precision - 10;
:vpi_module "/usr/lib/x86_64-linux-gnu/ivl/system.vpi";
:vpi_module "/usr/lib/x86_64-linux-gnu/ivl/vhdl_sys.vpi";
:vpi_module "/usr/lib/x86_64-linux-gnu/ivl/vhdl_textio.vpi";
:vpi_module "/usr/lib/x86_64-linux-gnu/ivl/v2005_math.vpi";
:vpi_module "/usr/lib/x86_64-linux-gnu/ivl/va_math.vpi";
S_0x55794356c7a0 .scope module, "immediate_generator_tb" "immediate_generator_tb" 2 3;
 .timescale -9 -10;
v0x557943582340_0 .net "imm_out", 31 0, v0x55794356cb10_0;  1 drivers
v0x557943582430_0 .var "instr", 31 0;
S_0x55794356c930 .scope module, "uut" "ImmediateGenerator" 2 9, 3 7 0, S_0x55794356c7a0;
 .timescale 0 0;
    .port_info 0 /INPUT 32 "instr";
    .port_info 1 /OUTPUT 32 "imm_out";
v0x55794356cb10_0 .var "imm_out", 31 0;
v0x557943582140_0 .net "instr", 31 0, v0x557943582430_0;  1 drivers
v0x557943582220_0 .net "opcode", 6 0, L_0x557943582500;  1 drivers
E_0x557943568ee0 .event edge, v0x557943582220_0, v0x557943582140_0;
L_0x557943582500 .part v0x557943582430_0, 0, 7;
    .scope S_0x55794356c930;
T_0 ;
    %wait E_0x557943568ee0;
    %load/vec4 v0x557943582220_0;
    %dup/vec4;
    %pushi/vec4 19, 0, 7;
    %cmp/u;
    %jmp/1 T_0.0, 6;
    %dup/vec4;
    %pushi/vec4 3, 0, 7;
    %cmp/u;
    %jmp/1 T_0.1, 6;
    %dup/vec4;
    %pushi/vec4 103, 0, 7;
    %cmp/u;
    %jmp/1 T_0.2, 6;
    %dup/vec4;
    %pushi/vec4 35, 0, 7;
    %cmp/u;
    %jmp/1 T_0.3, 6;
    %dup/vec4;
    %pushi/vec4 99, 0, 7;
    %cmp/u;
    %jmp/1 T_0.4, 6;
    %dup/vec4;
    %pushi/vec4 55, 0, 7;
    %cmp/u;
    %jmp/1 T_0.5, 6;
    %dup/vec4;
    %pushi/vec4 23, 0, 7;
    %cmp/u;
    %jmp/1 T_0.6, 6;
    %dup/vec4;
    %pushi/vec4 111, 0, 7;
    %cmp/u;
    %jmp/1 T_0.7, 6;
    %pushi/vec4 0, 0, 32;
    %store/vec4 v0x55794356cb10_0, 0, 32;
    %jmp T_0.9;
T_0.0 ;
    %load/vec4 v0x557943582140_0;
    %parti/s 1, 31, 6;
    %replicate 20;
    %load/vec4 v0x557943582140_0;
    %parti/s 12, 20, 6;
    %concat/vec4; draw_concat_vec4
    %store/vec4 v0x55794356cb10_0, 0, 32;
    %jmp T_0.9;
T_0.1 ;
    %load/vec4 v0x557943582140_0;
    %parti/s 1, 31, 6;
    %replicate 20;
    %load/vec4 v0x557943582140_0;
    %parti/s 12, 20, 6;
    %concat/vec4; draw_concat_vec4
    %store/vec4 v0x55794356cb10_0, 0, 32;
    %jmp T_0.9;
T_0.2 ;
    %load/vec4 v0x557943582140_0;
    %parti/s 1, 31, 6;
    %replicate 20;
    %load/vec4 v0x557943582140_0;
    %parti/s 12, 20, 6;
    %concat/vec4; draw_concat_vec4
    %store/vec4 v0x55794356cb10_0, 0, 32;
    %jmp T_0.9;
T_0.3 ;
    %load/vec4 v0x557943582140_0;
    %parti/s 1, 31, 6;
    %replicate 20;
    %load/vec4 v0x557943582140_0;
    %parti/s 7, 25, 6;
    %concat/vec4; draw_concat_vec4
    %load/vec4 v0x557943582140_0;
    %parti/s 5, 7, 4;
    %concat/vec4; draw_concat_vec4
    %store/vec4 v0x55794356cb10_0, 0, 32;
    %jmp T_0.9;
T_0.4 ;
    %load/vec4 v0x557943582140_0;
    %parti/s 1, 31, 6;
    %replicate 19;
    %load/vec4 v0x557943582140_0;
    %parti/s 1, 31, 6;
    %concat/vec4; draw_concat_vec4
    %load/vec4 v0x557943582140_0;
    %parti/s 1, 7, 4;
    %concat/vec4; draw_concat_vec4
    %load/vec4 v0x557943582140_0;
    %parti/s 6, 25, 6;
    %concat/vec4; draw_concat_vec4
    %load/vec4 v0x557943582140_0;
    %parti/s 4, 8, 5;
    %concat/vec4; draw_concat_vec4
    %concati/vec4 0, 0, 1;
    %store/vec4 v0x55794356cb10_0, 0, 32;
    %jmp T_0.9;
T_0.5 ;
    %load/vec4 v0x557943582140_0;
    %parti/s 20, 12, 5;
    %concati/vec4 0, 0, 12;
    %store/vec4 v0x55794356cb10_0, 0, 32;
    %jmp T_0.9;
T_0.6 ;
    %load/vec4 v0x557943582140_0;
    %parti/s 20, 12, 5;
    %concati/vec4 0, 0, 12;
    %store/vec4 v0x55794356cb10_0, 0, 32;
    %jmp T_0.9;
T_0.7 ;
    %load/vec4 v0x557943582140_0;
    %parti/s 1, 31, 6;
    %replicate 11;
    %load/vec4 v0x557943582140_0;
    %parti/s 1, 31, 6;
    %concat/vec4; draw_concat_vec4
    %load/vec4 v0x557943582140_0;
    %parti/s 8, 12, 5;
    %concat/vec4; draw_concat_vec4
    %load/vec4 v0x557943582140_0;
    %parti/s 1, 20, 6;
    %concat/vec4; draw_concat_vec4
    %load/vec4 v0x557943582140_0;
    %parti/s 10, 21, 6;
    %concat/vec4; draw_concat_vec4
    %concati/vec4 0, 0, 1;
    %store/vec4 v0x55794356cb10_0, 0, 32;
    %jmp T_0.9;
T_0.9 ;
    %pop/vec4 1;
    %jmp T_0;
    .thread T_0, $push;
    .scope S_0x55794356c7a0;
T_1 ;
    %pushi/vec4 5308563, 0, 32;
    %store/vec4 v0x557943582430_0, 0, 32;
    %delay 100, 0;
    %pushi/vec4 1124899, 0, 32;
    %store/vec4 v0x557943582430_0, 0, 32;
    %delay 100, 0;
    %pushi/vec4 1114339, 0, 32;
    %store/vec4 v0x557943582430_0, 0, 32;
    %delay 100, 0;
    %pushi/vec4 305418423, 0, 32;
    %store/vec4 v0x557943582430_0, 0, 32;
    %delay 100, 0;
    %pushi/vec4 4194543, 0, 32;
    %store/vec4 v0x557943582430_0, 0, 32;
    %delay 100, 0;
    %delay 100, 0;
    %vpi_call 2 26 "$finish" {0 0 0};
    %end;
    .thread T_1;
    .scope S_0x55794356c7a0;
T_2 ;
    %vpi_call 2 30 "$monitor", "Time=%0t | Instr=%b | Imm_Out=%h", $time, v0x557943582430_0, v0x557943582340_0 {0 0 0};
    %end;
    .thread T_2;
# The file index is used to find the file name in the following table.
:file_names 4;
    "N/A";
    "<interactive>";
    "immtb.v";
    "imm.v";
