#! /usr/bin/vvp
:ivl_version "11.0 (stable)";
:ivl_delay_selection "TYPICAL";
:vpi_time_precision - 10;
:vpi_module "/usr/lib/x86_64-linux-gnu/ivl/system.vpi";
:vpi_module "/usr/lib/x86_64-linux-gnu/ivl/vhdl_sys.vpi";
:vpi_module "/usr/lib/x86_64-linux-gnu/ivl/vhdl_textio.vpi";
:vpi_module "/usr/lib/x86_64-linux-gnu/ivl/v2005_math.vpi";
:vpi_module "/usr/lib/x86_64-linux-gnu/ivl/va_math.vpi";
S_0x55e31671e970 .scope module, "ALU_ALUctr_tb" "ALU_ALUctr_tb" 2 27;
 .timescale -9 -10;
v0x55e3167440b0_0 .var "A", 31 0;
v0x55e316744190_0 .net "ALUop", 4 0, v0x55e316743cc0_0;  1 drivers
v0x55e316744280_0 .var "B", 31 0;
v0x55e316744350_0 .net "Y", 31 0, v0x55e316742d30_0;  1 drivers
v0x55e316744420_0 .var "funct3", 2 0;
v0x55e316744510_0 .var "funct7", 6 0;
v0x55e3167445e0_0 .var "opcode", 6 0;
v0x55e3167446b0_0 .net "zero", 0 0, L_0x55e316754aa0;  1 drivers
S_0x55e31671eb00 .scope module, "alu" "ALU" 2 45, 3 3 0, S_0x55e31671e970;
 .timescale 0 0;
    .port_info 0 /INPUT 32 "A";
    .port_info 1 /INPUT 32 "B";
    .port_info 2 /INPUT 5 "ALUop";
    .port_info 3 /OUTPUT 32 "Y";
    .port_info 4 /OUTPUT 1 "zero";
v0x55e31671ece0_0 .net "A", 31 0, v0x55e3167440b0_0;  1 drivers
v0x55e316742b90_0 .net "ALUop", 4 0, v0x55e316743cc0_0;  alias, 1 drivers
v0x55e316742c70_0 .net "B", 31 0, v0x55e316744280_0;  1 drivers
v0x55e316742d30_0 .var "Y", 31 0;
L_0x7f14ec1ca018 .functor BUFT 1, C4<00000000000000000000000000000000>, C4<0>, C4<0>, C4<0>;
v0x55e316742e10_0 .net/2u *"_ivl_2", 31 0, L_0x7f14ec1ca018;  1 drivers
v0x55e316742f40_0 .net *"_ivl_4", 0 0, L_0x55e316754900;  1 drivers
L_0x7f14ec1ca060 .functor BUFT 1, C4<1>, C4<0>, C4<0>, C4<0>;
v0x55e316743000_0 .net/2u *"_ivl_6", 0 0, L_0x7f14ec1ca060;  1 drivers
L_0x7f14ec1ca0a8 .functor BUFT 1, C4<0>, C4<0>, C4<0>, C4<0>;
v0x55e3167430e0_0 .net/2u *"_ivl_8", 0 0, L_0x7f14ec1ca0a8;  1 drivers
v0x55e3167431c0_0 .net "sub_temp", 31 0, L_0x55e316744780;  1 drivers
v0x55e3167432a0_0 .net "zero", 0 0, L_0x55e316754aa0;  alias, 1 drivers
E_0x55e3167117a0 .event edge, v0x55e316742b90_0, v0x55e31671ece0_0, v0x55e316742c70_0;
L_0x55e316744780 .arith/sub 32, v0x55e3167440b0_0, v0x55e316744280_0;
L_0x55e316754900 .cmp/eq 32, v0x55e316742d30_0, L_0x7f14ec1ca018;
L_0x55e316754aa0 .functor MUXZ 1, L_0x7f14ec1ca0a8, L_0x7f14ec1ca060, L_0x55e316754900, C4<>;
S_0x55e316743400 .scope module, "alu_ctrl" "ALUctr" 2 37, 4 41 0, S_0x55e31671e970;
 .timescale 0 0;
    .port_info 0 /INPUT 7 "opcode";
    .port_info 1 /INPUT 3 "funct3";
    .port_info 2 /INPUT 7 "funct7";
    .port_info 3 /OUTPUT 5 "ALUop";
P_0x55e3167435b0 .param/l "ALU_ADD" 1 4 49, C4<00000>;
P_0x55e3167435f0 .param/l "ALU_AND" 1 4 58, C4<01001>;
P_0x55e316743630 .param/l "ALU_OR" 1 4 57, C4<01000>;
P_0x55e316743670 .param/l "ALU_SLL" 1 4 51, C4<00010>;
P_0x55e3167436b0 .param/l "ALU_SLT" 1 4 52, C4<00011>;
P_0x55e3167436f0 .param/l "ALU_SLTU" 1 4 53, C4<00100>;
P_0x55e316743730 .param/l "ALU_SRA" 1 4 56, C4<00111>;
P_0x55e316743770 .param/l "ALU_SRL" 1 4 55, C4<00110>;
P_0x55e3167437b0 .param/l "ALU_SUB" 1 4 50, C4<00001>;
P_0x55e3167437f0 .param/l "ALU_XOR" 1 4 54, C4<00101>;
v0x55e316743cc0_0 .var "ALUop", 4 0;
v0x55e316743da0_0 .net "funct3", 2 0, v0x55e316744420_0;  1 drivers
v0x55e316743e60_0 .net "funct7", 6 0, v0x55e316744510_0;  1 drivers
v0x55e316743f20_0 .net "opcode", 6 0, v0x55e3167445e0_0;  1 drivers
E_0x55e316711450 .event edge, v0x55e316743f20_0, v0x55e316743da0_0, v0x55e316743e60_0;
    .scope S_0x55e316743400;
T_0 ;
    %wait E_0x55e316711450;
    %load/vec4 v0x55e316743f20_0;
    %dup/vec4;
    %pushi/vec4 51, 0, 7;
    %cmp/u;
    %jmp/1 T_0.0, 6;
    %dup/vec4;
    %pushi/vec4 19, 0, 7;
    %cmp/u;
    %jmp/1 T_0.1, 6;
    %pushi/vec4 0, 0, 5;
    %store/vec4 v0x55e316743cc0_0, 0, 5;
    %jmp T_0.3;
T_0.0 ;
    %load/vec4 v0x55e316743da0_0;
    %dup/vec4;
    %pushi/vec4 0, 0, 3;
    %cmp/u;
    %jmp/1 T_0.4, 6;
    %dup/vec4;
    %pushi/vec4 1, 0, 3;
    %cmp/u;
    %jmp/1 T_0.5, 6;
    %dup/vec4;
    %pushi/vec4 2, 0, 3;
    %cmp/u;
    %jmp/1 T_0.6, 6;
    %dup/vec4;
    %pushi/vec4 3, 0, 3;
    %cmp/u;
    %jmp/1 T_0.7, 6;
    %dup/vec4;
    %pushi/vec4 4, 0, 3;
    %cmp/u;
    %jmp/1 T_0.8, 6;
    %dup/vec4;
    %pushi/vec4 5, 0, 3;
    %cmp/u;
    %jmp/1 T_0.9, 6;
    %dup/vec4;
    %pushi/vec4 6, 0, 3;
    %cmp/u;
    %jmp/1 T_0.10, 6;
    %dup/vec4;
    %pushi/vec4 7, 0, 3;
    %cmp/u;
    %jmp/1 T_0.11, 6;
    %pushi/vec4 0, 0, 5;
    %store/vec4 v0x55e316743cc0_0, 0, 5;
    %jmp T_0.13;
T_0.4 ;
    %load/vec4 v0x55e316743e60_0;
    %parti/s 1, 5, 4;
    %cmpi/e 1, 0, 1;
    %flag_mov 8, 4;
    %jmp/0 T_0.14, 8;
    %pushi/vec4 1, 0, 5;
    %jmp/1 T_0.15, 8;
T_0.14 ; End of true expr.
    %pushi/vec4 0, 0, 5;
    %jmp/0 T_0.15, 8;
 ; End of false expr.
    %blend;
T_0.15;
    %store/vec4 v0x55e316743cc0_0, 0, 5;
    %jmp T_0.13;
T_0.5 ;
    %pushi/vec4 2, 0, 5;
    %store/vec4 v0x55e316743cc0_0, 0, 5;
    %jmp T_0.13;
T_0.6 ;
    %pushi/vec4 3, 0, 5;
    %store/vec4 v0x55e316743cc0_0, 0, 5;
    %jmp T_0.13;
T_0.7 ;
    %pushi/vec4 4, 0, 5;
    %store/vec4 v0x55e316743cc0_0, 0, 5;
    %jmp T_0.13;
T_0.8 ;
    %pushi/vec4 5, 0, 5;
    %store/vec4 v0x55e316743cc0_0, 0, 5;
    %jmp T_0.13;
T_0.9 ;
    %load/vec4 v0x55e316743e60_0;
    %parti/s 1, 5, 4;
    %cmpi/e 1, 0, 1;
    %flag_mov 8, 4;
    %jmp/0 T_0.16, 8;
    %pushi/vec4 7, 0, 5;
    %jmp/1 T_0.17, 8;
T_0.16 ; End of true expr.
    %pushi/vec4 6, 0, 5;
    %jmp/0 T_0.17, 8;
 ; End of false expr.
    %blend;
T_0.17;
    %store/vec4 v0x55e316743cc0_0, 0, 5;
    %jmp T_0.13;
T_0.10 ;
    %pushi/vec4 8, 0, 5;
    %store/vec4 v0x55e316743cc0_0, 0, 5;
    %jmp T_0.13;
T_0.11 ;
    %pushi/vec4 9, 0, 5;
    %store/vec4 v0x55e316743cc0_0, 0, 5;
    %jmp T_0.13;
T_0.13 ;
    %pop/vec4 1;
    %jmp T_0.3;
T_0.1 ;
    %load/vec4 v0x55e316743da0_0;
    %dup/vec4;
    %pushi/vec4 0, 0, 3;
    %cmp/u;
    %jmp/1 T_0.18, 6;
    %dup/vec4;
    %pushi/vec4 2, 0, 3;
    %cmp/u;
    %jmp/1 T_0.19, 6;
    %dup/vec4;
    %pushi/vec4 3, 0, 3;
    %cmp/u;
    %jmp/1 T_0.20, 6;
    %dup/vec4;
    %pushi/vec4 4, 0, 3;
    %cmp/u;
    %jmp/1 T_0.21, 6;
    %dup/vec4;
    %pushi/vec4 6, 0, 3;
    %cmp/u;
    %jmp/1 T_0.22, 6;
    %dup/vec4;
    %pushi/vec4 7, 0, 3;
    %cmp/u;
    %jmp/1 T_0.23, 6;
    %dup/vec4;
    %pushi/vec4 1, 0, 3;
    %cmp/u;
    %jmp/1 T_0.24, 6;
    %dup/vec4;
    %pushi/vec4 5, 0, 3;
    %cmp/u;
    %jmp/1 T_0.25, 6;
    %pushi/vec4 0, 0, 5;
    %store/vec4 v0x55e316743cc0_0, 0, 5;
    %jmp T_0.27;
T_0.18 ;
    %pushi/vec4 0, 0, 5;
    %store/vec4 v0x55e316743cc0_0, 0, 5;
    %jmp T_0.27;
T_0.19 ;
    %pushi/vec4 3, 0, 5;
    %store/vec4 v0x55e316743cc0_0, 0, 5;
    %jmp T_0.27;
T_0.20 ;
    %pushi/vec4 4, 0, 5;
    %store/vec4 v0x55e316743cc0_0, 0, 5;
    %jmp T_0.27;
T_0.21 ;
    %pushi/vec4 5, 0, 5;
    %store/vec4 v0x55e316743cc0_0, 0, 5;
    %jmp T_0.27;
T_0.22 ;
    %pushi/vec4 8, 0, 5;
    %store/vec4 v0x55e316743cc0_0, 0, 5;
    %jmp T_0.27;
T_0.23 ;
    %pushi/vec4 9, 0, 5;
    %store/vec4 v0x55e316743cc0_0, 0, 5;
    %jmp T_0.27;
T_0.24 ;
    %pushi/vec4 2, 0, 5;
    %store/vec4 v0x55e316743cc0_0, 0, 5;
    %jmp T_0.27;
T_0.25 ;
    %load/vec4 v0x55e316743e60_0;
    %parti/s 1, 5, 4;
    %cmpi/e 1, 0, 1;
    %flag_mov 8, 4;
    %jmp/0 T_0.28, 8;
    %pushi/vec4 7, 0, 5;
    %jmp/1 T_0.29, 8;
T_0.28 ; End of true expr.
    %pushi/vec4 6, 0, 5;
    %jmp/0 T_0.29, 8;
 ; End of false expr.
    %blend;
T_0.29;
    %store/vec4 v0x55e316743cc0_0, 0, 5;
    %jmp T_0.27;
T_0.27 ;
    %pop/vec4 1;
    %jmp T_0.3;
T_0.3 ;
    %pop/vec4 1;
    %jmp T_0;
    .thread T_0, $push;
    .scope S_0x55e31671eb00;
T_1 ;
    %wait E_0x55e3167117a0;
    %load/vec4 v0x55e316742b90_0;
    %dup/vec4;
    %pushi/vec4 0, 0, 5;
    %cmp/u;
    %jmp/1 T_1.0, 6;
    %dup/vec4;
    %pushi/vec4 1, 0, 5;
    %cmp/u;
    %jmp/1 T_1.1, 6;
    %dup/vec4;
    %pushi/vec4 2, 0, 5;
    %cmp/u;
    %jmp/1 T_1.2, 6;
    %dup/vec4;
    %pushi/vec4 3, 0, 5;
    %cmp/u;
    %jmp/1 T_1.3, 6;
    %dup/vec4;
    %pushi/vec4 4, 0, 5;
    %cmp/u;
    %jmp/1 T_1.4, 6;
    %dup/vec4;
    %pushi/vec4 5, 0, 5;
    %cmp/u;
    %jmp/1 T_1.5, 6;
    %dup/vec4;
    %pushi/vec4 6, 0, 5;
    %cmp/u;
    %jmp/1 T_1.6, 6;
    %dup/vec4;
    %pushi/vec4 7, 0, 5;
    %cmp/u;
    %jmp/1 T_1.7, 6;
    %dup/vec4;
    %pushi/vec4 8, 0, 5;
    %cmp/u;
    %jmp/1 T_1.8, 6;
    %dup/vec4;
    %pushi/vec4 9, 0, 5;
    %cmp/u;
    %jmp/1 T_1.9, 6;
    %dup/vec4;
    %pushi/vec4 10, 0, 5;
    %cmp/u;
    %jmp/1 T_1.11, 6;
    %dup/vec4;
    %pushi/vec4 11, 0, 5;
    %cmp/u;
    %jmp/1 T_1.12, 6;
    %dup/vec4;
    %pushi/vec4 12, 0, 5;
    %cmp/u;
    %jmp/1 T_1.13, 6;
    %dup/vec4;
    %pushi/vec4 13, 0, 5;
    %cmp/u;
    %jmp/1 T_1.14, 6;
    %dup/vec4;
    %pushi/vec4 14, 0, 5;
    %cmp/u;
    %jmp/1 T_1.15, 6;
    %dup/vec4;
    %pushi/vec4 15, 0, 5;
    %cmp/u;
    %jmp/1 T_1.16, 6;
    %pushi/vec4 0, 0, 32;
    %store/vec4 v0x55e316742d30_0, 0, 32;
    %jmp T_1.17;
T_1.0 ;
    %load/vec4 v0x55e31671ece0_0;
    %load/vec4 v0x55e316742c70_0;
    %add;
    %store/vec4 v0x55e316742d30_0, 0, 32;
    %jmp T_1.17;
T_1.1 ;
    %load/vec4 v0x55e31671ece0_0;
    %load/vec4 v0x55e316742c70_0;
    %sub;
    %store/vec4 v0x55e316742d30_0, 0, 32;
    %jmp T_1.17;
T_1.2 ;
    %load/vec4 v0x55e31671ece0_0;
    %load/vec4 v0x55e316742c70_0;
    %parti/s 5, 0, 2;
    %ix/vec4 4;
    %shiftl 4;
    %store/vec4 v0x55e316742d30_0, 0, 32;
    %jmp T_1.17;
T_1.3 ;
    %load/vec4 v0x55e31671ece0_0;
    %load/vec4 v0x55e316742c70_0;
    %cmp/s;
    %flag_mov 8, 5;
    %jmp/0 T_1.18, 8;
    %pushi/vec4 1, 0, 32;
    %jmp/1 T_1.19, 8;
T_1.18 ; End of true expr.
    %pushi/vec4 0, 0, 32;
    %jmp/0 T_1.19, 8;
 ; End of false expr.
    %blend;
T_1.19;
    %store/vec4 v0x55e316742d30_0, 0, 32;
    %jmp T_1.17;
T_1.4 ;
    %load/vec4 v0x55e31671ece0_0;
    %load/vec4 v0x55e316742c70_0;
    %cmp/u;
    %flag_mov 8, 5;
    %jmp/0 T_1.20, 8;
    %pushi/vec4 1, 0, 32;
    %jmp/1 T_1.21, 8;
T_1.20 ; End of true expr.
    %pushi/vec4 0, 0, 32;
    %jmp/0 T_1.21, 8;
 ; End of false expr.
    %blend;
T_1.21;
    %store/vec4 v0x55e316742d30_0, 0, 32;
    %jmp T_1.17;
T_1.5 ;
    %load/vec4 v0x55e31671ece0_0;
    %load/vec4 v0x55e316742c70_0;
    %xor;
    %store/vec4 v0x55e316742d30_0, 0, 32;
    %jmp T_1.17;
T_1.6 ;
    %load/vec4 v0x55e31671ece0_0;
    %load/vec4 v0x55e316742c70_0;
    %parti/s 5, 0, 2;
    %ix/vec4 4;
    %shiftr 4;
    %store/vec4 v0x55e316742d30_0, 0, 32;
    %jmp T_1.17;
T_1.7 ;
    %load/vec4 v0x55e31671ece0_0;
    %ix/getv 4, v0x55e316742c70_0;
    %shiftr/s 4;
    %store/vec4 v0x55e316742d30_0, 0, 32;
    %jmp T_1.17;
T_1.8 ;
    %load/vec4 v0x55e31671ece0_0;
    %load/vec4 v0x55e316742c70_0;
    %or;
    %store/vec4 v0x55e316742d30_0, 0, 32;
    %jmp T_1.17;
T_1.9 ;
    %load/vec4 v0x55e31671ece0_0;
    %load/vec4 v0x55e316742c70_0;
    %and;
    %store/vec4 v0x55e316742d30_0, 0, 32;
    %jmp T_1.17;
T_1.11 ;
    %load/vec4 v0x55e31671ece0_0;
    %load/vec4 v0x55e316742c70_0;
    %sub;
    %cmpi/ne 0, 0, 32;
    %flag_mov 8, 4;
    %jmp/0 T_1.22, 8;
    %pushi/vec4 1, 0, 32;
    %jmp/1 T_1.23, 8;
T_1.22 ; End of true expr.
    %pushi/vec4 0, 0, 32;
    %jmp/0 T_1.23, 8;
 ; End of false expr.
    %blend;
T_1.23;
    %store/vec4 v0x55e316742d30_0, 0, 32;
    %jmp T_1.17;
T_1.12 ;
    %load/vec4 v0x55e31671ece0_0;
    %load/vec4 v0x55e316742c70_0;
    %cmp/ne;
    %flag_mov 8, 4;
    %jmp/0 T_1.24, 8;
    %pushi/vec4 1, 0, 32;
    %jmp/1 T_1.25, 8;
T_1.24 ; End of true expr.
    %pushi/vec4 0, 0, 32;
    %jmp/0 T_1.25, 8;
 ; End of false expr.
    %blend;
T_1.25;
    %store/vec4 v0x55e316742d30_0, 0, 32;
    %jmp T_1.17;
T_1.13 ;
    %load/vec4 v0x55e31671ece0_0;
    %load/vec4 v0x55e316742c70_0;
    %cmp/s;
    %flag_mov 8, 5;
    %jmp/0 T_1.26, 8;
    %pushi/vec4 1, 0, 32;
    %jmp/1 T_1.27, 8;
T_1.26 ; End of true expr.
    %pushi/vec4 0, 0, 32;
    %jmp/0 T_1.27, 8;
 ; End of false expr.
    %blend;
T_1.27;
    %store/vec4 v0x55e316742d30_0, 0, 32;
    %jmp T_1.17;
T_1.14 ;
    %load/vec4 v0x55e316742c70_0;
    %load/vec4 v0x55e31671ece0_0;
    %cmp/s;
    %flag_or 5, 4;
    %flag_mov 8, 5;
    %jmp/0 T_1.28, 8;
    %pushi/vec4 1, 0, 32;
    %jmp/1 T_1.29, 8;
T_1.28 ; End of true expr.
    %pushi/vec4 0, 0, 32;
    %jmp/0 T_1.29, 8;
 ; End of false expr.
    %blend;
T_1.29;
    %store/vec4 v0x55e316742d30_0, 0, 32;
    %jmp T_1.17;
T_1.15 ;
    %load/vec4 v0x55e31671ece0_0;
    %load/vec4 v0x55e316742c70_0;
    %cmp/u;
    %flag_mov 8, 5;
    %jmp/0 T_1.30, 8;
    %pushi/vec4 1, 0, 32;
    %jmp/1 T_1.31, 8;
T_1.30 ; End of true expr.
    %pushi/vec4 0, 0, 32;
    %jmp/0 T_1.31, 8;
 ; End of false expr.
    %blend;
T_1.31;
    %store/vec4 v0x55e316742d30_0, 0, 32;
    %jmp T_1.17;
T_1.16 ;
    %load/vec4 v0x55e316742c70_0;
    %load/vec4 v0x55e31671ece0_0;
    %cmp/u;
    %flag_or 5, 4;
    %flag_mov 8, 5;
    %jmp/0 T_1.32, 8;
    %pushi/vec4 1, 0, 32;
    %jmp/1 T_1.33, 8;
T_1.32 ; End of true expr.
    %pushi/vec4 0, 0, 32;
    %jmp/0 T_1.33, 8;
 ; End of false expr.
    %blend;
T_1.33;
    %store/vec4 v0x55e316742d30_0, 0, 32;
    %jmp T_1.17;
T_1.17 ;
    %pop/vec4 1;
    %jmp T_1;
    .thread T_1, $push;
    .scope S_0x55e31671e970;
T_2 ;
    %vpi_call 2 55 "$display", "ALU+aluctr : Testbench" {0 0 0};
    %vpi_call 2 56 "$dumpfile", "ALU_ALUctr_tb.vcd" {0 0 0};
    %vpi_call 2 57 "$dumpvars", 32'sb00000000000000000000000000000000, S_0x55e31671e970 {0 0 0};
    %vpi_call 2 161 "$display", "------------------B-type \346\214\207\344\273\244-------------------" {0 0 0};
    %pushi/vec4 99, 0, 7;
    %store/vec4 v0x55e3167445e0_0, 0, 7;
    %vpi_call 2 163 "$display", "op : %b", v0x55e3167445e0_0 {0 0 0};
    %pushi/vec4 16, 0, 32;
    %store/vec4 v0x55e3167440b0_0, 0, 32;
    %pushi/vec4 16, 0, 32;
    %store/vec4 v0x55e316744280_0, 0, 32;
    %pushi/vec4 0, 0, 3;
    %store/vec4 v0x55e316744420_0, 0, 3;
    %delay 100, 0;
    %vpi_call 2 167 "$display", "BEQ: A=%h, B=%h, Y=%b (Expect 1)", v0x55e3167440b0_0, v0x55e316744280_0, v0x55e316744350_0 {0 0 0};
    %pushi/vec4 16, 0, 32;
    %store/vec4 v0x55e3167440b0_0, 0, 32;
    %pushi/vec4 32, 0, 32;
    %store/vec4 v0x55e316744280_0, 0, 32;
    %pushi/vec4 1, 0, 3;
    %store/vec4 v0x55e316744420_0, 0, 3;
    %delay 100, 0;
    %vpi_call 2 172 "$display", "BNE: A=%h, B=%h, Y=%h (Expect 1)", v0x55e3167440b0_0, v0x55e316744280_0, v0x55e316744350_0 {0 0 0};
    %pushi/vec4 4294967280, 0, 32;
    %store/vec4 v0x55e3167440b0_0, 0, 32;
    %pushi/vec4 16, 0, 32;
    %store/vec4 v0x55e316744280_0, 0, 32;
    %pushi/vec4 4, 0, 3;
    %store/vec4 v0x55e316744420_0, 0, 3;
    %delay 100, 0;
    %vpi_call 2 177 "$display", "BLT: A=%h, B=%h, Y=%h (Expect 1)", v0x55e3167440b0_0, v0x55e316744280_0, v0x55e316744350_0 {0 0 0};
    %pushi/vec4 16, 0, 32;
    %store/vec4 v0x55e3167440b0_0, 0, 32;
    %pushi/vec4 4294967280, 0, 32;
    %store/vec4 v0x55e316744280_0, 0, 32;
    %pushi/vec4 5, 0, 3;
    %store/vec4 v0x55e316744420_0, 0, 3;
    %delay 100, 0;
    %vpi_call 2 182 "$display", "BGE: A=%h, B=%h, Y=%h (Expect 1)", v0x55e3167440b0_0, v0x55e316744280_0, v0x55e316744350_0 {0 0 0};
    %pushi/vec4 16, 0, 32;
    %store/vec4 v0x55e3167440b0_0, 0, 32;
    %pushi/vec4 4294967280, 0, 32;
    %store/vec4 v0x55e316744280_0, 0, 32;
    %pushi/vec4 6, 0, 3;
    %store/vec4 v0x55e316744420_0, 0, 3;
    %delay 100, 0;
    %vpi_call 2 187 "$display", "BLTU: A=%h, B=%h, Y=%h (Expect 1)", v0x55e3167440b0_0, v0x55e316744280_0, v0x55e316744350_0 {0 0 0};
    %pushi/vec4 4294967280, 0, 32;
    %store/vec4 v0x55e3167440b0_0, 0, 32;
    %pushi/vec4 16, 0, 32;
    %store/vec4 v0x55e316744280_0, 0, 32;
    %pushi/vec4 7, 0, 3;
    %store/vec4 v0x55e316744420_0, 0, 3;
    %delay 100, 0;
    %vpi_call 2 192 "$display", "BGEU: A=%h, B=%h, Y=%h (Expect 1)", v0x55e3167440b0_0, v0x55e316744280_0, v0x55e316744350_0 {0 0 0};
    %vpi_call 2 195 "$finish" {0 0 0};
    %end;
    .thread T_2;
# The file index is used to find the file name in the following table.
:file_names 5;
    "N/A";
    "<interactive>";
    "tb.v";
    "alu.v";
    "aluctr.v";
