#! /usr/bin/vvp
:ivl_version "11.0 (stable)";
:ivl_delay_selection "TYPICAL";
:vpi_time_precision - 12;
:vpi_module "/usr/lib/x86_64-linux-gnu/ivl/system.vpi";
:vpi_module "/usr/lib/x86_64-linux-gnu/ivl/vhdl_sys.vpi";
:vpi_module "/usr/lib/x86_64-linux-gnu/ivl/vhdl_textio.vpi";
:vpi_module "/usr/lib/x86_64-linux-gnu/ivl/v2005_math.vpi";
:vpi_module "/usr/lib/x86_64-linux-gnu/ivl/va_math.vpi";
S_0x55dbcfc101e0 .scope module, "control_unit_tb" "control_unit_tb" 2 3;
 .timescale -9 -12;
v0x55dbcfc2b260_0 .net "ALUOp", 1 0, v0x55dbcfbd07b0_0;  1 drivers
v0x55dbcfc2b340_0 .net "ALUSrc", 0 0, v0x55dbcfbd0ba0_0;  1 drivers
v0x55dbcfc2b410_0 .net "Branch", 0 0, v0x55dbcfc2ac40_0;  1 drivers
v0x55dbcfc2b510_0 .net "MemRead", 0 0, v0x55dbcfc2ace0_0;  1 drivers
v0x55dbcfc2b5e0_0 .net "MemToReg", 0 0, v0x55dbcfc2ada0_0;  1 drivers
v0x55dbcfc2b680_0 .net "MemWrite", 0 0, v0x55dbcfc2aeb0_0;  1 drivers
v0x55dbcfc2b750_0 .net "RegWrite", 0 0, v0x55dbcfc2af70_0;  1 drivers
v0x55dbcfc2b820_0 .var "opcode", 6 0;
S_0x55dbcfc10370 .scope module, "uut" "ControlUnit" 2 10, 3 1 0, S_0x55dbcfc101e0;
 .timescale 0 0;
    .port_info 0 /INPUT 7 "opcode";
    .port_info 1 /OUTPUT 1 "RegWrite";
    .port_info 2 /OUTPUT 1 "ALUSrc";
    .port_info 3 /OUTPUT 1 "MemRead";
    .port_info 4 /OUTPUT 1 "MemWrite";
    .port_info 5 /OUTPUT 1 "Branch";
    .port_info 6 /OUTPUT 1 "MemToReg";
    .port_info 7 /OUTPUT 2 "ALUOp";
v0x55dbcfbd07b0_0 .var "ALUOp", 1 0;
v0x55dbcfbd0ba0_0 .var "ALUSrc", 0 0;
v0x55dbcfc2ac40_0 .var "Branch", 0 0;
v0x55dbcfc2ace0_0 .var "MemRead", 0 0;
v0x55dbcfc2ada0_0 .var "MemToReg", 0 0;
v0x55dbcfc2aeb0_0 .var "MemWrite", 0 0;
v0x55dbcfc2af70_0 .var "RegWrite", 0 0;
v0x55dbcfc2b030_0 .net "opcode", 6 0, v0x55dbcfc2b820_0;  1 drivers
E_0x55dbcfbcf720 .event edge, v0x55dbcfc2b030_0;
    .scope S_0x55dbcfc10370;
T_0 ;
    %wait E_0x55dbcfbcf720;
    %load/vec4 v0x55dbcfc2b030_0;
    %dup/vec4;
    %pushi/vec4 51, 0, 7;
    %cmp/u;
    %jmp/1 T_0.0, 6;
    %dup/vec4;
    %pushi/vec4 19, 0, 7;
    %cmp/u;
    %jmp/1 T_0.1, 6;
    %dup/vec4;
    %pushi/vec4 3, 0, 7;
    %cmp/u;
    %jmp/1 T_0.2, 6;
    %dup/vec4;
    %pushi/vec4 35, 0, 7;
    %cmp/u;
    %jmp/1 T_0.3, 6;
    %dup/vec4;
    %pushi/vec4 99, 0, 7;
    %cmp/u;
    %jmp/1 T_0.4, 6;
    %dup/vec4;
    %pushi/vec4 55, 0, 7;
    %cmp/u;
    %jmp/1 T_0.5, 6;
    %dup/vec4;
    %pushi/vec4 23, 0, 7;
    %cmp/u;
    %jmp/1 T_0.6, 6;
    %dup/vec4;
    %pushi/vec4 111, 0, 7;
    %cmp/u;
    %jmp/1 T_0.7, 6;
    %dup/vec4;
    %pushi/vec4 103, 0, 7;
    %cmp/u;
    %jmp/1 T_0.8, 6;
    %pushi/vec4 0, 0, 1;
    %store/vec4 v0x55dbcfc2af70_0, 0, 1;
    %pushi/vec4 0, 0, 1;
    %store/vec4 v0x55dbcfbd0ba0_0, 0, 1;
    %pushi/vec4 0, 0, 1;
    %store/vec4 v0x55dbcfc2ace0_0, 0, 1;
    %pushi/vec4 0, 0, 1;
    %store/vec4 v0x55dbcfc2aeb0_0, 0, 1;
    %pushi/vec4 0, 0, 1;
    %store/vec4 v0x55dbcfc2ac40_0, 0, 1;
    %pushi/vec4 0, 0, 1;
    %store/vec4 v0x55dbcfc2ada0_0, 0, 1;
    %pushi/vec4 0, 0, 2;
    %store/vec4 v0x55dbcfbd07b0_0, 0, 2;
    %jmp T_0.10;
T_0.0 ;
    %pushi/vec4 1, 0, 1;
    %store/vec4 v0x55dbcfc2af70_0, 0, 1;
    %pushi/vec4 0, 0, 1;
    %store/vec4 v0x55dbcfbd0ba0_0, 0, 1;
    %pushi/vec4 0, 0, 1;
    %store/vec4 v0x55dbcfc2ace0_0, 0, 1;
    %pushi/vec4 0, 0, 1;
    %store/vec4 v0x55dbcfc2aeb0_0, 0, 1;
    %pushi/vec4 0, 0, 1;
    %store/vec4 v0x55dbcfc2ac40_0, 0, 1;
    %pushi/vec4 0, 0, 1;
    %store/vec4 v0x55dbcfc2ada0_0, 0, 1;
    %pushi/vec4 2, 0, 2;
    %store/vec4 v0x55dbcfbd07b0_0, 0, 2;
    %jmp T_0.10;
T_0.1 ;
    %pushi/vec4 1, 0, 1;
    %store/vec4 v0x55dbcfc2af70_0, 0, 1;
    %pushi/vec4 1, 0, 1;
    %store/vec4 v0x55dbcfbd0ba0_0, 0, 1;
    %load/vec4 v0x55dbcfc2b030_0;
    %pushi/vec4 3, 0, 7;
    %cmp/e;
    %flag_get/vec4 4;
    %store/vec4 v0x55dbcfc2ace0_0, 0, 1;
    %pushi/vec4 0, 0, 1;
    %store/vec4 v0x55dbcfc2aeb0_0, 0, 1;
    %pushi/vec4 0, 0, 1;
    %store/vec4 v0x55dbcfc2ac40_0, 0, 1;
    %load/vec4 v0x55dbcfc2b030_0;
    %pushi/vec4 3, 0, 7;
    %cmp/e;
    %flag_get/vec4 4;
    %store/vec4 v0x55dbcfc2ada0_0, 0, 1;
    %pushi/vec4 0, 0, 2;
    %store/vec4 v0x55dbcfbd07b0_0, 0, 2;
    %jmp T_0.10;
T_0.2 ;
    %pushi/vec4 1, 0, 1;
    %store/vec4 v0x55dbcfc2af70_0, 0, 1;
    %pushi/vec4 1, 0, 1;
    %store/vec4 v0x55dbcfbd0ba0_0, 0, 1;
    %load/vec4 v0x55dbcfc2b030_0;
    %pushi/vec4 3, 0, 7;
    %cmp/e;
    %flag_get/vec4 4;
    %store/vec4 v0x55dbcfc2ace0_0, 0, 1;
    %pushi/vec4 0, 0, 1;
    %store/vec4 v0x55dbcfc2aeb0_0, 0, 1;
    %pushi/vec4 0, 0, 1;
    %store/vec4 v0x55dbcfc2ac40_0, 0, 1;
    %load/vec4 v0x55dbcfc2b030_0;
    %pushi/vec4 3, 0, 7;
    %cmp/e;
    %flag_get/vec4 4;
    %store/vec4 v0x55dbcfc2ada0_0, 0, 1;
    %pushi/vec4 0, 0, 2;
    %store/vec4 v0x55dbcfbd07b0_0, 0, 2;
    %jmp T_0.10;
T_0.3 ;
    %pushi/vec4 0, 0, 1;
    %store/vec4 v0x55dbcfc2af70_0, 0, 1;
    %pushi/vec4 1, 0, 1;
    %store/vec4 v0x55dbcfbd0ba0_0, 0, 1;
    %pushi/vec4 0, 0, 1;
    %store/vec4 v0x55dbcfc2ace0_0, 0, 1;
    %pushi/vec4 1, 0, 1;
    %store/vec4 v0x55dbcfc2aeb0_0, 0, 1;
    %pushi/vec4 0, 0, 1;
    %store/vec4 v0x55dbcfc2ac40_0, 0, 1;
    %pushi/vec4 0, 0, 1;
    %store/vec4 v0x55dbcfc2ada0_0, 0, 1;
    %pushi/vec4 0, 0, 2;
    %store/vec4 v0x55dbcfbd07b0_0, 0, 2;
    %jmp T_0.10;
T_0.4 ;
    %pushi/vec4 0, 0, 1;
    %store/vec4 v0x55dbcfc2af70_0, 0, 1;
    %pushi/vec4 0, 0, 1;
    %store/vec4 v0x55dbcfbd0ba0_0, 0, 1;
    %pushi/vec4 0, 0, 1;
    %store/vec4 v0x55dbcfc2ace0_0, 0, 1;
    %pushi/vec4 0, 0, 1;
    %store/vec4 v0x55dbcfc2aeb0_0, 0, 1;
    %pushi/vec4 1, 0, 1;
    %store/vec4 v0x55dbcfc2ac40_0, 0, 1;
    %pushi/vec4 0, 0, 1;
    %store/vec4 v0x55dbcfc2ada0_0, 0, 1;
    %pushi/vec4 1, 0, 2;
    %store/vec4 v0x55dbcfbd07b0_0, 0, 2;
    %jmp T_0.10;
T_0.5 ;
    %pushi/vec4 1, 0, 1;
    %store/vec4 v0x55dbcfc2af70_0, 0, 1;
    %pushi/vec4 1, 0, 1;
    %store/vec4 v0x55dbcfbd0ba0_0, 0, 1;
    %pushi/vec4 0, 0, 1;
    %store/vec4 v0x55dbcfc2ace0_0, 0, 1;
    %pushi/vec4 0, 0, 1;
    %store/vec4 v0x55dbcfc2aeb0_0, 0, 1;
    %pushi/vec4 0, 0, 1;
    %store/vec4 v0x55dbcfc2ac40_0, 0, 1;
    %pushi/vec4 0, 0, 1;
    %store/vec4 v0x55dbcfc2ada0_0, 0, 1;
    %pushi/vec4 3, 0, 2;
    %store/vec4 v0x55dbcfbd07b0_0, 0, 2;
    %jmp T_0.10;
T_0.6 ;
    %pushi/vec4 1, 0, 1;
    %store/vec4 v0x55dbcfc2af70_0, 0, 1;
    %pushi/vec4 1, 0, 1;
    %store/vec4 v0x55dbcfbd0ba0_0, 0, 1;
    %pushi/vec4 0, 0, 1;
    %store/vec4 v0x55dbcfc2ace0_0, 0, 1;
    %pushi/vec4 0, 0, 1;
    %store/vec4 v0x55dbcfc2aeb0_0, 0, 1;
    %pushi/vec4 0, 0, 1;
    %store/vec4 v0x55dbcfc2ac40_0, 0, 1;
    %pushi/vec4 0, 0, 1;
    %store/vec4 v0x55dbcfc2ada0_0, 0, 1;
    %pushi/vec4 3, 0, 2;
    %store/vec4 v0x55dbcfbd07b0_0, 0, 2;
    %jmp T_0.10;
T_0.7 ;
    %pushi/vec4 1, 0, 1;
    %store/vec4 v0x55dbcfc2af70_0, 0, 1;
    %pushi/vec4 1, 0, 1;
    %store/vec4 v0x55dbcfbd0ba0_0, 0, 1;
    %pushi/vec4 0, 0, 1;
    %store/vec4 v0x55dbcfc2ace0_0, 0, 1;
    %pushi/vec4 0, 0, 1;
    %store/vec4 v0x55dbcfc2aeb0_0, 0, 1;
    %pushi/vec4 0, 0, 1;
    %store/vec4 v0x55dbcfc2ac40_0, 0, 1;
    %pushi/vec4 0, 0, 1;
    %store/vec4 v0x55dbcfc2ada0_0, 0, 1;
    %pushi/vec4 0, 0, 2;
    %store/vec4 v0x55dbcfbd07b0_0, 0, 2;
    %jmp T_0.10;
T_0.8 ;
    %pushi/vec4 1, 0, 1;
    %store/vec4 v0x55dbcfc2af70_0, 0, 1;
    %pushi/vec4 1, 0, 1;
    %store/vec4 v0x55dbcfbd0ba0_0, 0, 1;
    %pushi/vec4 0, 0, 1;
    %store/vec4 v0x55dbcfc2ace0_0, 0, 1;
    %pushi/vec4 0, 0, 1;
    %store/vec4 v0x55dbcfc2aeb0_0, 0, 1;
    %pushi/vec4 0, 0, 1;
    %store/vec4 v0x55dbcfc2ac40_0, 0, 1;
    %pushi/vec4 0, 0, 1;
    %store/vec4 v0x55dbcfc2ada0_0, 0, 1;
    %pushi/vec4 0, 0, 2;
    %store/vec4 v0x55dbcfbd07b0_0, 0, 2;
    %jmp T_0.10;
T_0.10 ;
    %pop/vec4 1;
    %jmp T_0;
    .thread T_0, $push;
    .scope S_0x55dbcfc101e0;
T_1 ;
    %pushi/vec4 51, 0, 7;
    %store/vec4 v0x55dbcfc2b820_0, 0, 7;
    %delay 10000, 0;
    %pushi/vec4 19, 0, 7;
    %store/vec4 v0x55dbcfc2b820_0, 0, 7;
    %delay 10000, 0;
    %pushi/vec4 3, 0, 7;
    %store/vec4 v0x55dbcfc2b820_0, 0, 7;
    %delay 10000, 0;
    %pushi/vec4 35, 0, 7;
    %store/vec4 v0x55dbcfc2b820_0, 0, 7;
    %delay 10000, 0;
    %pushi/vec4 99, 0, 7;
    %store/vec4 v0x55dbcfc2b820_0, 0, 7;
    %delay 10000, 0;
    %pushi/vec4 55, 0, 7;
    %store/vec4 v0x55dbcfc2b820_0, 0, 7;
    %delay 10000, 0;
    %pushi/vec4 111, 0, 7;
    %store/vec4 v0x55dbcfc2b820_0, 0, 7;
    %delay 10000, 0;
    %delay 10000, 0;
    %vpi_call 2 37 "$finish" {0 0 0};
    %end;
    .thread T_1;
    .scope S_0x55dbcfc101e0;
T_2 ;
    %vpi_call 2 41 "$monitor", "Time=%0t | Opcode=%b | RegWrite=%b | ALUSrc=%b | MemRead=%b | MemWrite=%b | Branch=%b | MemToReg=%b | ALUOp=%b", $time, v0x55dbcfc2b820_0, v0x55dbcfc2b750_0, v0x55dbcfc2b340_0, v0x55dbcfc2b510_0, v0x55dbcfc2b680_0, v0x55dbcfc2b410_0, v0x55dbcfc2b5e0_0, v0x55dbcfc2b260_0 {0 0 0};
    %end;
    .thread T_2;
# The file index is used to find the file name in the following table.
:file_names 4;
    "N/A";
    "<interactive>";
    "ctrtb.v";
    "ctr.v";
