#! /usr/bin/vvp
:ivl_version "11.0 (stable)";
:ivl_delay_selection "TYPICAL";
:vpi_time_precision - 10;
:vpi_module "/usr/lib/x86_64-linux-gnu/ivl/system.vpi";
:vpi_module "/usr/lib/x86_64-linux-gnu/ivl/vhdl_sys.vpi";
:vpi_module "/usr/lib/x86_64-linux-gnu/ivl/vhdl_textio.vpi";
:vpi_module "/usr/lib/x86_64-linux-gnu/ivl/v2005_math.vpi";
:vpi_module "/usr/lib/x86_64-linux-gnu/ivl/va_math.vpi";
S_0x55c290326990 .scope module, "data_memory_tb" "data_memory_tb" 2 3;
 .timescale -9 -10;
v0x55c290348440_0 .var "MemRead", 0 0;
v0x55c290348500_0 .var "MemWrite", 0 0;
v0x55c2903485a0_0 .var "addr", 31 0;
v0x55c2903486a0_0 .var "clk", 0 0;
v0x55c290348770_0 .net "read_data", 31 0, v0x55c2903481c0_0;  1 drivers
v0x55c290348860_0 .var "write_data", 31 0;
S_0x55c290326b20 .scope module, "uut" "DataMemory" 2 11, 3 1 0, S_0x55c290326990;
 .timescale 0 0;
    .port_info 0 /INPUT 1 "clk";
    .port_info 1 /INPUT 1 "MemRead";
    .port_info 2 /INPUT 1 "MemWrite";
    .port_info 3 /INPUT 32 "addr";
    .port_info 4 /INPUT 32 "write_data";
    .port_info 5 /OUTPUT 32 "read_data";
v0x55c29031d960_0 .net "MemRead", 0 0, v0x55c290348440_0;  1 drivers
v0x55c290345660_0 .net "MemWrite", 0 0, v0x55c290348500_0;  1 drivers
v0x55c290345720_0 .net "addr", 31 0, v0x55c2903485a0_0;  1 drivers
v0x55c2903457e0_0 .net "clk", 0 0, v0x55c2903486a0_0;  1 drivers
v0x55c2903458a0 .array "memory", 255 0, 31 0;
v0x55c2903481c0_0 .var "read_data", 31 0;
v0x55c2903482a0_0 .net "write_data", 31 0, v0x55c290348860_0;  1 drivers
v0x55c2903458a0_0 .array/port v0x55c2903458a0, 0;
v0x55c2903458a0_1 .array/port v0x55c2903458a0, 1;
E_0x55c290324560/0 .event edge, v0x55c29031d960_0, v0x55c290345720_0, v0x55c2903458a0_0, v0x55c2903458a0_1;
v0x55c2903458a0_2 .array/port v0x55c2903458a0, 2;
v0x55c2903458a0_3 .array/port v0x55c2903458a0, 3;
v0x55c2903458a0_4 .array/port v0x55c2903458a0, 4;
v0x55c2903458a0_5 .array/port v0x55c2903458a0, 5;
E_0x55c290324560/1 .event edge, v0x55c2903458a0_2, v0x55c2903458a0_3, v0x55c2903458a0_4, v0x55c2903458a0_5;
v0x55c2903458a0_6 .array/port v0x55c2903458a0, 6;
v0x55c2903458a0_7 .array/port v0x55c2903458a0, 7;
v0x55c2903458a0_8 .array/port v0x55c2903458a0, 8;
v0x55c2903458a0_9 .array/port v0x55c2903458a0, 9;
E_0x55c290324560/2 .event edge, v0x55c2903458a0_6, v0x55c2903458a0_7, v0x55c2903458a0_8, v0x55c2903458a0_9;
v0x55c2903458a0_10 .array/port v0x55c2903458a0, 10;
v0x55c2903458a0_11 .array/port v0x55c2903458a0, 11;
v0x55c2903458a0_12 .array/port v0x55c2903458a0, 12;
v0x55c2903458a0_13 .array/port v0x55c2903458a0, 13;
E_0x55c290324560/3 .event edge, v0x55c2903458a0_10, v0x55c2903458a0_11, v0x55c2903458a0_12, v0x55c2903458a0_13;
v0x55c2903458a0_14 .array/port v0x55c2903458a0, 14;
v0x55c2903458a0_15 .array/port v0x55c2903458a0, 15;
v0x55c2903458a0_16 .array/port v0x55c2903458a0, 16;
v0x55c2903458a0_17 .array/port v0x55c2903458a0, 17;
E_0x55c290324560/4 .event edge, v0x55c2903458a0_14, v0x55c2903458a0_15, v0x55c2903458a0_16, v0x55c2903458a0_17;
v0x55c2903458a0_18 .array/port v0x55c2903458a0, 18;
v0x55c2903458a0_19 .array/port v0x55c2903458a0, 19;
v0x55c2903458a0_20 .array/port v0x55c2903458a0, 20;
v0x55c2903458a0_21 .array/port v0x55c2903458a0, 21;
E_0x55c290324560/5 .event edge, v0x55c2903458a0_18, v0x55c2903458a0_19, v0x55c2903458a0_20, v0x55c2903458a0_21;
v0x55c2903458a0_22 .array/port v0x55c2903458a0, 22;
v0x55c2903458a0_23 .array/port v0x55c2903458a0, 23;
v0x55c2903458a0_24 .array/port v0x55c2903458a0, 24;
v0x55c2903458a0_25 .array/port v0x55c2903458a0, 25;
E_0x55c290324560/6 .event edge, v0x55c2903458a0_22, v0x55c2903458a0_23, v0x55c2903458a0_24, v0x55c2903458a0_25;
v0x55c2903458a0_26 .array/port v0x55c2903458a0, 26;
v0x55c2903458a0_27 .array/port v0x55c2903458a0, 27;
v0x55c2903458a0_28 .array/port v0x55c2903458a0, 28;
v0x55c2903458a0_29 .array/port v0x55c2903458a0, 29;
E_0x55c290324560/7 .event edge, v0x55c2903458a0_26, v0x55c2903458a0_27, v0x55c2903458a0_28, v0x55c2903458a0_29;
v0x55c2903458a0_30 .array/port v0x55c2903458a0, 30;
v0x55c2903458a0_31 .array/port v0x55c2903458a0, 31;
v0x55c2903458a0_32 .array/port v0x55c2903458a0, 32;
v0x55c2903458a0_33 .array/port v0x55c2903458a0, 33;
E_0x55c290324560/8 .event edge, v0x55c2903458a0_30, v0x55c2903458a0_31, v0x55c2903458a0_32, v0x55c2903458a0_33;
v0x55c2903458a0_34 .array/port v0x55c2903458a0, 34;
v0x55c2903458a0_35 .array/port v0x55c2903458a0, 35;
v0x55c2903458a0_36 .array/port v0x55c2903458a0, 36;
v0x55c2903458a0_37 .array/port v0x55c2903458a0, 37;
E_0x55c290324560/9 .event edge, v0x55c2903458a0_34, v0x55c2903458a0_35, v0x55c2903458a0_36, v0x55c2903458a0_37;
v0x55c2903458a0_38 .array/port v0x55c2903458a0, 38;
v0x55c2903458a0_39 .array/port v0x55c2903458a0, 39;
v0x55c2903458a0_40 .array/port v0x55c2903458a0, 40;
v0x55c2903458a0_41 .array/port v0x55c2903458a0, 41;
E_0x55c290324560/10 .event edge, v0x55c2903458a0_38, v0x55c2903458a0_39, v0x55c2903458a0_40, v0x55c2903458a0_41;
v0x55c2903458a0_42 .array/port v0x55c2903458a0, 42;
v0x55c2903458a0_43 .array/port v0x55c2903458a0, 43;
v0x55c2903458a0_44 .array/port v0x55c2903458a0, 44;
v0x55c2903458a0_45 .array/port v0x55c2903458a0, 45;
E_0x55c290324560/11 .event edge, v0x55c2903458a0_42, v0x55c2903458a0_43, v0x55c2903458a0_44, v0x55c2903458a0_45;
v0x55c2903458a0_46 .array/port v0x55c2903458a0, 46;
v0x55c2903458a0_47 .array/port v0x55c2903458a0, 47;
v0x55c2903458a0_48 .array/port v0x55c2903458a0, 48;
v0x55c2903458a0_49 .array/port v0x55c2903458a0, 49;
E_0x55c290324560/12 .event edge, v0x55c2903458a0_46, v0x55c2903458a0_47, v0x55c2903458a0_48, v0x55c2903458a0_49;
v0x55c2903458a0_50 .array/port v0x55c2903458a0, 50;
v0x55c2903458a0_51 .array/port v0x55c2903458a0, 51;
v0x55c2903458a0_52 .array/port v0x55c2903458a0, 52;
v0x55c2903458a0_53 .array/port v0x55c2903458a0, 53;
E_0x55c290324560/13 .event edge, v0x55c2903458a0_50, v0x55c2903458a0_51, v0x55c2903458a0_52, v0x55c2903458a0_53;
v0x55c2903458a0_54 .array/port v0x55c2903458a0, 54;
v0x55c2903458a0_55 .array/port v0x55c2903458a0, 55;
v0x55c2903458a0_56 .array/port v0x55c2903458a0, 56;
v0x55c2903458a0_57 .array/port v0x55c2903458a0, 57;
E_0x55c290324560/14 .event edge, v0x55c2903458a0_54, v0x55c2903458a0_55, v0x55c2903458a0_56, v0x55c2903458a0_57;
v0x55c2903458a0_58 .array/port v0x55c2903458a0, 58;
v0x55c2903458a0_59 .array/port v0x55c2903458a0, 59;
v0x55c2903458a0_60 .array/port v0x55c2903458a0, 60;
v0x55c2903458a0_61 .array/port v0x55c2903458a0, 61;
E_0x55c290324560/15 .event edge, v0x55c2903458a0_58, v0x55c2903458a0_59, v0x55c2903458a0_60, v0x55c2903458a0_61;
v0x55c2903458a0_62 .array/port v0x55c2903458a0, 62;
v0x55c2903458a0_63 .array/port v0x55c2903458a0, 63;
v0x55c2903458a0_64 .array/port v0x55c2903458a0, 64;
v0x55c2903458a0_65 .array/port v0x55c2903458a0, 65;
E_0x55c290324560/16 .event edge, v0x55c2903458a0_62, v0x55c2903458a0_63, v0x55c2903458a0_64, v0x55c2903458a0_65;
v0x55c2903458a0_66 .array/port v0x55c2903458a0, 66;
v0x55c2903458a0_67 .array/port v0x55c2903458a0, 67;
v0x55c2903458a0_68 .array/port v0x55c2903458a0, 68;
v0x55c2903458a0_69 .array/port v0x55c2903458a0, 69;
E_0x55c290324560/17 .event edge, v0x55c2903458a0_66, v0x55c2903458a0_67, v0x55c2903458a0_68, v0x55c2903458a0_69;
v0x55c2903458a0_70 .array/port v0x55c2903458a0, 70;
v0x55c2903458a0_71 .array/port v0x55c2903458a0, 71;
v0x55c2903458a0_72 .array/port v0x55c2903458a0, 72;
v0x55c2903458a0_73 .array/port v0x55c2903458a0, 73;
E_0x55c290324560/18 .event edge, v0x55c2903458a0_70, v0x55c2903458a0_71, v0x55c2903458a0_72, v0x55c2903458a0_73;
v0x55c2903458a0_74 .array/port v0x55c2903458a0, 74;
v0x55c2903458a0_75 .array/port v0x55c2903458a0, 75;
v0x55c2903458a0_76 .array/port v0x55c2903458a0, 76;
v0x55c2903458a0_77 .array/port v0x55c2903458a0, 77;
E_0x55c290324560/19 .event edge, v0x55c2903458a0_74, v0x55c2903458a0_75, v0x55c2903458a0_76, v0x55c2903458a0_77;
v0x55c2903458a0_78 .array/port v0x55c2903458a0, 78;
v0x55c2903458a0_79 .array/port v0x55c2903458a0, 79;
v0x55c2903458a0_80 .array/port v0x55c2903458a0, 80;
v0x55c2903458a0_81 .array/port v0x55c2903458a0, 81;
E_0x55c290324560/20 .event edge, v0x55c2903458a0_78, v0x55c2903458a0_79, v0x55c2903458a0_80, v0x55c2903458a0_81;
v0x55c2903458a0_82 .array/port v0x55c2903458a0, 82;
v0x55c2903458a0_83 .array/port v0x55c2903458a0, 83;
v0x55c2903458a0_84 .array/port v0x55c2903458a0, 84;
v0x55c2903458a0_85 .array/port v0x55c2903458a0, 85;
E_0x55c290324560/21 .event edge, v0x55c2903458a0_82, v0x55c2903458a0_83, v0x55c2903458a0_84, v0x55c2903458a0_85;
v0x55c2903458a0_86 .array/port v0x55c2903458a0, 86;
v0x55c2903458a0_87 .array/port v0x55c2903458a0, 87;
v0x55c2903458a0_88 .array/port v0x55c2903458a0, 88;
v0x55c2903458a0_89 .array/port v0x55c2903458a0, 89;
E_0x55c290324560/22 .event edge, v0x55c2903458a0_86, v0x55c2903458a0_87, v0x55c2903458a0_88, v0x55c2903458a0_89;
v0x55c2903458a0_90 .array/port v0x55c2903458a0, 90;
v0x55c2903458a0_91 .array/port v0x55c2903458a0, 91;
v0x55c2903458a0_92 .array/port v0x55c2903458a0, 92;
v0x55c2903458a0_93 .array/port v0x55c2903458a0, 93;
E_0x55c290324560/23 .event edge, v0x55c2903458a0_90, v0x55c2903458a0_91, v0x55c2903458a0_92, v0x55c2903458a0_93;
v0x55c2903458a0_94 .array/port v0x55c2903458a0, 94;
v0x55c2903458a0_95 .array/port v0x55c2903458a0, 95;
v0x55c2903458a0_96 .array/port v0x55c2903458a0, 96;
v0x55c2903458a0_97 .array/port v0x55c2903458a0, 97;
E_0x55c290324560/24 .event edge, v0x55c2903458a0_94, v0x55c2903458a0_95, v0x55c2903458a0_96, v0x55c2903458a0_97;
v0x55c2903458a0_98 .array/port v0x55c2903458a0, 98;
v0x55c2903458a0_99 .array/port v0x55c2903458a0, 99;
v0x55c2903458a0_100 .array/port v0x55c2903458a0, 100;
v0x55c2903458a0_101 .array/port v0x55c2903458a0, 101;
E_0x55c290324560/25 .event edge, v0x55c2903458a0_98, v0x55c2903458a0_99, v0x55c2903458a0_100, v0x55c2903458a0_101;
v0x55c2903458a0_102 .array/port v0x55c2903458a0, 102;
v0x55c2903458a0_103 .array/port v0x55c2903458a0, 103;
v0x55c2903458a0_104 .array/port v0x55c2903458a0, 104;
v0x55c2903458a0_105 .array/port v0x55c2903458a0, 105;
E_0x55c290324560/26 .event edge, v0x55c2903458a0_102, v0x55c2903458a0_103, v0x55c2903458a0_104, v0x55c2903458a0_105;
v0x55c2903458a0_106 .array/port v0x55c2903458a0, 106;
v0x55c2903458a0_107 .array/port v0x55c2903458a0, 107;
v0x55c2903458a0_108 .array/port v0x55c2903458a0, 108;
v0x55c2903458a0_109 .array/port v0x55c2903458a0, 109;
E_0x55c290324560/27 .event edge, v0x55c2903458a0_106, v0x55c2903458a0_107, v0x55c2903458a0_108, v0x55c2903458a0_109;
v0x55c2903458a0_110 .array/port v0x55c2903458a0, 110;
v0x55c2903458a0_111 .array/port v0x55c2903458a0, 111;
v0x55c2903458a0_112 .array/port v0x55c2903458a0, 112;
v0x55c2903458a0_113 .array/port v0x55c2903458a0, 113;
E_0x55c290324560/28 .event edge, v0x55c2903458a0_110, v0x55c2903458a0_111, v0x55c2903458a0_112, v0x55c2903458a0_113;
v0x55c2903458a0_114 .array/port v0x55c2903458a0, 114;
v0x55c2903458a0_115 .array/port v0x55c2903458a0, 115;
v0x55c2903458a0_116 .array/port v0x55c2903458a0, 116;
v0x55c2903458a0_117 .array/port v0x55c2903458a0, 117;
E_0x55c290324560/29 .event edge, v0x55c2903458a0_114, v0x55c2903458a0_115, v0x55c2903458a0_116, v0x55c2903458a0_117;
v0x55c2903458a0_118 .array/port v0x55c2903458a0, 118;
v0x55c2903458a0_119 .array/port v0x55c2903458a0, 119;
v0x55c2903458a0_120 .array/port v0x55c2903458a0, 120;
v0x55c2903458a0_121 .array/port v0x55c2903458a0, 121;
E_0x55c290324560/30 .event edge, v0x55c2903458a0_118, v0x55c2903458a0_119, v0x55c2903458a0_120, v0x55c2903458a0_121;
v0x55c2903458a0_122 .array/port v0x55c2903458a0, 122;
v0x55c2903458a0_123 .array/port v0x55c2903458a0, 123;
v0x55c2903458a0_124 .array/port v0x55c2903458a0, 124;
v0x55c2903458a0_125 .array/port v0x55c2903458a0, 125;
E_0x55c290324560/31 .event edge, v0x55c2903458a0_122, v0x55c2903458a0_123, v0x55c2903458a0_124, v0x55c2903458a0_125;
v0x55c2903458a0_126 .array/port v0x55c2903458a0, 126;
v0x55c2903458a0_127 .array/port v0x55c2903458a0, 127;
v0x55c2903458a0_128 .array/port v0x55c2903458a0, 128;
v0x55c2903458a0_129 .array/port v0x55c2903458a0, 129;
E_0x55c290324560/32 .event edge, v0x55c2903458a0_126, v0x55c2903458a0_127, v0x55c2903458a0_128, v0x55c2903458a0_129;
v0x55c2903458a0_130 .array/port v0x55c2903458a0, 130;
v0x55c2903458a0_131 .array/port v0x55c2903458a0, 131;
v0x55c2903458a0_132 .array/port v0x55c2903458a0, 132;
v0x55c2903458a0_133 .array/port v0x55c2903458a0, 133;
E_0x55c290324560/33 .event edge, v0x55c2903458a0_130, v0x55c2903458a0_131, v0x55c2903458a0_132, v0x55c2903458a0_133;
v0x55c2903458a0_134 .array/port v0x55c2903458a0, 134;
v0x55c2903458a0_135 .array/port v0x55c2903458a0, 135;
v0x55c2903458a0_136 .array/port v0x55c2903458a0, 136;
v0x55c2903458a0_137 .array/port v0x55c2903458a0, 137;
E_0x55c290324560/34 .event edge, v0x55c2903458a0_134, v0x55c2903458a0_135, v0x55c2903458a0_136, v0x55c2903458a0_137;
v0x55c2903458a0_138 .array/port v0x55c2903458a0, 138;
v0x55c2903458a0_139 .array/port v0x55c2903458a0, 139;
v0x55c2903458a0_140 .array/port v0x55c2903458a0, 140;
v0x55c2903458a0_141 .array/port v0x55c2903458a0, 141;
E_0x55c290324560/35 .event edge, v0x55c2903458a0_138, v0x55c2903458a0_139, v0x55c2903458a0_140, v0x55c2903458a0_141;
v0x55c2903458a0_142 .array/port v0x55c2903458a0, 142;
v0x55c2903458a0_143 .array/port v0x55c2903458a0, 143;
v0x55c2903458a0_144 .array/port v0x55c2903458a0, 144;
v0x55c2903458a0_145 .array/port v0x55c2903458a0, 145;
E_0x55c290324560/36 .event edge, v0x55c2903458a0_142, v0x55c2903458a0_143, v0x55c2903458a0_144, v0x55c2903458a0_145;
v0x55c2903458a0_146 .array/port v0x55c2903458a0, 146;
v0x55c2903458a0_147 .array/port v0x55c2903458a0, 147;
v0x55c2903458a0_148 .array/port v0x55c2903458a0, 148;
v0x55c2903458a0_149 .array/port v0x55c2903458a0, 149;
E_0x55c290324560/37 .event edge, v0x55c2903458a0_146, v0x55c2903458a0_147, v0x55c2903458a0_148, v0x55c2903458a0_149;
v0x55c2903458a0_150 .array/port v0x55c2903458a0, 150;
v0x55c2903458a0_151 .array/port v0x55c2903458a0, 151;
v0x55c2903458a0_152 .array/port v0x55c2903458a0, 152;
v0x55c2903458a0_153 .array/port v0x55c2903458a0, 153;
E_0x55c290324560/38 .event edge, v0x55c2903458a0_150, v0x55c2903458a0_151, v0x55c2903458a0_152, v0x55c2903458a0_153;
v0x55c2903458a0_154 .array/port v0x55c2903458a0, 154;
v0x55c2903458a0_155 .array/port v0x55c2903458a0, 155;
v0x55c2903458a0_156 .array/port v0x55c2903458a0, 156;
v0x55c2903458a0_157 .array/port v0x55c2903458a0, 157;
E_0x55c290324560/39 .event edge, v0x55c2903458a0_154, v0x55c2903458a0_155, v0x55c2903458a0_156, v0x55c2903458a0_157;
v0x55c2903458a0_158 .array/port v0x55c2903458a0, 158;
v0x55c2903458a0_159 .array/port v0x55c2903458a0, 159;
v0x55c2903458a0_160 .array/port v0x55c2903458a0, 160;
v0x55c2903458a0_161 .array/port v0x55c2903458a0, 161;
E_0x55c290324560/40 .event edge, v0x55c2903458a0_158, v0x55c2903458a0_159, v0x55c2903458a0_160, v0x55c2903458a0_161;
v0x55c2903458a0_162 .array/port v0x55c2903458a0, 162;
v0x55c2903458a0_163 .array/port v0x55c2903458a0, 163;
v0x55c2903458a0_164 .array/port v0x55c2903458a0, 164;
v0x55c2903458a0_165 .array/port v0x55c2903458a0, 165;
E_0x55c290324560/41 .event edge, v0x55c2903458a0_162, v0x55c2903458a0_163, v0x55c2903458a0_164, v0x55c2903458a0_165;
v0x55c2903458a0_166 .array/port v0x55c2903458a0, 166;
v0x55c2903458a0_167 .array/port v0x55c2903458a0, 167;
v0x55c2903458a0_168 .array/port v0x55c2903458a0, 168;
v0x55c2903458a0_169 .array/port v0x55c2903458a0, 169;
E_0x55c290324560/42 .event edge, v0x55c2903458a0_166, v0x55c2903458a0_167, v0x55c2903458a0_168, v0x55c2903458a0_169;
v0x55c2903458a0_170 .array/port v0x55c2903458a0, 170;
v0x55c2903458a0_171 .array/port v0x55c2903458a0, 171;
v0x55c2903458a0_172 .array/port v0x55c2903458a0, 172;
v0x55c2903458a0_173 .array/port v0x55c2903458a0, 173;
E_0x55c290324560/43 .event edge, v0x55c2903458a0_170, v0x55c2903458a0_171, v0x55c2903458a0_172, v0x55c2903458a0_173;
v0x55c2903458a0_174 .array/port v0x55c2903458a0, 174;
v0x55c2903458a0_175 .array/port v0x55c2903458a0, 175;
v0x55c2903458a0_176 .array/port v0x55c2903458a0, 176;
v0x55c2903458a0_177 .array/port v0x55c2903458a0, 177;
E_0x55c290324560/44 .event edge, v0x55c2903458a0_174, v0x55c2903458a0_175, v0x55c2903458a0_176, v0x55c2903458a0_177;
v0x55c2903458a0_178 .array/port v0x55c2903458a0, 178;
v0x55c2903458a0_179 .array/port v0x55c2903458a0, 179;
v0x55c2903458a0_180 .array/port v0x55c2903458a0, 180;
v0x55c2903458a0_181 .array/port v0x55c2903458a0, 181;
E_0x55c290324560/45 .event edge, v0x55c2903458a0_178, v0x55c2903458a0_179, v0x55c2903458a0_180, v0x55c2903458a0_181;
v0x55c2903458a0_182 .array/port v0x55c2903458a0, 182;
v0x55c2903458a0_183 .array/port v0x55c2903458a0, 183;
v0x55c2903458a0_184 .array/port v0x55c2903458a0, 184;
v0x55c2903458a0_185 .array/port v0x55c2903458a0, 185;
E_0x55c290324560/46 .event edge, v0x55c2903458a0_182, v0x55c2903458a0_183, v0x55c2903458a0_184, v0x55c2903458a0_185;
v0x55c2903458a0_186 .array/port v0x55c2903458a0, 186;
v0x55c2903458a0_187 .array/port v0x55c2903458a0, 187;
v0x55c2903458a0_188 .array/port v0x55c2903458a0, 188;
v0x55c2903458a0_189 .array/port v0x55c2903458a0, 189;
E_0x55c290324560/47 .event edge, v0x55c2903458a0_186, v0x55c2903458a0_187, v0x55c2903458a0_188, v0x55c2903458a0_189;
v0x55c2903458a0_190 .array/port v0x55c2903458a0, 190;
v0x55c2903458a0_191 .array/port v0x55c2903458a0, 191;
v0x55c2903458a0_192 .array/port v0x55c2903458a0, 192;
v0x55c2903458a0_193 .array/port v0x55c2903458a0, 193;
E_0x55c290324560/48 .event edge, v0x55c2903458a0_190, v0x55c2903458a0_191, v0x55c2903458a0_192, v0x55c2903458a0_193;
v0x55c2903458a0_194 .array/port v0x55c2903458a0, 194;
v0x55c2903458a0_195 .array/port v0x55c2903458a0, 195;
v0x55c2903458a0_196 .array/port v0x55c2903458a0, 196;
v0x55c2903458a0_197 .array/port v0x55c2903458a0, 197;
E_0x55c290324560/49 .event edge, v0x55c2903458a0_194, v0x55c2903458a0_195, v0x55c2903458a0_196, v0x55c2903458a0_197;
v0x55c2903458a0_198 .array/port v0x55c2903458a0, 198;
v0x55c2903458a0_199 .array/port v0x55c2903458a0, 199;
v0x55c2903458a0_200 .array/port v0x55c2903458a0, 200;
v0x55c2903458a0_201 .array/port v0x55c2903458a0, 201;
E_0x55c290324560/50 .event edge, v0x55c2903458a0_198, v0x55c2903458a0_199, v0x55c2903458a0_200, v0x55c2903458a0_201;
v0x55c2903458a0_202 .array/port v0x55c2903458a0, 202;
v0x55c2903458a0_203 .array/port v0x55c2903458a0, 203;
v0x55c2903458a0_204 .array/port v0x55c2903458a0, 204;
v0x55c2903458a0_205 .array/port v0x55c2903458a0, 205;
E_0x55c290324560/51 .event edge, v0x55c2903458a0_202, v0x55c2903458a0_203, v0x55c2903458a0_204, v0x55c2903458a0_205;
v0x55c2903458a0_206 .array/port v0x55c2903458a0, 206;
v0x55c2903458a0_207 .array/port v0x55c2903458a0, 207;
v0x55c2903458a0_208 .array/port v0x55c2903458a0, 208;
v0x55c2903458a0_209 .array/port v0x55c2903458a0, 209;
E_0x55c290324560/52 .event edge, v0x55c2903458a0_206, v0x55c2903458a0_207, v0x55c2903458a0_208, v0x55c2903458a0_209;
v0x55c2903458a0_210 .array/port v0x55c2903458a0, 210;
v0x55c2903458a0_211 .array/port v0x55c2903458a0, 211;
v0x55c2903458a0_212 .array/port v0x55c2903458a0, 212;
v0x55c2903458a0_213 .array/port v0x55c2903458a0, 213;
E_0x55c290324560/53 .event edge, v0x55c2903458a0_210, v0x55c2903458a0_211, v0x55c2903458a0_212, v0x55c2903458a0_213;
v0x55c2903458a0_214 .array/port v0x55c2903458a0, 214;
v0x55c2903458a0_215 .array/port v0x55c2903458a0, 215;
v0x55c2903458a0_216 .array/port v0x55c2903458a0, 216;
v0x55c2903458a0_217 .array/port v0x55c2903458a0, 217;
E_0x55c290324560/54 .event edge, v0x55c2903458a0_214, v0x55c2903458a0_215, v0x55c2903458a0_216, v0x55c2903458a0_217;
v0x55c2903458a0_218 .array/port v0x55c2903458a0, 218;
v0x55c2903458a0_219 .array/port v0x55c2903458a0, 219;
v0x55c2903458a0_220 .array/port v0x55c2903458a0, 220;
v0x55c2903458a0_221 .array/port v0x55c2903458a0, 221;
E_0x55c290324560/55 .event edge, v0x55c2903458a0_218, v0x55c2903458a0_219, v0x55c2903458a0_220, v0x55c2903458a0_221;
v0x55c2903458a0_222 .array/port v0x55c2903458a0, 222;
v0x55c2903458a0_223 .array/port v0x55c2903458a0, 223;
v0x55c2903458a0_224 .array/port v0x55c2903458a0, 224;
v0x55c2903458a0_225 .array/port v0x55c2903458a0, 225;
E_0x55c290324560/56 .event edge, v0x55c2903458a0_222, v0x55c2903458a0_223, v0x55c2903458a0_224, v0x55c2903458a0_225;
v0x55c2903458a0_226 .array/port v0x55c2903458a0, 226;
v0x55c2903458a0_227 .array/port v0x55c2903458a0, 227;
v0x55c2903458a0_228 .array/port v0x55c2903458a0, 228;
v0x55c2903458a0_229 .array/port v0x55c2903458a0, 229;
E_0x55c290324560/57 .event edge, v0x55c2903458a0_226, v0x55c2903458a0_227, v0x55c2903458a0_228, v0x55c2903458a0_229;
v0x55c2903458a0_230 .array/port v0x55c2903458a0, 230;
v0x55c2903458a0_231 .array/port v0x55c2903458a0, 231;
v0x55c2903458a0_232 .array/port v0x55c2903458a0, 232;
v0x55c2903458a0_233 .array/port v0x55c2903458a0, 233;
E_0x55c290324560/58 .event edge, v0x55c2903458a0_230, v0x55c2903458a0_231, v0x55c2903458a0_232, v0x55c2903458a0_233;
v0x55c2903458a0_234 .array/port v0x55c2903458a0, 234;
v0x55c2903458a0_235 .array/port v0x55c2903458a0, 235;
v0x55c2903458a0_236 .array/port v0x55c2903458a0, 236;
v0x55c2903458a0_237 .array/port v0x55c2903458a0, 237;
E_0x55c290324560/59 .event edge, v0x55c2903458a0_234, v0x55c2903458a0_235, v0x55c2903458a0_236, v0x55c2903458a0_237;
v0x55c2903458a0_238 .array/port v0x55c2903458a0, 238;
v0x55c2903458a0_239 .array/port v0x55c2903458a0, 239;
v0x55c2903458a0_240 .array/port v0x55c2903458a0, 240;
v0x55c2903458a0_241 .array/port v0x55c2903458a0, 241;
E_0x55c290324560/60 .event edge, v0x55c2903458a0_238, v0x55c2903458a0_239, v0x55c2903458a0_240, v0x55c2903458a0_241;
v0x55c2903458a0_242 .array/port v0x55c2903458a0, 242;
v0x55c2903458a0_243 .array/port v0x55c2903458a0, 243;
v0x55c2903458a0_244 .array/port v0x55c2903458a0, 244;
v0x55c2903458a0_245 .array/port v0x55c2903458a0, 245;
E_0x55c290324560/61 .event edge, v0x55c2903458a0_242, v0x55c2903458a0_243, v0x55c2903458a0_244, v0x55c2903458a0_245;
v0x55c2903458a0_246 .array/port v0x55c2903458a0, 246;
v0x55c2903458a0_247 .array/port v0x55c2903458a0, 247;
v0x55c2903458a0_248 .array/port v0x55c2903458a0, 248;
v0x55c2903458a0_249 .array/port v0x55c2903458a0, 249;
E_0x55c290324560/62 .event edge, v0x55c2903458a0_246, v0x55c2903458a0_247, v0x55c2903458a0_248, v0x55c2903458a0_249;
v0x55c2903458a0_250 .array/port v0x55c2903458a0, 250;
v0x55c2903458a0_251 .array/port v0x55c2903458a0, 251;
v0x55c2903458a0_252 .array/port v0x55c2903458a0, 252;
v0x55c2903458a0_253 .array/port v0x55c2903458a0, 253;
E_0x55c290324560/63 .event edge, v0x55c2903458a0_250, v0x55c2903458a0_251, v0x55c2903458a0_252, v0x55c2903458a0_253;
v0x55c2903458a0_254 .array/port v0x55c2903458a0, 254;
v0x55c2903458a0_255 .array/port v0x55c2903458a0, 255;
E_0x55c290324560/64 .event edge, v0x55c2903458a0_254, v0x55c2903458a0_255;
E_0x55c290324560 .event/or E_0x55c290324560/0, E_0x55c290324560/1, E_0x55c290324560/2, E_0x55c290324560/3, E_0x55c290324560/4, E_0x55c290324560/5, E_0x55c290324560/6, E_0x55c290324560/7, E_0x55c290324560/8, E_0x55c290324560/9, E_0x55c290324560/10, E_0x55c290324560/11, E_0x55c290324560/12, E_0x55c290324560/13, E_0x55c290324560/14, E_0x55c290324560/15, E_0x55c290324560/16, E_0x55c290324560/17, E_0x55c290324560/18, E_0x55c290324560/19, E_0x55c290324560/20, E_0x55c290324560/21, E_0x55c290324560/22, E_0x55c290324560/23, E_0x55c290324560/24, E_0x55c290324560/25, E_0x55c290324560/26, E_0x55c290324560/27, E_0x55c290324560/28, E_0x55c290324560/29, E_0x55c290324560/30, E_0x55c290324560/31, E_0x55c290324560/32, E_0x55c290324560/33, E_0x55c290324560/34, E_0x55c290324560/35, E_0x55c290324560/36, E_0x55c290324560/37, E_0x55c290324560/38, E_0x55c290324560/39, E_0x55c290324560/40, E_0x55c290324560/41, E_0x55c290324560/42, E_0x55c290324560/43, E_0x55c290324560/44, E_0x55c290324560/45, E_0x55c290324560/46, E_0x55c290324560/47, E_0x55c290324560/48, E_0x55c290324560/49, E_0x55c290324560/50, E_0x55c290324560/51, E_0x55c290324560/52, E_0x55c290324560/53, E_0x55c290324560/54, E_0x55c290324560/55, E_0x55c290324560/56, E_0x55c290324560/57, E_0x55c290324560/58, E_0x55c290324560/59, E_0x55c290324560/60, E_0x55c290324560/61, E_0x55c290324560/62, E_0x55c290324560/63, E_0x55c290324560/64;
E_0x55c29030e9b0 .event posedge, v0x55c2903457e0_0;
    .scope S_0x55c290326b20;
T_0 ;
    %wait E_0x55c29030e9b0;
    %load/vec4 v0x55c290345660_0;
    %flag_set/vec4 8;
    %jmp/0xz  T_0.0, 8;
    %load/vec4 v0x55c2903482a0_0;
    %load/vec4 v0x55c290345720_0;
    %parti/s 8, 2, 3;
    %pad/u 10;
    %ix/vec4 3;
    %ix/load 4, 0, 0; Constant delay
    %assign/vec4/a/d v0x55c2903458a0, 0, 4;
T_0.0 ;
    %jmp T_0;
    .thread T_0;
    .scope S_0x55c290326b20;
T_1 ;
    %wait E_0x55c290324560;
    %load/vec4 v0x55c29031d960_0;
    %flag_set/vec4 8;
    %jmp/0xz  T_1.0, 8;
    %load/vec4 v0x55c290345720_0;
    %parti/s 8, 2, 3;
    %pad/u 10;
    %ix/vec4 4;
    %load/vec4a v0x55c2903458a0, 4;
    %store/vec4 v0x55c2903481c0_0, 0, 32;
    %jmp T_1.1;
T_1.0 ;
    %pushi/vec4 0, 0, 32;
    %store/vec4 v0x55c2903481c0_0, 0, 32;
T_1.1 ;
    %jmp T_1;
    .thread T_1, $push;
    .scope S_0x55c290326990;
T_2 ;
    %delay 50, 0;
    %load/vec4 v0x55c2903486a0_0;
    %inv;
    %store/vec4 v0x55c2903486a0_0, 0, 1;
    %jmp T_2;
    .thread T_2;
    .scope S_0x55c290326990;
T_3 ;
    %pushi/vec4 0, 0, 1;
    %store/vec4 v0x55c2903486a0_0, 0, 1;
    %pushi/vec4 1, 0, 1;
    %store/vec4 v0x55c290348500_0, 0, 1;
    %pushi/vec4 0, 0, 1;
    %store/vec4 v0x55c290348440_0, 0, 1;
    %pushi/vec4 8, 0, 32;
    %store/vec4 v0x55c2903485a0_0, 0, 32;
    %pushi/vec4 3735928559, 0, 32;
    %store/vec4 v0x55c290348860_0, 0, 32;
    %delay 100, 0;
    %pushi/vec4 12, 0, 32;
    %store/vec4 v0x55c2903485a0_0, 0, 32;
    %pushi/vec4 305419896, 0, 32;
    %store/vec4 v0x55c290348860_0, 0, 32;
    %delay 100, 0;
    %pushi/vec4 0, 0, 1;
    %store/vec4 v0x55c290348500_0, 0, 1;
    %pushi/vec4 1, 0, 1;
    %store/vec4 v0x55c290348440_0, 0, 1;
    %pushi/vec4 8, 0, 32;
    %store/vec4 v0x55c2903485a0_0, 0, 32;
    %delay 100, 0;
    %pushi/vec4 12, 0, 32;
    %store/vec4 v0x55c2903485a0_0, 0, 32;
    %delay 100, 0;
    %delay 100, 0;
    %vpi_call 2 36 "$finish" {0 0 0};
    %end;
    .thread T_3;
    .scope S_0x55c290326990;
T_4 ;
    %vpi_call 2 40 "$monitor", "Time=%0t | Addr=%h | WriteData=%h | ReadData=%h | MemRead=%b | MemWrite=%b", $time, v0x55c2903485a0_0, v0x55c290348860_0, v0x55c290348770_0, v0x55c290348440_0, v0x55c290348500_0 {0 0 0};
    %end;
    .thread T_4;
# The file index is used to find the file name in the following table.
:file_names 4;
    "N/A";
    "<interactive>";
    "memtb.v";
    "mem.v";
