#! /usr/bin/vvp
:ivl_version "11.0 (stable)";
:ivl_delay_selection "TYPICAL";
:vpi_time_precision + 0;
:vpi_module "/usr/lib/x86_64-linux-gnu/ivl/system.vpi";
:vpi_module "/usr/lib/x86_64-linux-gnu/ivl/vhdl_sys.vpi";
:vpi_module "/usr/lib/x86_64-linux-gnu/ivl/vhdl_textio.vpi";
:vpi_module "/usr/lib/x86_64-linux-gnu/ivl/v2005_math.vpi";
:vpi_module "/usr/lib/x86_64-linux-gnu/ivl/va_math.vpi";
S_0x55e0c03312f0 .scope module, "testbench" "testbench" 2 1;
 .timescale 0 0;
v0x55e0c036a110_0 .var "A", 31 0;
v0x55e0c036a200_0 .net "ALUControl", 3 0, v0x55e0c0368de0_0;  1 drivers
v0x55e0c036a2f0_0 .net "ALUOpCtrl", 1 0, v0x55e0c0369420_0;  1 drivers
v0x55e0c036a3e0_0 .net "ALUSrc", 0 0, v0x55e0c0369530_0;  1 drivers
v0x55e0c036a480_0 .var "B", 31 0;
v0x55e0c036a570_0 .net "Branch", 0 0, v0x55e0c03695d0_0;  1 drivers
v0x55e0c036a640_0 .var "Funct3", 2 0;
v0x55e0c036a710_0 .var "Funct7", 6 0;
v0x55e0c036a7e0_0 .net "MemRead", 0 0, v0x55e0c03696a0_0;  1 drivers
v0x55e0c036a8b0_0 .net "MemToReg", 0 0, v0x55e0c0369760_0;  1 drivers
v0x55e0c036a980_0 .net "MemWrite", 0 0, v0x55e0c0369870_0;  1 drivers
v0x55e0c036aa50_0 .net "RegWrite", 0 0, v0x55e0c0369930_0;  1 drivers
v0x55e0c036ab20_0 .net "Result", 31 0, v0x55e0c0368920_0;  1 drivers
v0x55e0c036abf0_0 .net "Zero", 0 0, v0x55e0c0368a00_0;  1 drivers
v0x55e0c036acc0_0 .net "imm_out", 31 0, v0x55e0c0369e10_0;  1 drivers
v0x55e0c036ad90_0 .var "instr", 31 0;
L_0x55e0c036ae60 .part v0x55e0c036ad90_0, 0, 7;
S_0x55e0c0331480 .scope module, "alu" "ALU" 2 14, 3 1 0, S_0x55e0c03312f0;
 .timescale 0 0;
    .port_info 0 /INPUT 32 "A";
    .port_info 1 /INPUT 32 "B";
    .port_info 2 /INPUT 4 "ALUOp";
    .port_info 3 /OUTPUT 32 "Result";
    .port_info 4 /OUTPUT 1 "Zero";
v0x55e0c0348dd0_0 .net "A", 31 0, v0x55e0c036a110_0;  1 drivers
v0x55e0c0348e70_0 .net "ALUOp", 3 0, v0x55e0c0368de0_0;  alias, 1 drivers
v0x55e0c0368860_0 .net "B", 31 0, v0x55e0c036a480_0;  1 drivers
v0x55e0c0368920_0 .var "Result", 31 0;
v0x55e0c0368a00_0 .var "Zero", 0 0;
E_0x55e0c032d270 .event edge, v0x55e0c0348e70_0, v0x55e0c0348dd0_0, v0x55e0c0368860_0, v0x55e0c0368920_0;
S_0x55e0c0368bb0 .scope module, "alu_ctrl" "ALUControl" 2 23, 4 1 0, S_0x55e0c03312f0;
 .timescale 0 0;
    .port_info 0 /INPUT 2 "ALUOp";
    .port_info 1 /INPUT 3 "Funct3";
    .port_info 2 /INPUT 7 "Funct7";
    .port_info 3 /OUTPUT 4 "ALUControl";
v0x55e0c0368de0_0 .var "ALUControl", 3 0;
v0x55e0c0368ec0_0 .net "ALUOp", 1 0, v0x55e0c0369420_0;  alias, 1 drivers
v0x55e0c0368f80_0 .net "Funct3", 2 0, v0x55e0c036a640_0;  1 drivers
v0x55e0c0369040_0 .net "Funct7", 6 0, v0x55e0c036a710_0;  1 drivers
E_0x55e0c032d530 .event edge, v0x55e0c0368ec0_0, v0x55e0c0368f80_0, v0x55e0c0369040_0, v0x55e0c0348e70_0;
S_0x55e0c03691a0 .scope module, "ctrl_unit" "ControlUnit" 2 31, 5 1 0, S_0x55e0c03312f0;
 .timescale 0 0;
    .port_info 0 /INPUT 7 "opcode";
    .port_info 1 /OUTPUT 1 "RegWrite";
    .port_info 2 /OUTPUT 1 "ALUSrc";
    .port_info 3 /OUTPUT 1 "MemRead";
    .port_info 4 /OUTPUT 1 "MemWrite";
    .port_info 5 /OUTPUT 1 "Branch";
    .port_info 6 /OUTPUT 1 "MemToReg";
    .port_info 7 /OUTPUT 2 "ALUOp";
v0x55e0c0369420_0 .var "ALUOp", 1 0;
v0x55e0c0369530_0 .var "ALUSrc", 0 0;
v0x55e0c03695d0_0 .var "Branch", 0 0;
v0x55e0c03696a0_0 .var "MemRead", 0 0;
v0x55e0c0369760_0 .var "MemToReg", 0 0;
v0x55e0c0369870_0 .var "MemWrite", 0 0;
v0x55e0c0369930_0 .var "RegWrite", 0 0;
v0x55e0c03699f0_0 .net "opcode", 6 0, L_0x55e0c036ae60;  1 drivers
E_0x55e0c030f9b0/0 .event edge, v0x55e0c03699f0_0, v0x55e0c0369930_0, v0x55e0c0369530_0, v0x55e0c03696a0_0;
E_0x55e0c030f9b0/1 .event edge, v0x55e0c0369870_0, v0x55e0c03695d0_0, v0x55e0c0369760_0, v0x55e0c0368ec0_0;
E_0x55e0c030f9b0 .event/or E_0x55e0c030f9b0/0, E_0x55e0c030f9b0/1;
S_0x55e0c0369c20 .scope module, "imm_gen" "ImmediateGenerator" 2 43, 6 7 0, S_0x55e0c03312f0;
 .timescale 0 0;
    .port_info 0 /INPUT 32 "instr";
    .port_info 1 /OUTPUT 32 "imm_out";
v0x55e0c0369e10_0 .var "imm_out", 31 0;
v0x55e0c0369f10_0 .net "instr", 31 0, v0x55e0c036ad90_0;  1 drivers
v0x55e0c0369ff0_0 .net "opcode", 6 0, L_0x55e0c036af30;  1 drivers
E_0x55e0c0346220 .event edge, v0x55e0c0369ff0_0, v0x55e0c0369f10_0, v0x55e0c0369e10_0;
L_0x55e0c036af30 .part v0x55e0c036ad90_0, 0, 7;
    .scope S_0x55e0c0331480;
T_0 ;
    %wait E_0x55e0c032d270;
    %load/vec4 v0x55e0c0348e70_0;
    %dup/vec4;
    %pushi/vec4 0, 0, 4;
    %cmp/u;
    %jmp/1 T_0.0, 6;
    %dup/vec4;
    %pushi/vec4 1, 0, 4;
    %cmp/u;
    %jmp/1 T_0.1, 6;
    %dup/vec4;
    %pushi/vec4 2, 0, 4;
    %cmp/u;
    %jmp/1 T_0.2, 6;
    %dup/vec4;
    %pushi/vec4 3, 0, 4;
    %cmp/u;
    %jmp/1 T_0.3, 6;
    %dup/vec4;
    %pushi/vec4 4, 0, 4;
    %cmp/u;
    %jmp/1 T_0.4, 6;
    %dup/vec4;
    %pushi/vec4 5, 0, 4;
    %cmp/u;
    %jmp/1 T_0.5, 6;
    %dup/vec4;
    %pushi/vec4 6, 0, 4;
    %cmp/u;
    %jmp/1 T_0.6, 6;
    %dup/vec4;
    %pushi/vec4 7, 0, 4;
    %cmp/u;
    %jmp/1 T_0.7, 6;
    %dup/vec4;
    %pushi/vec4 8, 0, 4;
    %cmp/u;
    %jmp/1 T_0.8, 6;
    %dup/vec4;
    %pushi/vec4 4, 0, 4;
    %cmp/u;
    %jmp/1 T_0.9, 6;
    %pushi/vec4 0, 0, 32;
    %store/vec4 v0x55e0c0368920_0, 0, 32;
    %jmp T_0.11;
T_0.0 ;
    %load/vec4 v0x55e0c0348dd0_0;
    %load/vec4 v0x55e0c0368860_0;
    %add;
    %store/vec4 v0x55e0c0368920_0, 0, 32;
    %jmp T_0.11;
T_0.1 ;
    %load/vec4 v0x55e0c0348dd0_0;
    %load/vec4 v0x55e0c0368860_0;
    %sub;
    %store/vec4 v0x55e0c0368920_0, 0, 32;
    %jmp T_0.11;
T_0.2 ;
    %load/vec4 v0x55e0c0348dd0_0;
    %load/vec4 v0x55e0c0368860_0;
    %and;
    %store/vec4 v0x55e0c0368920_0, 0, 32;
    %jmp T_0.11;
T_0.3 ;
    %load/vec4 v0x55e0c0348dd0_0;
    %load/vec4 v0x55e0c0368860_0;
    %cmp/s;
    %flag_mov 8, 5;
    %jmp/0 T_0.12, 8;
    %pushi/vec4 1, 0, 32;
    %jmp/1 T_0.13, 8;
T_0.12 ; End of true expr.
    %pushi/vec4 0, 0, 32;
    %jmp/0 T_0.13, 8;
 ; End of false expr.
    %blend;
T_0.13;
    %store/vec4 v0x55e0c0368920_0, 0, 32;
    %jmp T_0.11;
T_0.4 ;
    %load/vec4 v0x55e0c0348dd0_0;
    %load/vec4 v0x55e0c0368860_0;
    %parti/s 5, 0, 2;
    %ix/vec4 4;
    %shiftl 4;
    %store/vec4 v0x55e0c0368920_0, 0, 32;
    %jmp T_0.11;
T_0.5 ;
    %load/vec4 v0x55e0c0348dd0_0;
    %load/vec4 v0x55e0c0368860_0;
    %xor;
    %store/vec4 v0x55e0c0368920_0, 0, 32;
    %jmp T_0.11;
T_0.6 ;
    %load/vec4 v0x55e0c0348dd0_0;
    %load/vec4 v0x55e0c0368860_0;
    %parti/s 5, 0, 2;
    %ix/vec4 4;
    %shiftr 4;
    %store/vec4 v0x55e0c0368920_0, 0, 32;
    %jmp T_0.11;
T_0.7 ;
    %load/vec4 v0x55e0c0348dd0_0;
    %load/vec4 v0x55e0c0368860_0;
    %parti/s 5, 0, 2;
    %ix/vec4 4;
    %shiftr/s 4;
    %store/vec4 v0x55e0c0368920_0, 0, 32;
    %jmp T_0.11;
T_0.8 ;
    %load/vec4 v0x55e0c0348dd0_0;
    %load/vec4 v0x55e0c0368860_0;
    %or;
    %store/vec4 v0x55e0c0368920_0, 0, 32;
    %jmp T_0.11;
T_0.9 ;
    %load/vec4 v0x55e0c0348dd0_0;
    %load/vec4 v0x55e0c0368860_0;
    %cmp/u;
    %flag_mov 8, 5;
    %jmp/0 T_0.14, 8;
    %pushi/vec4 1, 0, 32;
    %jmp/1 T_0.15, 8;
T_0.14 ; End of true expr.
    %pushi/vec4 0, 0, 32;
    %jmp/0 T_0.15, 8;
 ; End of false expr.
    %blend;
T_0.15;
    %store/vec4 v0x55e0c0368920_0, 0, 32;
    %jmp T_0.11;
T_0.11 ;
    %pop/vec4 1;
    %load/vec4 v0x55e0c0368920_0;
    %cmpi/e 0, 0, 32;
    %flag_mov 8, 4;
    %jmp/0 T_0.16, 8;
    %pushi/vec4 1, 0, 1;
    %jmp/1 T_0.17, 8;
T_0.16 ; End of true expr.
    %pushi/vec4 0, 0, 1;
    %jmp/0 T_0.17, 8;
 ; End of false expr.
    %blend;
T_0.17;
    %store/vec4 v0x55e0c0368a00_0, 0, 1;
    %vpi_call 3 27 "$display", "ALU HERE : opcode = %b, Result = %b\012", v0x55e0c0348e70_0, v0x55e0c0368920_0 {0 0 0};
    %jmp T_0;
    .thread T_0, $push;
    .scope S_0x55e0c0368bb0;
T_1 ;
    %wait E_0x55e0c032d530;
    %load/vec4 v0x55e0c0368ec0_0;
    %dup/vec4;
    %pushi/vec4 0, 0, 2;
    %cmp/u;
    %jmp/1 T_1.0, 6;
    %dup/vec4;
    %pushi/vec4 1, 0, 2;
    %cmp/u;
    %jmp/1 T_1.1, 6;
    %dup/vec4;
    %pushi/vec4 2, 0, 2;
    %cmp/u;
    %jmp/1 T_1.2, 6;
    %pushi/vec4 0, 0, 4;
    %store/vec4 v0x55e0c0368de0_0, 0, 4;
    %jmp T_1.4;
T_1.0 ;
    %pushi/vec4 0, 0, 4;
    %store/vec4 v0x55e0c0368de0_0, 0, 4;
    %jmp T_1.4;
T_1.1 ;
    %pushi/vec4 1, 0, 4;
    %store/vec4 v0x55e0c0368de0_0, 0, 4;
    %jmp T_1.4;
T_1.2 ;
    %load/vec4 v0x55e0c0368f80_0;
    %dup/vec4;
    %pushi/vec4 0, 0, 3;
    %cmp/u;
    %jmp/1 T_1.5, 6;
    %dup/vec4;
    %pushi/vec4 1, 0, 3;
    %cmp/u;
    %jmp/1 T_1.6, 6;
    %dup/vec4;
    %pushi/vec4 2, 0, 3;
    %cmp/u;
    %jmp/1 T_1.7, 6;
    %dup/vec4;
    %pushi/vec4 3, 0, 3;
    %cmp/u;
    %jmp/1 T_1.8, 6;
    %dup/vec4;
    %pushi/vec4 4, 0, 3;
    %cmp/u;
    %jmp/1 T_1.9, 6;
    %dup/vec4;
    %pushi/vec4 5, 0, 3;
    %cmp/u;
    %jmp/1 T_1.10, 6;
    %dup/vec4;
    %pushi/vec4 6, 0, 3;
    %cmp/u;
    %jmp/1 T_1.11, 6;
    %dup/vec4;
    %pushi/vec4 7, 0, 3;
    %cmp/u;
    %jmp/1 T_1.12, 6;
    %pushi/vec4 0, 0, 4;
    %store/vec4 v0x55e0c0368de0_0, 0, 4;
    %jmp T_1.14;
T_1.5 ;
    %load/vec4 v0x55e0c0369040_0;
    %cmpi/e 32, 0, 7;
    %flag_mov 8, 4;
    %jmp/0 T_1.15, 8;
    %pushi/vec4 1, 0, 4;
    %jmp/1 T_1.16, 8;
T_1.15 ; End of true expr.
    %pushi/vec4 0, 0, 4;
    %jmp/0 T_1.16, 8;
 ; End of false expr.
    %blend;
T_1.16;
    %store/vec4 v0x55e0c0368de0_0, 0, 4;
    %jmp T_1.14;
T_1.6 ;
    %pushi/vec4 2, 0, 4;
    %store/vec4 v0x55e0c0368de0_0, 0, 4;
    %jmp T_1.14;
T_1.7 ;
    %pushi/vec4 3, 0, 4;
    %store/vec4 v0x55e0c0368de0_0, 0, 4;
    %jmp T_1.14;
T_1.8 ;
    %pushi/vec4 4, 0, 4;
    %store/vec4 v0x55e0c0368de0_0, 0, 4;
    %jmp T_1.14;
T_1.9 ;
    %pushi/vec4 5, 0, 4;
    %store/vec4 v0x55e0c0368de0_0, 0, 4;
    %jmp T_1.14;
T_1.10 ;
    %load/vec4 v0x55e0c0369040_0;
    %cmpi/e 32, 0, 7;
    %flag_mov 8, 4;
    %jmp/0 T_1.17, 8;
    %pushi/vec4 7, 0, 4;
    %jmp/1 T_1.18, 8;
T_1.17 ; End of true expr.
    %pushi/vec4 6, 0, 4;
    %jmp/0 T_1.18, 8;
 ; End of false expr.
    %blend;
T_1.18;
    %store/vec4 v0x55e0c0368de0_0, 0, 4;
    %jmp T_1.14;
T_1.11 ;
    %pushi/vec4 8, 0, 4;
    %store/vec4 v0x55e0c0368de0_0, 0, 4;
    %jmp T_1.14;
T_1.12 ;
    %pushi/vec4 2, 0, 4;
    %store/vec4 v0x55e0c0368de0_0, 0, 4;
    %jmp T_1.14;
T_1.14 ;
    %pop/vec4 1;
    %jmp T_1.4;
T_1.4 ;
    %pop/vec4 1;
    %vpi_call 4 45 "$display", "ALUCTR HERE : ALUOp = %b, Funct3 = %b, Funct7 = %b, ALUControl = %b\012", v0x55e0c0368ec0_0, v0x55e0c0368f80_0, v0x55e0c0369040_0, v0x55e0c0368de0_0 {0 0 0};
    %jmp T_1;
    .thread T_1, $push;
    .scope S_0x55e0c03691a0;
T_2 ;
    %wait E_0x55e0c030f9b0;
    %load/vec4 v0x55e0c03699f0_0;
    %dup/vec4;
    %pushi/vec4 51, 0, 7;
    %cmp/u;
    %jmp/1 T_2.0, 6;
    %dup/vec4;
    %pushi/vec4 19, 0, 7;
    %cmp/u;
    %jmp/1 T_2.1, 6;
    %dup/vec4;
    %pushi/vec4 3, 0, 7;
    %cmp/u;
    %jmp/1 T_2.2, 6;
    %dup/vec4;
    %pushi/vec4 35, 0, 7;
    %cmp/u;
    %jmp/1 T_2.3, 6;
    %dup/vec4;
    %pushi/vec4 99, 0, 7;
    %cmp/u;
    %jmp/1 T_2.4, 6;
    %dup/vec4;
    %pushi/vec4 55, 0, 7;
    %cmp/u;
    %jmp/1 T_2.5, 6;
    %dup/vec4;
    %pushi/vec4 23, 0, 7;
    %cmp/u;
    %jmp/1 T_2.6, 6;
    %dup/vec4;
    %pushi/vec4 111, 0, 7;
    %cmp/u;
    %jmp/1 T_2.7, 6;
    %dup/vec4;
    %pushi/vec4 103, 0, 7;
    %cmp/u;
    %jmp/1 T_2.8, 6;
    %pushi/vec4 0, 0, 1;
    %store/vec4 v0x55e0c0369930_0, 0, 1;
    %pushi/vec4 0, 0, 1;
    %store/vec4 v0x55e0c0369530_0, 0, 1;
    %pushi/vec4 0, 0, 1;
    %store/vec4 v0x55e0c03696a0_0, 0, 1;
    %pushi/vec4 0, 0, 1;
    %store/vec4 v0x55e0c0369870_0, 0, 1;
    %pushi/vec4 0, 0, 1;
    %store/vec4 v0x55e0c03695d0_0, 0, 1;
    %pushi/vec4 0, 0, 1;
    %store/vec4 v0x55e0c0369760_0, 0, 1;
    %pushi/vec4 0, 0, 2;
    %store/vec4 v0x55e0c0369420_0, 0, 2;
    %jmp T_2.10;
T_2.0 ;
    %pushi/vec4 1, 0, 1;
    %store/vec4 v0x55e0c0369930_0, 0, 1;
    %pushi/vec4 0, 0, 1;
    %store/vec4 v0x55e0c0369530_0, 0, 1;
    %pushi/vec4 0, 0, 1;
    %store/vec4 v0x55e0c03696a0_0, 0, 1;
    %pushi/vec4 0, 0, 1;
    %store/vec4 v0x55e0c0369870_0, 0, 1;
    %pushi/vec4 0, 0, 1;
    %store/vec4 v0x55e0c03695d0_0, 0, 1;
    %pushi/vec4 0, 0, 1;
    %store/vec4 v0x55e0c0369760_0, 0, 1;
    %pushi/vec4 2, 0, 2;
    %store/vec4 v0x55e0c0369420_0, 0, 2;
    %jmp T_2.10;
T_2.1 ;
    %pushi/vec4 1, 0, 1;
    %store/vec4 v0x55e0c0369930_0, 0, 1;
    %pushi/vec4 1, 0, 1;
    %store/vec4 v0x55e0c0369530_0, 0, 1;
    %load/vec4 v0x55e0c03699f0_0;
    %pushi/vec4 3, 0, 7;
    %cmp/e;
    %flag_get/vec4 4;
    %store/vec4 v0x55e0c03696a0_0, 0, 1;
    %pushi/vec4 0, 0, 1;
    %store/vec4 v0x55e0c0369870_0, 0, 1;
    %pushi/vec4 0, 0, 1;
    %store/vec4 v0x55e0c03695d0_0, 0, 1;
    %load/vec4 v0x55e0c03699f0_0;
    %pushi/vec4 3, 0, 7;
    %cmp/e;
    %flag_get/vec4 4;
    %store/vec4 v0x55e0c0369760_0, 0, 1;
    %pushi/vec4 0, 0, 2;
    %store/vec4 v0x55e0c0369420_0, 0, 2;
    %jmp T_2.10;
T_2.2 ;
    %pushi/vec4 1, 0, 1;
    %store/vec4 v0x55e0c0369930_0, 0, 1;
    %pushi/vec4 1, 0, 1;
    %store/vec4 v0x55e0c0369530_0, 0, 1;
    %load/vec4 v0x55e0c03699f0_0;
    %pushi/vec4 3, 0, 7;
    %cmp/e;
    %flag_get/vec4 4;
    %store/vec4 v0x55e0c03696a0_0, 0, 1;
    %pushi/vec4 0, 0, 1;
    %store/vec4 v0x55e0c0369870_0, 0, 1;
    %pushi/vec4 0, 0, 1;
    %store/vec4 v0x55e0c03695d0_0, 0, 1;
    %load/vec4 v0x55e0c03699f0_0;
    %pushi/vec4 3, 0, 7;
    %cmp/e;
    %flag_get/vec4 4;
    %store/vec4 v0x55e0c0369760_0, 0, 1;
    %pushi/vec4 0, 0, 2;
    %store/vec4 v0x55e0c0369420_0, 0, 2;
    %jmp T_2.10;
T_2.3 ;
    %pushi/vec4 0, 0, 1;
    %store/vec4 v0x55e0c0369930_0, 0, 1;
    %pushi/vec4 1, 0, 1;
    %store/vec4 v0x55e0c0369530_0, 0, 1;
    %pushi/vec4 0, 0, 1;
    %store/vec4 v0x55e0c03696a0_0, 0, 1;
    %pushi/vec4 1, 0, 1;
    %store/vec4 v0x55e0c0369870_0, 0, 1;
    %pushi/vec4 0, 0, 1;
    %store/vec4 v0x55e0c03695d0_0, 0, 1;
    %pushi/vec4 0, 0, 1;
    %store/vec4 v0x55e0c0369760_0, 0, 1;
    %pushi/vec4 0, 0, 2;
    %store/vec4 v0x55e0c0369420_0, 0, 2;
    %jmp T_2.10;
T_2.4 ;
    %pushi/vec4 0, 0, 1;
    %store/vec4 v0x55e0c0369930_0, 0, 1;
    %pushi/vec4 0, 0, 1;
    %store/vec4 v0x55e0c0369530_0, 0, 1;
    %pushi/vec4 0, 0, 1;
    %store/vec4 v0x55e0c03696a0_0, 0, 1;
    %pushi/vec4 0, 0, 1;
    %store/vec4 v0x55e0c0369870_0, 0, 1;
    %pushi/vec4 1, 0, 1;
    %store/vec4 v0x55e0c03695d0_0, 0, 1;
    %pushi/vec4 0, 0, 1;
    %store/vec4 v0x55e0c0369760_0, 0, 1;
    %pushi/vec4 1, 0, 2;
    %store/vec4 v0x55e0c0369420_0, 0, 2;
    %jmp T_2.10;
T_2.5 ;
    %pushi/vec4 1, 0, 1;
    %store/vec4 v0x55e0c0369930_0, 0, 1;
    %pushi/vec4 1, 0, 1;
    %store/vec4 v0x55e0c0369530_0, 0, 1;
    %pushi/vec4 0, 0, 1;
    %store/vec4 v0x55e0c03696a0_0, 0, 1;
    %pushi/vec4 0, 0, 1;
    %store/vec4 v0x55e0c0369870_0, 0, 1;
    %pushi/vec4 0, 0, 1;
    %store/vec4 v0x55e0c03695d0_0, 0, 1;
    %pushi/vec4 0, 0, 1;
    %store/vec4 v0x55e0c0369760_0, 0, 1;
    %pushi/vec4 3, 0, 2;
    %store/vec4 v0x55e0c0369420_0, 0, 2;
    %jmp T_2.10;
T_2.6 ;
    %pushi/vec4 1, 0, 1;
    %store/vec4 v0x55e0c0369930_0, 0, 1;
    %pushi/vec4 1, 0, 1;
    %store/vec4 v0x55e0c0369530_0, 0, 1;
    %pushi/vec4 0, 0, 1;
    %store/vec4 v0x55e0c03696a0_0, 0, 1;
    %pushi/vec4 0, 0, 1;
    %store/vec4 v0x55e0c0369870_0, 0, 1;
    %pushi/vec4 0, 0, 1;
    %store/vec4 v0x55e0c03695d0_0, 0, 1;
    %pushi/vec4 0, 0, 1;
    %store/vec4 v0x55e0c0369760_0, 0, 1;
    %pushi/vec4 3, 0, 2;
    %store/vec4 v0x55e0c0369420_0, 0, 2;
    %jmp T_2.10;
T_2.7 ;
    %pushi/vec4 1, 0, 1;
    %store/vec4 v0x55e0c0369930_0, 0, 1;
    %pushi/vec4 1, 0, 1;
    %store/vec4 v0x55e0c0369530_0, 0, 1;
    %pushi/vec4 0, 0, 1;
    %store/vec4 v0x55e0c03696a0_0, 0, 1;
    %pushi/vec4 0, 0, 1;
    %store/vec4 v0x55e0c0369870_0, 0, 1;
    %pushi/vec4 0, 0, 1;
    %store/vec4 v0x55e0c03695d0_0, 0, 1;
    %pushi/vec4 0, 0, 1;
    %store/vec4 v0x55e0c0369760_0, 0, 1;
    %pushi/vec4 0, 0, 2;
    %store/vec4 v0x55e0c0369420_0, 0, 2;
    %jmp T_2.10;
T_2.8 ;
    %pushi/vec4 1, 0, 1;
    %store/vec4 v0x55e0c0369930_0, 0, 1;
    %pushi/vec4 1, 0, 1;
    %store/vec4 v0x55e0c0369530_0, 0, 1;
    %pushi/vec4 0, 0, 1;
    %store/vec4 v0x55e0c03696a0_0, 0, 1;
    %pushi/vec4 0, 0, 1;
    %store/vec4 v0x55e0c0369870_0, 0, 1;
    %pushi/vec4 0, 0, 1;
    %store/vec4 v0x55e0c03695d0_0, 0, 1;
    %pushi/vec4 0, 0, 1;
    %store/vec4 v0x55e0c0369760_0, 0, 1;
    %pushi/vec4 0, 0, 2;
    %store/vec4 v0x55e0c0369420_0, 0, 2;
    %jmp T_2.10;
T_2.10 ;
    %pop/vec4 1;
    %vpi_call 5 42 "$display", "CRT HERE : Opcode = %b, RegWrite = %b, ALUSrc = %b, MemRead = %b, MemWrite = %b, Branch = %b, MemToReg = %b, ALUOp = %b\012", v0x55e0c03699f0_0, v0x55e0c0369930_0, v0x55e0c0369530_0, v0x55e0c03696a0_0, v0x55e0c0369870_0, v0x55e0c03695d0_0, v0x55e0c0369760_0, v0x55e0c0369420_0 {0 0 0};
    %jmp T_2;
    .thread T_2, $push;
    .scope S_0x55e0c0369c20;
T_3 ;
    %wait E_0x55e0c0346220;
    %load/vec4 v0x55e0c0369ff0_0;
    %dup/vec4;
    %pushi/vec4 19, 0, 7;
    %cmp/u;
    %jmp/1 T_3.0, 6;
    %dup/vec4;
    %pushi/vec4 3, 0, 7;
    %cmp/u;
    %jmp/1 T_3.1, 6;
    %dup/vec4;
    %pushi/vec4 103, 0, 7;
    %cmp/u;
    %jmp/1 T_3.2, 6;
    %dup/vec4;
    %pushi/vec4 35, 0, 7;
    %cmp/u;
    %jmp/1 T_3.3, 6;
    %dup/vec4;
    %pushi/vec4 99, 0, 7;
    %cmp/u;
    %jmp/1 T_3.4, 6;
    %dup/vec4;
    %pushi/vec4 55, 0, 7;
    %cmp/u;
    %jmp/1 T_3.5, 6;
    %dup/vec4;
    %pushi/vec4 23, 0, 7;
    %cmp/u;
    %jmp/1 T_3.6, 6;
    %dup/vec4;
    %pushi/vec4 111, 0, 7;
    %cmp/u;
    %jmp/1 T_3.7, 6;
    %pushi/vec4 0, 0, 32;
    %store/vec4 v0x55e0c0369e10_0, 0, 32;
    %jmp T_3.9;
T_3.0 ;
    %load/vec4 v0x55e0c0369f10_0;
    %parti/s 1, 31, 6;
    %replicate 20;
    %load/vec4 v0x55e0c0369f10_0;
    %parti/s 12, 20, 6;
    %concat/vec4; draw_concat_vec4
    %store/vec4 v0x55e0c0369e10_0, 0, 32;
    %jmp T_3.9;
T_3.1 ;
    %load/vec4 v0x55e0c0369f10_0;
    %parti/s 1, 31, 6;
    %replicate 20;
    %load/vec4 v0x55e0c0369f10_0;
    %parti/s 12, 20, 6;
    %concat/vec4; draw_concat_vec4
    %store/vec4 v0x55e0c0369e10_0, 0, 32;
    %jmp T_3.9;
T_3.2 ;
    %load/vec4 v0x55e0c0369f10_0;
    %parti/s 1, 31, 6;
    %replicate 20;
    %load/vec4 v0x55e0c0369f10_0;
    %parti/s 12, 20, 6;
    %concat/vec4; draw_concat_vec4
    %store/vec4 v0x55e0c0369e10_0, 0, 32;
    %jmp T_3.9;
T_3.3 ;
    %load/vec4 v0x55e0c0369f10_0;
    %parti/s 1, 31, 6;
    %replicate 20;
    %load/vec4 v0x55e0c0369f10_0;
    %parti/s 7, 25, 6;
    %concat/vec4; draw_concat_vec4
    %load/vec4 v0x55e0c0369f10_0;
    %parti/s 5, 7, 4;
    %concat/vec4; draw_concat_vec4
    %store/vec4 v0x55e0c0369e10_0, 0, 32;
    %jmp T_3.9;
T_3.4 ;
    %load/vec4 v0x55e0c0369f10_0;
    %parti/s 1, 31, 6;
    %replicate 19;
    %load/vec4 v0x55e0c0369f10_0;
    %parti/s 1, 31, 6;
    %concat/vec4; draw_concat_vec4
    %load/vec4 v0x55e0c0369f10_0;
    %parti/s 1, 7, 4;
    %concat/vec4; draw_concat_vec4
    %load/vec4 v0x55e0c0369f10_0;
    %parti/s 6, 25, 6;
    %concat/vec4; draw_concat_vec4
    %load/vec4 v0x55e0c0369f10_0;
    %parti/s 4, 8, 5;
    %concat/vec4; draw_concat_vec4
    %concati/vec4 0, 0, 1;
    %store/vec4 v0x55e0c0369e10_0, 0, 32;
    %jmp T_3.9;
T_3.5 ;
    %load/vec4 v0x55e0c0369f10_0;
    %parti/s 20, 12, 5;
    %concati/vec4 0, 0, 12;
    %store/vec4 v0x55e0c0369e10_0, 0, 32;
    %jmp T_3.9;
T_3.6 ;
    %load/vec4 v0x55e0c0369f10_0;
    %parti/s 20, 12, 5;
    %concati/vec4 0, 0, 12;
    %store/vec4 v0x55e0c0369e10_0, 0, 32;
    %jmp T_3.9;
T_3.7 ;
    %load/vec4 v0x55e0c0369f10_0;
    %parti/s 1, 31, 6;
    %replicate 11;
    %load/vec4 v0x55e0c0369f10_0;
    %parti/s 1, 31, 6;
    %concat/vec4; draw_concat_vec4
    %load/vec4 v0x55e0c0369f10_0;
    %parti/s 8, 12, 5;
    %concat/vec4; draw_concat_vec4
    %load/vec4 v0x55e0c0369f10_0;
    %parti/s 1, 20, 6;
    %concat/vec4; draw_concat_vec4
    %load/vec4 v0x55e0c0369f10_0;
    %parti/s 10, 21, 6;
    %concat/vec4; draw_concat_vec4
    %concati/vec4 0, 0, 1;
    %store/vec4 v0x55e0c0369e10_0, 0, 32;
    %jmp T_3.9;
T_3.9 ;
    %pop/vec4 1;
    %vpi_call 6 37 "$display", "IMM HERE : opcode = %b, imm_out = %h\012", v0x55e0c0369ff0_0, v0x55e0c0369e10_0 {0 0 0};
    %jmp T_3;
    .thread T_3, $push;
    .scope S_0x55e0c03312f0;
T_4 ;
    %delay 10, 0;
    %pushi/vec4 48, 0, 32;
    %store/vec4 v0x55e0c036a110_0, 0, 32;
    %pushi/vec4 32, 0, 32;
    %store/vec4 v0x55e0c036a480_0, 0, 32;
    %pushi/vec4 0, 0, 3;
    %store/vec4 v0x55e0c036a640_0, 0, 3;
    %pushi/vec4 32, 0, 7;
    %store/vec4 v0x55e0c036a710_0, 0, 7;
    %pushi/vec4 1073741875, 0, 32;
    %store/vec4 v0x55e0c036ad90_0, 0, 32;
    %delay 10, 0;
    %pushi/vec4 33, 0, 32;
    %store/vec4 v0x55e0c036a110_0, 0, 32;
    %pushi/vec4 21, 0, 32;
    %store/vec4 v0x55e0c036a480_0, 0, 32;
    %pushi/vec4 7, 0, 3;
    %store/vec4 v0x55e0c036a640_0, 0, 3;
    %pushi/vec4 51, 0, 32;
    %store/vec4 v0x55e0c036ad90_0, 0, 32;
    %delay 10, 0;
    %pushi/vec4 16, 0, 32;
    %store/vec4 v0x55e0c036a110_0, 0, 32;
    %pushi/vec4 32, 0, 32;
    %store/vec4 v0x55e0c036a480_0, 0, 32;
    %pushi/vec4 0, 0, 3;
    %store/vec4 v0x55e0c036a640_0, 0, 3;
    %pushi/vec4 32, 0, 7;
    %store/vec4 v0x55e0c036a710_0, 0, 7;
    %pushi/vec4 1073741875, 0, 32;
    %store/vec4 v0x55e0c036ad90_0, 0, 32;
    %delay 10, 0;
    %pushi/vec4 33, 0, 32;
    %store/vec4 v0x55e0c036a110_0, 0, 32;
    %pushi/vec4 21, 0, 32;
    %store/vec4 v0x55e0c036a480_0, 0, 32;
    %pushi/vec4 7, 0, 3;
    %store/vec4 v0x55e0c036a640_0, 0, 3;
    %pushi/vec4 51, 0, 32;
    %store/vec4 v0x55e0c036ad90_0, 0, 32;
    %delay 10, 0;
    %pushi/vec4 33, 0, 32;
    %store/vec4 v0x55e0c036a110_0, 0, 32;
    %pushi/vec4 21, 0, 32;
    %store/vec4 v0x55e0c036a480_0, 0, 32;
    %pushi/vec4 7, 0, 3;
    %store/vec4 v0x55e0c036a640_0, 0, 3;
    %pushi/vec4 51, 0, 32;
    %store/vec4 v0x55e0c036ad90_0, 0, 32;
    %end;
    .thread T_4;
    .scope S_0x55e0c03312f0;
T_5 ;
    %vpi_call 2 63 "$monitor", "Time : %0t / TESTBENCH HERE : A = %h, B = %h, ALUOp = %b, ALUControl = %b, Result = %h, Zero = %b, Imm_Out = %h\012", $time, v0x55e0c036a110_0, v0x55e0c036a480_0, v0x55e0c036a2f0_0, v0x55e0c036a200_0, v0x55e0c036ab20_0, v0x55e0c036abf0_0, v0x55e0c036acc0_0 {0 0 0};
    %delay 100, 0;
    %vpi_call 2 66 "$finish" {0 0 0};
    %end;
    .thread T_5;
# The file index is used to find the file name in the following table.
:file_names 7;
    "N/A";
    "<interactive>";
    "tb.v";
    "alu.v";
    "aluctr.v";
    "ctr.v";
    "imm.v";
