#! /usr/bin/vvp
:ivl_version "11.0 (stable)";
:ivl_delay_selection "TYPICAL";
:vpi_time_precision - 10;
:vpi_module "/usr/lib/x86_64-linux-gnu/ivl/system.vpi";
:vpi_module "/usr/lib/x86_64-linux-gnu/ivl/vhdl_sys.vpi";
:vpi_module "/usr/lib/x86_64-linux-gnu/ivl/vhdl_textio.vpi";
:vpi_module "/usr/lib/x86_64-linux-gnu/ivl/v2005_math.vpi";
:vpi_module "/usr/lib/x86_64-linux-gnu/ivl/va_math.vpi";
S_0x55f420c62020 .scope module, "register_file_tb" "register_file_tb" 2 10;
 .timescale -9 -10;
v0x55f420c7b490_0 .var "clk", 0 0;
v0x55f420c7b550_0 .var "rd", 4 0;
v0x55f420c7b620_0 .net "rd1", 31 0, L_0x55f420c51080;  1 drivers
v0x55f420c7b720_0 .net "rd2", 31 0, L_0x55f420c7c090;  1 drivers
v0x55f420c7b7f0_0 .var "rs1", 4 0;
v0x55f420c7b890_0 .var "rs2", 4 0;
v0x55f420c7b960_0 .var "wd", 31 0;
v0x55f420c7ba30_0 .var "we", 0 0;
S_0x55f420c621b0 .scope module, "uut" "RegisterFile" 2 18, 3 1 0, S_0x55f420c62020;
 .timescale 0 0;
    .port_info 0 /INPUT 1 "clk";
    .port_info 1 /INPUT 1 "we";
    .port_info 2 /INPUT 5 "rs1";
    .port_info 3 /INPUT 5 "rs2";
    .port_info 4 /INPUT 5 "rd";
    .port_info 5 /INPUT 32 "wd";
    .port_info 6 /OUTPUT 32 "rd1";
    .port_info 7 /OUTPUT 32 "rd2";
L_0x55f420c51080 .functor BUFZ 32, L_0x55f420c7bb00, C4<00000000000000000000000000000000>, C4<00000000000000000000000000000000>, C4<00000000000000000000000000000000>;
L_0x55f420c7c090 .functor BUFZ 32, L_0x55f420c7be30, C4<00000000000000000000000000000000>, C4<00000000000000000000000000000000>, C4<00000000000000000000000000000000>;
v0x55f420c52860_0 .net *"_ivl_0", 31 0, L_0x55f420c7bb00;  1 drivers
v0x55f420c7a780_0 .net *"_ivl_10", 6 0, L_0x55f420c7bed0;  1 drivers
L_0x7fe927d25060 .functor BUFT 1, C4<00>, C4<0>, C4<0>, C4<0>;
v0x55f420c7a860_0 .net *"_ivl_13", 1 0, L_0x7fe927d25060;  1 drivers
v0x55f420c7a920_0 .net *"_ivl_2", 6 0, L_0x55f420c7bc00;  1 drivers
L_0x7fe927d25018 .functor BUFT 1, C4<00>, C4<0>, C4<0>, C4<0>;
v0x55f420c7aa00_0 .net *"_ivl_5", 1 0, L_0x7fe927d25018;  1 drivers
v0x55f420c7ab30_0 .net *"_ivl_8", 31 0, L_0x55f420c7be30;  1 drivers
v0x55f420c7ac10_0 .net "clk", 0 0, v0x55f420c7b490_0;  1 drivers
v0x55f420c7acd0_0 .net "rd", 4 0, v0x55f420c7b550_0;  1 drivers
v0x55f420c7adb0_0 .net "rd1", 31 0, L_0x55f420c51080;  alias, 1 drivers
v0x55f420c7ae90_0 .net "rd2", 31 0, L_0x55f420c7c090;  alias, 1 drivers
v0x55f420c7af70 .array "registers", 0 31, 31 0;
v0x55f420c7b030_0 .net "rs1", 4 0, v0x55f420c7b7f0_0;  1 drivers
v0x55f420c7b110_0 .net "rs2", 4 0, v0x55f420c7b890_0;  1 drivers
v0x55f420c7b1f0_0 .net "wd", 31 0, v0x55f420c7b960_0;  1 drivers
v0x55f420c7b2d0_0 .net "we", 0 0, v0x55f420c7ba30_0;  1 drivers
E_0x55f420c603c0 .event posedge, v0x55f420c7ac10_0;
L_0x55f420c7bb00 .array/port v0x55f420c7af70, L_0x55f420c7bc00;
L_0x55f420c7bc00 .concat [ 5 2 0 0], v0x55f420c7b7f0_0, L_0x7fe927d25018;
L_0x55f420c7be30 .array/port v0x55f420c7af70, L_0x55f420c7bed0;
L_0x55f420c7bed0 .concat [ 5 2 0 0], v0x55f420c7b890_0, L_0x7fe927d25060;
    .scope S_0x55f420c621b0;
T_0 ;
    %wait E_0x55f420c603c0;
    %load/vec4 v0x55f420c7b2d0_0;
    %load/vec4 v0x55f420c7acd0_0;
    %pad/u 32;
    %pushi/vec4 0, 0, 32;
    %cmp/ne;
    %flag_get/vec4 4;
    %and;
    %flag_set/vec4 8;
    %jmp/0xz  T_0.0, 8;
    %load/vec4 v0x55f420c7b1f0_0;
    %load/vec4 v0x55f420c7acd0_0;
    %pad/u 7;
    %ix/vec4 3;
    %ix/load 4, 0, 0; Constant delay
    %assign/vec4/a/d v0x55f420c7af70, 0, 4;
T_0.0 ;
    %jmp T_0;
    .thread T_0;
    .scope S_0x55f420c62020;
T_1 ;
    %delay 50, 0;
    %load/vec4 v0x55f420c7b490_0;
    %inv;
    %store/vec4 v0x55f420c7b490_0, 0, 1;
    %jmp T_1;
    .thread T_1;
    .scope S_0x55f420c62020;
T_2 ;
    %pushi/vec4 0, 0, 1;
    %store/vec4 v0x55f420c7b490_0, 0, 1;
    %pushi/vec4 1, 0, 1;
    %store/vec4 v0x55f420c7ba30_0, 0, 1;
    %pushi/vec4 1, 0, 5;
    %store/vec4 v0x55f420c7b550_0, 0, 5;
    %pushi/vec4 10, 0, 32;
    %store/vec4 v0x55f420c7b960_0, 0, 32;
    %delay 100, 0;
    %pushi/vec4 2, 0, 5;
    %store/vec4 v0x55f420c7b550_0, 0, 5;
    %pushi/vec4 20, 0, 32;
    %store/vec4 v0x55f420c7b960_0, 0, 32;
    %delay 100, 0;
    %pushi/vec4 0, 0, 1;
    %store/vec4 v0x55f420c7ba30_0, 0, 1;
    %pushi/vec4 1, 0, 5;
    %store/vec4 v0x55f420c7b7f0_0, 0, 5;
    %pushi/vec4 2, 0, 5;
    %store/vec4 v0x55f420c7b890_0, 0, 5;
    %delay 100, 0;
    %pushi/vec4 1, 0, 1;
    %store/vec4 v0x55f420c7ba30_0, 0, 1;
    %pushi/vec4 0, 0, 5;
    %store/vec4 v0x55f420c7b550_0, 0, 5;
    %pushi/vec4 100, 0, 32;
    %store/vec4 v0x55f420c7b960_0, 0, 32;
    %delay 100, 0;
    %pushi/vec4 0, 0, 1;
    %store/vec4 v0x55f420c7ba30_0, 0, 1;
    %pushi/vec4 0, 0, 5;
    %store/vec4 v0x55f420c7b7f0_0, 0, 5;
    %delay 100, 0;
    %delay 100, 0;
    %vpi_call 2 63 "$finish" {0 0 0};
    %end;
    .thread T_2;
    .scope S_0x55f420c62020;
T_3 ;
    %vpi_call 2 67 "$monitor", "Time=%0t | WE=%b | RD=%d | WD=%d | RS1=%d | RS2=%d | RD1=%d | RD2=%d", $time, v0x55f420c7ba30_0, v0x55f420c7b550_0, v0x55f420c7b960_0, v0x55f420c7b7f0_0, v0x55f420c7b890_0, v0x55f420c7b620_0, v0x55f420c7b720_0 {0 0 0};
    %end;
    .thread T_3;
# The file index is used to find the file name in the following table.
:file_names 4;
    "N/A";
    "<interactive>";
    "regtb.v";
    "reg.v";
