#! /usr/bin/vvp
:ivl_version "11.0 (stable)";
:ivl_delay_selection "TYPICAL";
:vpi_time_precision - 10;
:vpi_module "/usr/lib/x86_64-linux-gnu/ivl/system.vpi";
:vpi_module "/usr/lib/x86_64-linux-gnu/ivl/vhdl_sys.vpi";
:vpi_module "/usr/lib/x86_64-linux-gnu/ivl/vhdl_textio.vpi";
:vpi_module "/usr/lib/x86_64-linux-gnu/ivl/v2005_math.vpi";
:vpi_module "/usr/lib/x86_64-linux-gnu/ivl/va_math.vpi";
S_0x55c1f9425cf0 .scope module, "ALU_ALUctr_ImmGen_tb" "ALU_ALUctr_ImmGen_tb" 2 3;
 .timescale -9 -10;
v0x55c1f94a0e30_0 .var "A", 31 0;
v0x55c1f94a0f20_0 .net "ALUop", 4 0, v0x55c1f94a05c0_0;  1 drivers
v0x55c1f94a1010_0 .net "Y", 31 0, v0x55c1f949f930_0;  1 drivers
v0x55c1f94a10e0_0 .var "funct3", 2 0;
v0x55c1f94a11b0_0 .var "funct7", 6 0;
v0x55c1f94a12a0_0 .net "imm_out", 31 0, v0x55c1f94a0c00_0;  1 drivers
v0x55c1f94a1390_0 .var "instr", 31 0;
v0x55c1f94a1450_0 .var "opcode", 6 0;
v0x55c1f94a1520_0 .net "zero", 0 0, L_0x55c1f94b1660;  1 drivers
S_0x55c1f9425e80 .scope module, "alu" "ALU" 2 29, 3 1 0, S_0x55c1f9425cf0;
 .timescale -9 -10;
    .port_info 0 /INPUT 32 "A";
    .port_info 1 /INPUT 32 "B";
    .port_info 2 /INPUT 5 "ALUop";
    .port_info 3 /OUTPUT 32 "Y";
    .port_info 4 /OUTPUT 1 "zero";
v0x55c1f9426010_0 .net "A", 31 0, v0x55c1f94a0e30_0;  1 drivers
v0x55c1f949f790_0 .net "ALUop", 4 0, v0x55c1f94a05c0_0;  alias, 1 drivers
v0x55c1f949f870_0 .net "B", 31 0, v0x55c1f94a0c00_0;  alias, 1 drivers
v0x55c1f949f930_0 .var "Y", 31 0;
L_0x7fae32a20018 .functor BUFT 1, C4<00000000000000000000000000000000>, C4<0>, C4<0>, C4<0>;
v0x55c1f949fa10_0 .net/2u *"_ivl_0", 31 0, L_0x7fae32a20018;  1 drivers
v0x55c1f949fb40_0 .net "zero", 0 0, L_0x55c1f94b1660;  alias, 1 drivers
E_0x55c1f946b710 .event edge, v0x55c1f949f790_0, v0x55c1f9426010_0, v0x55c1f949f870_0;
L_0x55c1f94b1660 .cmp/eq 32, v0x55c1f949f930_0, L_0x7fae32a20018;
S_0x55c1f949fca0 .scope module, "alu_ctrl" "ALUctr" 2 21, 4 41 0, S_0x55c1f9425cf0;
 .timescale -9 -10;
    .port_info 0 /INPUT 7 "opcode";
    .port_info 1 /INPUT 3 "funct3";
    .port_info 2 /INPUT 7 "funct7";
    .port_info 3 /OUTPUT 5 "ALUop";
P_0x55c1f94693d0 .param/l "ALU_ADD" 1 4 49, C4<00000>;
P_0x55c1f9469410 .param/l "ALU_AND" 1 4 58, C4<01001>;
P_0x55c1f9469450 .param/l "ALU_BEQ" 1 4 61, C4<01010>;
P_0x55c1f9469490 .param/l "ALU_BGE" 1 4 64, C4<01101>;
P_0x55c1f94694d0 .param/l "ALU_BGEU" 1 4 66, C4<01111>;
P_0x55c1f9469510 .param/l "ALU_BLT" 1 4 63, C4<01100>;
P_0x55c1f9469550 .param/l "ALU_BLTU" 1 4 65, C4<01110>;
P_0x55c1f9469590 .param/l "ALU_BNE" 1 4 62, C4<01011>;
P_0x55c1f94695d0 .param/l "ALU_OR" 1 4 57, C4<01000>;
P_0x55c1f9469610 .param/l "ALU_SLL" 1 4 51, C4<00010>;
P_0x55c1f9469650 .param/l "ALU_SLT" 1 4 52, C4<00011>;
P_0x55c1f9469690 .param/l "ALU_SLTU" 1 4 53, C4<00100>;
P_0x55c1f94696d0 .param/l "ALU_SRA" 1 4 56, C4<00111>;
P_0x55c1f9469710 .param/l "ALU_SRL" 1 4 55, C4<00110>;
P_0x55c1f9469750 .param/l "ALU_SUB" 1 4 50, C4<00001>;
P_0x55c1f9469790 .param/l "ALU_XOR" 1 4 54, C4<00101>;
v0x55c1f94a05c0_0 .var "ALUop", 4 0;
v0x55c1f94a06a0_0 .net "funct3", 2 0, v0x55c1f94a10e0_0;  1 drivers
v0x55c1f94a0760_0 .net "funct7", 6 0, v0x55c1f94a11b0_0;  1 drivers
v0x55c1f94a0850_0 .net "opcode", 6 0, v0x55c1f94a1450_0;  1 drivers
E_0x55c1f946b960 .event edge, v0x55c1f94a0850_0, v0x55c1f94a06a0_0, v0x55c1f94a0760_0;
S_0x55c1f94a09e0 .scope module, "imm_gen" "ImmGen" 2 15, 5 8 0, S_0x55c1f9425cf0;
 .timescale -9 -10;
    .port_info 0 /INPUT 32 "instr";
    .port_info 1 /OUTPUT 32 "imm_out";
v0x55c1f94a0c00_0 .var "imm_out", 31 0;
v0x55c1f94a0d10_0 .net "instr", 31 0, v0x55c1f94a1390_0;  1 drivers
E_0x55c1f947ffb0 .event edge, v0x55c1f94a0d10_0;
    .scope S_0x55c1f94a09e0;
T_0 ;
    %wait E_0x55c1f947ffb0;
    %load/vec4 v0x55c1f94a0d10_0;
    %parti/s 7, 0, 2;
    %dup/vec4;
    %pushi/vec4 19, 0, 7;
    %cmp/u;
    %jmp/1 T_0.0, 6;
    %dup/vec4;
    %pushi/vec4 99, 0, 7;
    %cmp/u;
    %jmp/1 T_0.1, 6;
    %pushi/vec4 0, 0, 32;
    %store/vec4 v0x55c1f94a0c00_0, 0, 32;
    %jmp T_0.3;
T_0.0 ;
    %load/vec4 v0x55c1f94a0d10_0;
    %parti/s 1, 31, 6;
    %replicate 20;
    %load/vec4 v0x55c1f94a0d10_0;
    %parti/s 12, 20, 6;
    %concat/vec4; draw_concat_vec4
    %store/vec4 v0x55c1f94a0c00_0, 0, 32;
    %jmp T_0.3;
T_0.1 ;
    %load/vec4 v0x55c1f94a0d10_0;
    %parti/s 1, 31, 6;
    %replicate 19;
    %load/vec4 v0x55c1f94a0d10_0;
    %parti/s 1, 31, 6;
    %concat/vec4; draw_concat_vec4
    %load/vec4 v0x55c1f94a0d10_0;
    %parti/s 1, 7, 4;
    %concat/vec4; draw_concat_vec4
    %load/vec4 v0x55c1f94a0d10_0;
    %parti/s 6, 25, 6;
    %concat/vec4; draw_concat_vec4
    %load/vec4 v0x55c1f94a0d10_0;
    %parti/s 4, 8, 5;
    %concat/vec4; draw_concat_vec4
    %concati/vec4 0, 0, 1;
    %store/vec4 v0x55c1f94a0c00_0, 0, 32;
    %jmp T_0.3;
T_0.3 ;
    %pop/vec4 1;
    %jmp T_0;
    .thread T_0, $push;
    .scope S_0x55c1f949fca0;
T_1 ;
    %wait E_0x55c1f946b960;
    %load/vec4 v0x55c1f94a0850_0;
    %dup/vec4;
    %pushi/vec4 51, 0, 7;
    %cmp/u;
    %jmp/1 T_1.0, 6;
    %dup/vec4;
    %pushi/vec4 19, 0, 7;
    %cmp/u;
    %jmp/1 T_1.1, 6;
    %dup/vec4;
    %pushi/vec4 99, 0, 7;
    %cmp/u;
    %jmp/1 T_1.2, 6;
    %pushi/vec4 0, 0, 5;
    %store/vec4 v0x55c1f94a05c0_0, 0, 5;
    %jmp T_1.4;
T_1.0 ;
    %load/vec4 v0x55c1f94a06a0_0;
    %dup/vec4;
    %pushi/vec4 0, 0, 3;
    %cmp/u;
    %jmp/1 T_1.5, 6;
    %dup/vec4;
    %pushi/vec4 1, 0, 3;
    %cmp/u;
    %jmp/1 T_1.6, 6;
    %dup/vec4;
    %pushi/vec4 2, 0, 3;
    %cmp/u;
    %jmp/1 T_1.7, 6;
    %dup/vec4;
    %pushi/vec4 3, 0, 3;
    %cmp/u;
    %jmp/1 T_1.8, 6;
    %dup/vec4;
    %pushi/vec4 4, 0, 3;
    %cmp/u;
    %jmp/1 T_1.9, 6;
    %dup/vec4;
    %pushi/vec4 5, 0, 3;
    %cmp/u;
    %jmp/1 T_1.10, 6;
    %dup/vec4;
    %pushi/vec4 6, 0, 3;
    %cmp/u;
    %jmp/1 T_1.11, 6;
    %dup/vec4;
    %pushi/vec4 7, 0, 3;
    %cmp/u;
    %jmp/1 T_1.12, 6;
    %pushi/vec4 0, 0, 5;
    %store/vec4 v0x55c1f94a05c0_0, 0, 5;
    %jmp T_1.14;
T_1.5 ;
    %load/vec4 v0x55c1f94a0760_0;
    %parti/s 1, 5, 4;
    %cmpi/e 1, 0, 1;
    %flag_mov 8, 4;
    %jmp/0 T_1.15, 8;
    %pushi/vec4 1, 0, 5;
    %jmp/1 T_1.16, 8;
T_1.15 ; End of true expr.
    %pushi/vec4 0, 0, 5;
    %jmp/0 T_1.16, 8;
 ; End of false expr.
    %blend;
T_1.16;
    %store/vec4 v0x55c1f94a05c0_0, 0, 5;
    %jmp T_1.14;
T_1.6 ;
    %pushi/vec4 2, 0, 5;
    %store/vec4 v0x55c1f94a05c0_0, 0, 5;
    %jmp T_1.14;
T_1.7 ;
    %pushi/vec4 3, 0, 5;
    %store/vec4 v0x55c1f94a05c0_0, 0, 5;
    %jmp T_1.14;
T_1.8 ;
    %pushi/vec4 4, 0, 5;
    %store/vec4 v0x55c1f94a05c0_0, 0, 5;
    %jmp T_1.14;
T_1.9 ;
    %pushi/vec4 5, 0, 5;
    %store/vec4 v0x55c1f94a05c0_0, 0, 5;
    %jmp T_1.14;
T_1.10 ;
    %load/vec4 v0x55c1f94a0760_0;
    %parti/s 1, 5, 4;
    %cmpi/e 1, 0, 1;
    %flag_mov 8, 4;
    %jmp/0 T_1.17, 8;
    %pushi/vec4 7, 0, 5;
    %jmp/1 T_1.18, 8;
T_1.17 ; End of true expr.
    %pushi/vec4 6, 0, 5;
    %jmp/0 T_1.18, 8;
 ; End of false expr.
    %blend;
T_1.18;
    %store/vec4 v0x55c1f94a05c0_0, 0, 5;
    %jmp T_1.14;
T_1.11 ;
    %pushi/vec4 8, 0, 5;
    %store/vec4 v0x55c1f94a05c0_0, 0, 5;
    %jmp T_1.14;
T_1.12 ;
    %pushi/vec4 9, 0, 5;
    %store/vec4 v0x55c1f94a05c0_0, 0, 5;
    %jmp T_1.14;
T_1.14 ;
    %pop/vec4 1;
    %jmp T_1.4;
T_1.1 ;
    %load/vec4 v0x55c1f94a06a0_0;
    %dup/vec4;
    %pushi/vec4 0, 0, 3;
    %cmp/u;
    %jmp/1 T_1.19, 6;
    %dup/vec4;
    %pushi/vec4 2, 0, 3;
    %cmp/u;
    %jmp/1 T_1.20, 6;
    %dup/vec4;
    %pushi/vec4 3, 0, 3;
    %cmp/u;
    %jmp/1 T_1.21, 6;
    %dup/vec4;
    %pushi/vec4 4, 0, 3;
    %cmp/u;
    %jmp/1 T_1.22, 6;
    %dup/vec4;
    %pushi/vec4 6, 0, 3;
    %cmp/u;
    %jmp/1 T_1.23, 6;
    %dup/vec4;
    %pushi/vec4 7, 0, 3;
    %cmp/u;
    %jmp/1 T_1.24, 6;
    %dup/vec4;
    %pushi/vec4 1, 0, 3;
    %cmp/u;
    %jmp/1 T_1.25, 6;
    %dup/vec4;
    %pushi/vec4 5, 0, 3;
    %cmp/u;
    %jmp/1 T_1.26, 6;
    %pushi/vec4 0, 0, 5;
    %store/vec4 v0x55c1f94a05c0_0, 0, 5;
    %jmp T_1.28;
T_1.19 ;
    %pushi/vec4 0, 0, 5;
    %store/vec4 v0x55c1f94a05c0_0, 0, 5;
    %jmp T_1.28;
T_1.20 ;
    %pushi/vec4 3, 0, 5;
    %store/vec4 v0x55c1f94a05c0_0, 0, 5;
    %jmp T_1.28;
T_1.21 ;
    %pushi/vec4 4, 0, 5;
    %store/vec4 v0x55c1f94a05c0_0, 0, 5;
    %jmp T_1.28;
T_1.22 ;
    %pushi/vec4 5, 0, 5;
    %store/vec4 v0x55c1f94a05c0_0, 0, 5;
    %jmp T_1.28;
T_1.23 ;
    %pushi/vec4 8, 0, 5;
    %store/vec4 v0x55c1f94a05c0_0, 0, 5;
    %jmp T_1.28;
T_1.24 ;
    %pushi/vec4 9, 0, 5;
    %store/vec4 v0x55c1f94a05c0_0, 0, 5;
    %jmp T_1.28;
T_1.25 ;
    %pushi/vec4 2, 0, 5;
    %store/vec4 v0x55c1f94a05c0_0, 0, 5;
    %jmp T_1.28;
T_1.26 ;
    %load/vec4 v0x55c1f94a0760_0;
    %parti/s 1, 5, 4;
    %cmpi/e 1, 0, 1;
    %flag_mov 8, 4;
    %jmp/0 T_1.29, 8;
    %pushi/vec4 7, 0, 5;
    %jmp/1 T_1.30, 8;
T_1.29 ; End of true expr.
    %pushi/vec4 6, 0, 5;
    %jmp/0 T_1.30, 8;
 ; End of false expr.
    %blend;
T_1.30;
    %store/vec4 v0x55c1f94a05c0_0, 0, 5;
    %jmp T_1.28;
T_1.28 ;
    %pop/vec4 1;
    %jmp T_1.4;
T_1.2 ;
    %load/vec4 v0x55c1f94a06a0_0;
    %dup/vec4;
    %pushi/vec4 0, 0, 3;
    %cmp/u;
    %jmp/1 T_1.31, 6;
    %dup/vec4;
    %pushi/vec4 1, 0, 3;
    %cmp/u;
    %jmp/1 T_1.32, 6;
    %dup/vec4;
    %pushi/vec4 4, 0, 3;
    %cmp/u;
    %jmp/1 T_1.33, 6;
    %dup/vec4;
    %pushi/vec4 5, 0, 3;
    %cmp/u;
    %jmp/1 T_1.34, 6;
    %dup/vec4;
    %pushi/vec4 6, 0, 3;
    %cmp/u;
    %jmp/1 T_1.35, 6;
    %dup/vec4;
    %pushi/vec4 7, 0, 3;
    %cmp/u;
    %jmp/1 T_1.36, 6;
    %pushi/vec4 0, 0, 5;
    %store/vec4 v0x55c1f94a05c0_0, 0, 5;
    %jmp T_1.38;
T_1.31 ;
    %pushi/vec4 10, 0, 5;
    %store/vec4 v0x55c1f94a05c0_0, 0, 5;
    %jmp T_1.38;
T_1.32 ;
    %pushi/vec4 11, 0, 5;
    %store/vec4 v0x55c1f94a05c0_0, 0, 5;
    %jmp T_1.38;
T_1.33 ;
    %pushi/vec4 12, 0, 5;
    %store/vec4 v0x55c1f94a05c0_0, 0, 5;
    %jmp T_1.38;
T_1.34 ;
    %pushi/vec4 13, 0, 5;
    %store/vec4 v0x55c1f94a05c0_0, 0, 5;
    %jmp T_1.38;
T_1.35 ;
    %pushi/vec4 14, 0, 5;
    %store/vec4 v0x55c1f94a05c0_0, 0, 5;
    %jmp T_1.38;
T_1.36 ;
    %pushi/vec4 15, 0, 5;
    %store/vec4 v0x55c1f94a05c0_0, 0, 5;
    %jmp T_1.38;
T_1.38 ;
    %pop/vec4 1;
    %jmp T_1.4;
T_1.4 ;
    %pop/vec4 1;
    %jmp T_1;
    .thread T_1, $push;
    .scope S_0x55c1f9425e80;
T_2 ;
    %wait E_0x55c1f946b710;
    %load/vec4 v0x55c1f949f790_0;
    %dup/vec4;
    %pushi/vec4 0, 0, 5;
    %cmp/u;
    %jmp/1 T_2.0, 6;
    %dup/vec4;
    %pushi/vec4 1, 0, 5;
    %cmp/u;
    %jmp/1 T_2.1, 6;
    %dup/vec4;
    %pushi/vec4 2, 0, 5;
    %cmp/u;
    %jmp/1 T_2.2, 6;
    %dup/vec4;
    %pushi/vec4 3, 0, 5;
    %cmp/u;
    %jmp/1 T_2.3, 6;
    %dup/vec4;
    %pushi/vec4 4, 0, 5;
    %cmp/u;
    %jmp/1 T_2.4, 6;
    %dup/vec4;
    %pushi/vec4 5, 0, 5;
    %cmp/u;
    %jmp/1 T_2.5, 6;
    %dup/vec4;
    %pushi/vec4 6, 0, 5;
    %cmp/u;
    %jmp/1 T_2.6, 6;
    %dup/vec4;
    %pushi/vec4 7, 0, 5;
    %cmp/u;
    %jmp/1 T_2.7, 6;
    %dup/vec4;
    %pushi/vec4 8, 0, 5;
    %cmp/u;
    %jmp/1 T_2.8, 6;
    %dup/vec4;
    %pushi/vec4 9, 0, 5;
    %cmp/u;
    %jmp/1 T_2.9, 6;
    %dup/vec4;
    %pushi/vec4 10, 0, 5;
    %cmp/u;
    %jmp/1 T_2.10, 6;
    %dup/vec4;
    %pushi/vec4 11, 0, 5;
    %cmp/u;
    %jmp/1 T_2.11, 6;
    %dup/vec4;
    %pushi/vec4 12, 0, 5;
    %cmp/u;
    %jmp/1 T_2.12, 6;
    %dup/vec4;
    %pushi/vec4 13, 0, 5;
    %cmp/u;
    %jmp/1 T_2.13, 6;
    %dup/vec4;
    %pushi/vec4 14, 0, 5;
    %cmp/u;
    %jmp/1 T_2.14, 6;
    %dup/vec4;
    %pushi/vec4 15, 0, 5;
    %cmp/u;
    %jmp/1 T_2.15, 6;
    %pushi/vec4 0, 0, 32;
    %store/vec4 v0x55c1f949f930_0, 0, 32;
    %jmp T_2.17;
T_2.0 ;
    %load/vec4 v0x55c1f9426010_0;
    %load/vec4 v0x55c1f949f870_0;
    %add;
    %store/vec4 v0x55c1f949f930_0, 0, 32;
    %jmp T_2.17;
T_2.1 ;
    %load/vec4 v0x55c1f9426010_0;
    %load/vec4 v0x55c1f949f870_0;
    %sub;
    %store/vec4 v0x55c1f949f930_0, 0, 32;
    %jmp T_2.17;
T_2.2 ;
    %load/vec4 v0x55c1f9426010_0;
    %load/vec4 v0x55c1f949f870_0;
    %parti/s 5, 0, 2;
    %ix/vec4 4;
    %shiftl 4;
    %store/vec4 v0x55c1f949f930_0, 0, 32;
    %jmp T_2.17;
T_2.3 ;
    %load/vec4 v0x55c1f9426010_0;
    %load/vec4 v0x55c1f949f870_0;
    %cmp/s;
    %flag_mov 8, 5;
    %jmp/0 T_2.18, 8;
    %pushi/vec4 1, 0, 32;
    %jmp/1 T_2.19, 8;
T_2.18 ; End of true expr.
    %pushi/vec4 0, 0, 32;
    %jmp/0 T_2.19, 8;
 ; End of false expr.
    %blend;
T_2.19;
    %store/vec4 v0x55c1f949f930_0, 0, 32;
    %jmp T_2.17;
T_2.4 ;
    %load/vec4 v0x55c1f9426010_0;
    %load/vec4 v0x55c1f949f870_0;
    %cmp/u;
    %flag_mov 8, 5;
    %jmp/0 T_2.20, 8;
    %pushi/vec4 1, 0, 32;
    %jmp/1 T_2.21, 8;
T_2.20 ; End of true expr.
    %pushi/vec4 0, 0, 32;
    %jmp/0 T_2.21, 8;
 ; End of false expr.
    %blend;
T_2.21;
    %store/vec4 v0x55c1f949f930_0, 0, 32;
    %jmp T_2.17;
T_2.5 ;
    %load/vec4 v0x55c1f9426010_0;
    %load/vec4 v0x55c1f949f870_0;
    %xor;
    %store/vec4 v0x55c1f949f930_0, 0, 32;
    %jmp T_2.17;
T_2.6 ;
    %load/vec4 v0x55c1f9426010_0;
    %load/vec4 v0x55c1f949f870_0;
    %parti/s 5, 0, 2;
    %ix/vec4 4;
    %shiftr 4;
    %store/vec4 v0x55c1f949f930_0, 0, 32;
    %jmp T_2.17;
T_2.7 ;
    %load/vec4 v0x55c1f9426010_0;
    %load/vec4 v0x55c1f949f870_0;
    %parti/s 5, 0, 2;
    %ix/vec4 4;
    %shiftr/s 4;
    %store/vec4 v0x55c1f949f930_0, 0, 32;
    %jmp T_2.17;
T_2.8 ;
    %load/vec4 v0x55c1f9426010_0;
    %load/vec4 v0x55c1f949f870_0;
    %or;
    %store/vec4 v0x55c1f949f930_0, 0, 32;
    %jmp T_2.17;
T_2.9 ;
    %load/vec4 v0x55c1f9426010_0;
    %load/vec4 v0x55c1f949f870_0;
    %and;
    %store/vec4 v0x55c1f949f930_0, 0, 32;
    %jmp T_2.17;
T_2.10 ;
    %load/vec4 v0x55c1f9426010_0;
    %load/vec4 v0x55c1f949f870_0;
    %cmp/e;
    %flag_mov 8, 4;
    %jmp/0 T_2.22, 8;
    %pushi/vec4 1, 0, 32;
    %jmp/1 T_2.23, 8;
T_2.22 ; End of true expr.
    %pushi/vec4 0, 0, 32;
    %jmp/0 T_2.23, 8;
 ; End of false expr.
    %blend;
T_2.23;
    %store/vec4 v0x55c1f949f930_0, 0, 32;
    %jmp T_2.17;
T_2.11 ;
    %load/vec4 v0x55c1f9426010_0;
    %load/vec4 v0x55c1f949f870_0;
    %cmp/ne;
    %flag_mov 8, 4;
    %jmp/0 T_2.24, 8;
    %pushi/vec4 1, 0, 32;
    %jmp/1 T_2.25, 8;
T_2.24 ; End of true expr.
    %pushi/vec4 0, 0, 32;
    %jmp/0 T_2.25, 8;
 ; End of false expr.
    %blend;
T_2.25;
    %store/vec4 v0x55c1f949f930_0, 0, 32;
    %jmp T_2.17;
T_2.12 ;
    %load/vec4 v0x55c1f9426010_0;
    %load/vec4 v0x55c1f949f870_0;
    %cmp/s;
    %flag_mov 8, 5;
    %jmp/0 T_2.26, 8;
    %pushi/vec4 1, 0, 32;
    %jmp/1 T_2.27, 8;
T_2.26 ; End of true expr.
    %pushi/vec4 0, 0, 32;
    %jmp/0 T_2.27, 8;
 ; End of false expr.
    %blend;
T_2.27;
    %store/vec4 v0x55c1f949f930_0, 0, 32;
    %jmp T_2.17;
T_2.13 ;
    %load/vec4 v0x55c1f949f870_0;
    %load/vec4 v0x55c1f9426010_0;
    %cmp/s;
    %flag_or 5, 4;
    %flag_mov 8, 5;
    %jmp/0 T_2.28, 8;
    %pushi/vec4 1, 0, 32;
    %jmp/1 T_2.29, 8;
T_2.28 ; End of true expr.
    %pushi/vec4 0, 0, 32;
    %jmp/0 T_2.29, 8;
 ; End of false expr.
    %blend;
T_2.29;
    %store/vec4 v0x55c1f949f930_0, 0, 32;
    %jmp T_2.17;
T_2.14 ;
    %load/vec4 v0x55c1f9426010_0;
    %load/vec4 v0x55c1f949f870_0;
    %cmp/u;
    %flag_mov 8, 5;
    %jmp/0 T_2.30, 8;
    %pushi/vec4 1, 0, 32;
    %jmp/1 T_2.31, 8;
T_2.30 ; End of true expr.
    %pushi/vec4 0, 0, 32;
    %jmp/0 T_2.31, 8;
 ; End of false expr.
    %blend;
T_2.31;
    %store/vec4 v0x55c1f949f930_0, 0, 32;
    %jmp T_2.17;
T_2.15 ;
    %load/vec4 v0x55c1f949f870_0;
    %load/vec4 v0x55c1f9426010_0;
    %cmp/u;
    %flag_or 5, 4;
    %flag_mov 8, 5;
    %jmp/0 T_2.32, 8;
    %pushi/vec4 1, 0, 32;
    %jmp/1 T_2.33, 8;
T_2.32 ; End of true expr.
    %pushi/vec4 0, 0, 32;
    %jmp/0 T_2.33, 8;
 ; End of false expr.
    %blend;
T_2.33;
    %store/vec4 v0x55c1f949f930_0, 0, 32;
    %jmp T_2.17;
T_2.17 ;
    %pop/vec4 1;
    %jmp T_2;
    .thread T_2, $push;
    .scope S_0x55c1f9425cf0;
T_3 ;
    %vpi_call 2 39 "$display", "ALU + ALUctr + ImmGen: Testbench" {0 0 0};
    %vpi_call 2 40 "$dumpfile", "ALU_ALUctr_ImmGen_tb.vcd" {0 0 0};
    %vpi_call 2 41 "$dumpvars", 32'sb00000000000000000000000000000000, S_0x55c1f9425cf0 {0 0 0};
    %vpi_call 2 43 "$display", "------------------I-type \346\214\207\344\273\244-------------------" {0 0 0};
    %pushi/vec4 19, 0, 7;
    %store/vec4 v0x55c1f94a1450_0, 0, 7;
    %pushi/vec4 2130451, 0, 32;
    %store/vec4 v0x55c1f94a1390_0, 0, 32;
    %vpi_call 2 48 "$display", "Instr: %b", v0x55c1f94a1390_0 {0 0 0};
    %pushi/vec4 16, 0, 32;
    %store/vec4 v0x55c1f94a0e30_0, 0, 32;
    %pushi/vec4 0, 0, 3;
    %store/vec4 v0x55c1f94a10e0_0, 0, 3;
    %delay 100, 0;
    %vpi_call 2 52 "$display", "ADDI: A=%h, imm=%h, Y=%h (Expect 12)", v0x55c1f94a0e30_0, v0x55c1f94a12a0_0, v0x55c1f94a1010_0 {0 0 0};
    %pushi/vec4 3179155, 0, 32;
    %store/vec4 v0x55c1f94a1390_0, 0, 32;
    %pushi/vec4 4294967280, 0, 32;
    %store/vec4 v0x55c1f94a0e30_0, 0, 32;
    %pushi/vec4 2, 0, 3;
    %store/vec4 v0x55c1f94a10e0_0, 0, 3;
    %delay 100, 0;
    %vpi_call 2 59 "$display", "SLTI: A=%b, imm=%h, Y=%h (Expect 1)", v0x55c1f94a0e30_0, v0x55c1f94a12a0_0, v0x55c1f94a1010_0 {0 0 0};
    %pushi/vec4 3183379, 0, 32;
    %store/vec4 v0x55c1f94a1390_0, 0, 32;
    %pushi/vec4 16, 0, 32;
    %store/vec4 v0x55c1f94a0e30_0, 0, 32;
    %pushi/vec4 3, 0, 3;
    %store/vec4 v0x55c1f94a10e0_0, 0, 3;
    %delay 100, 0;
    %vpi_call 2 66 "$display", "SLTIU: A=%h, imm=%h, Y=%h (Expect 0)", v0x55c1f94a0e30_0, v0x55c1f94a12a0_0, v0x55c1f94a1010_0 {0 0 0};
    %pushi/vec4 4042322163, 0, 32;
    %store/vec4 v0x55c1f94a1390_0, 0, 32;
    %pushi/vec4 15, 0, 32;
    %store/vec4 v0x55c1f94a0e30_0, 0, 32;
    %pushi/vec4 4, 0, 3;
    %store/vec4 v0x55c1f94a10e0_0, 0, 3;
    %delay 100, 0;
    %vpi_call 2 73 "$display", "XORI: A=%h, imm=%h, Y=%h (Expect 0xF)", v0x55c1f94a0e30_0, v0x55c1f94a12a0_0, v0x55c1f94a1010_0 {0 0 0};
    %pushi/vec4 4042322163, 0, 32;
    %store/vec4 v0x55c1f94a1390_0, 0, 32;
    %pushi/vec4 61680, 0, 32;
    %store/vec4 v0x55c1f94a0e30_0, 0, 32;
    %pushi/vec4 6, 0, 3;
    %store/vec4 v0x55c1f94a10e0_0, 0, 3;
    %delay 100, 0;
    %vpi_call 2 80 "$display", "ORI: A=%h, imm=%h, Y=%h (Expect 0x0F0F)", v0x55c1f94a0e30_0, v0x55c1f94a12a0_0, v0x55c1f94a1010_0 {0 0 0};
    %pushi/vec4 4042322163, 0, 32;
    %store/vec4 v0x55c1f94a1390_0, 0, 32;
    %pushi/vec4 61680, 0, 32;
    %store/vec4 v0x55c1f94a0e30_0, 0, 32;
    %pushi/vec4 7, 0, 3;
    %store/vec4 v0x55c1f94a10e0_0, 0, 3;
    %delay 100, 0;
    %vpi_call 2 87 "$display", "ANDI: A=%h, imm=%h, Y=%h (Expect 00F000F0)", v0x55c1f94a0e30_0, v0x55c1f94a12a0_0, v0x55c1f94a1010_0 {0 0 0};
    %vpi_call 2 89 "$display", "------------------B-type \346\214\207\344\273\244-------------------" {0 0 0};
    %pushi/vec4 99, 0, 7;
    %store/vec4 v0x55c1f94a1450_0, 0, 7;
    %pushi/vec4 329315, 0, 32;
    %store/vec4 v0x55c1f94a1390_0, 0, 32;
    %pushi/vec4 16, 0, 32;
    %store/vec4 v0x55c1f94a0e30_0, 0, 32;
    %pushi/vec4 0, 0, 3;
    %store/vec4 v0x55c1f94a10e0_0, 0, 3;
    %delay 100, 0;
    %vpi_call 2 97 "$display", "BEQ: A=%h, imm=%h, Y=%b (Expect 1)", v0x55c1f94a0e30_0, v0x55c1f94a12a0_0, v0x55c1f94a1010_0 {0 0 0};
    %pushi/vec4 333411, 0, 32;
    %store/vec4 v0x55c1f94a1390_0, 0, 32;
    %pushi/vec4 16, 0, 32;
    %store/vec4 v0x55c1f94a0e30_0, 0, 32;
    %pushi/vec4 1, 0, 3;
    %store/vec4 v0x55c1f94a10e0_0, 0, 3;
    %delay 100, 0;
    %vpi_call 2 104 "$display", "BNE: A=%h, imm=%h, Y=%b (Expect 1)", v0x55c1f94a0e30_0, v0x55c1f94a12a0_0, v0x55c1f94a1010_0 {0 0 0};
    %pushi/vec4 345699, 0, 32;
    %store/vec4 v0x55c1f94a1390_0, 0, 32;
    %pushi/vec4 4294967280, 0, 32;
    %store/vec4 v0x55c1f94a0e30_0, 0, 32;
    %pushi/vec4 4, 0, 3;
    %store/vec4 v0x55c1f94a10e0_0, 0, 3;
    %delay 100, 0;
    %vpi_call 2 111 "$display", "BLT: A=%h, imm=%h, Y=%b (Expect 1)", v0x55c1f94a0e30_0, v0x55c1f94a12a0_0, v0x55c1f94a1010_0 {0 0 0};
    %pushi/vec4 349795, 0, 32;
    %store/vec4 v0x55c1f94a1390_0, 0, 32;
    %pushi/vec4 16, 0, 32;
    %store/vec4 v0x55c1f94a0e30_0, 0, 32;
    %pushi/vec4 5, 0, 3;
    %store/vec4 v0x55c1f94a10e0_0, 0, 3;
    %delay 100, 0;
    %vpi_call 2 118 "$display", "BGE: A=%h, imm=%h, Y=%b (Expect 1)", v0x55c1f94a0e30_0, v0x55c1f94a12a0_0, v0x55c1f94a1010_0 {0 0 0};
    %pushi/vec4 353891, 0, 32;
    %store/vec4 v0x55c1f94a1390_0, 0, 32;
    %pushi/vec4 16, 0, 32;
    %store/vec4 v0x55c1f94a0e30_0, 0, 32;
    %pushi/vec4 6, 0, 3;
    %store/vec4 v0x55c1f94a10e0_0, 0, 3;
    %delay 100, 0;
    %vpi_call 2 125 "$display", "BLTU: A=%h, imm=%h, Y=%b (Expect 1)", v0x55c1f94a0e30_0, v0x55c1f94a12a0_0, v0x55c1f94a1010_0 {0 0 0};
    %pushi/vec4 357987, 0, 32;
    %store/vec4 v0x55c1f94a1390_0, 0, 32;
    %pushi/vec4 4294967280, 0, 32;
    %store/vec4 v0x55c1f94a0e30_0, 0, 32;
    %pushi/vec4 7, 0, 3;
    %store/vec4 v0x55c1f94a10e0_0, 0, 3;
    %delay 100, 0;
    %vpi_call 2 132 "$display", "BGEU: A=%h, imm=%h, Y=%b (Expect 1)", v0x55c1f94a0e30_0, v0x55c1f94a12a0_0, v0x55c1f94a1010_0 {0 0 0};
    %vpi_call 2 134 "$finish" {0 0 0};
    %end;
    .thread T_3;
# The file index is used to find the file name in the following table.
:file_names 6;
    "N/A";
    "<interactive>";
    "tb.v";
    "alu.v";
    "aluctr.v";
    "immgen.v";
