#! /usr/bin/vvp
:ivl_version "11.0 (stable)";
:ivl_delay_selection "TYPICAL";
:vpi_time_precision - 12;
:vpi_module "/usr/lib/x86_64-linux-gnu/ivl/system.vpi";
:vpi_module "/usr/lib/x86_64-linux-gnu/ivl/vhdl_sys.vpi";
:vpi_module "/usr/lib/x86_64-linux-gnu/ivl/vhdl_textio.vpi";
:vpi_module "/usr/lib/x86_64-linux-gnu/ivl/v2005_math.vpi";
:vpi_module "/usr/lib/x86_64-linux-gnu/ivl/va_math.vpi";
S_0x56377ba98d90 .scope module, "ALUctr_tb" "ALUctr_tb" 2 3;
 .timescale -9 -12;
v0x56377bafc080_0 .net "ALUop", 4 0, v0x56377bad8fc0_0;  1 drivers
v0x56377bafc160_0 .var "funct3", 2 0;
v0x56377bafc230_0 .var "funct7", 6 0;
v0x56377bafc330_0 .var "opcode", 6 0;
S_0x56377ba98f20 .scope module, "alu_ctrl" "ALUctr" 2 10, 3 41 0, S_0x56377ba98d90;
 .timescale -9 -12;
    .port_info 0 /INPUT 7 "opcode";
    .port_info 1 /INPUT 3 "funct3";
    .port_info 2 /INPUT 7 "funct7";
    .port_info 3 /OUTPUT 5 "ALUop";
P_0x56377bad8bb0 .param/l "ALU_ADD" 1 3 49, C4<00000>;
P_0x56377bad8bf0 .param/l "ALU_AND" 1 3 58, C4<01001>;
P_0x56377bad8c30 .param/l "ALU_BEQ" 1 3 61, C4<01010>;
P_0x56377bad8c70 .param/l "ALU_BGE" 1 3 64, C4<01101>;
P_0x56377bad8cb0 .param/l "ALU_BGEU" 1 3 66, C4<01111>;
P_0x56377bad8cf0 .param/l "ALU_BLT" 1 3 63, C4<01100>;
P_0x56377bad8d30 .param/l "ALU_BLTU" 1 3 65, C4<01110>;
P_0x56377bad8d70 .param/l "ALU_BNE" 1 3 62, C4<01011>;
P_0x56377bad8db0 .param/l "ALU_OR" 1 3 57, C4<01000>;
P_0x56377bad8df0 .param/l "ALU_SLL" 1 3 51, C4<00010>;
P_0x56377bad8e30 .param/l "ALU_SLT" 1 3 52, C4<00011>;
P_0x56377bad8e70 .param/l "ALU_SLTU" 1 3 53, C4<00100>;
P_0x56377bad8eb0 .param/l "ALU_SRA" 1 3 56, C4<00111>;
P_0x56377bad8ef0 .param/l "ALU_SRL" 1 3 55, C4<00110>;
P_0x56377bad8f30 .param/l "ALU_SUB" 1 3 50, C4<00001>;
P_0x56377bad8f70 .param/l "ALU_XOR" 1 3 54, C4<00101>;
v0x56377bad8fc0_0 .var "ALUop", 4 0;
v0x56377bafbd20_0 .net "funct3", 2 0, v0x56377bafc160_0;  1 drivers
v0x56377bafbe00_0 .net "funct7", 6 0, v0x56377bafc230_0;  1 drivers
v0x56377bafbef0_0 .net "opcode", 6 0, v0x56377bafc330_0;  1 drivers
E_0x56377bad9d10 .event edge, v0x56377bafbef0_0, v0x56377bafbd20_0, v0x56377bafbe00_0;
    .scope S_0x56377ba98f20;
T_0 ;
    %wait E_0x56377bad9d10;
    %load/vec4 v0x56377bafbef0_0;
    %dup/vec4;
    %pushi/vec4 51, 0, 7;
    %cmp/u;
    %jmp/1 T_0.0, 6;
    %dup/vec4;
    %pushi/vec4 19, 0, 7;
    %cmp/u;
    %jmp/1 T_0.1, 6;
    %dup/vec4;
    %pushi/vec4 99, 0, 7;
    %cmp/u;
    %jmp/1 T_0.2, 6;
    %pushi/vec4 0, 0, 5;
    %store/vec4 v0x56377bad8fc0_0, 0, 5;
    %jmp T_0.4;
T_0.0 ;
    %load/vec4 v0x56377bafbd20_0;
    %dup/vec4;
    %pushi/vec4 0, 0, 3;
    %cmp/u;
    %jmp/1 T_0.5, 6;
    %dup/vec4;
    %pushi/vec4 1, 0, 3;
    %cmp/u;
    %jmp/1 T_0.6, 6;
    %dup/vec4;
    %pushi/vec4 2, 0, 3;
    %cmp/u;
    %jmp/1 T_0.7, 6;
    %dup/vec4;
    %pushi/vec4 3, 0, 3;
    %cmp/u;
    %jmp/1 T_0.8, 6;
    %dup/vec4;
    %pushi/vec4 4, 0, 3;
    %cmp/u;
    %jmp/1 T_0.9, 6;
    %dup/vec4;
    %pushi/vec4 5, 0, 3;
    %cmp/u;
    %jmp/1 T_0.10, 6;
    %dup/vec4;
    %pushi/vec4 6, 0, 3;
    %cmp/u;
    %jmp/1 T_0.11, 6;
    %dup/vec4;
    %pushi/vec4 7, 0, 3;
    %cmp/u;
    %jmp/1 T_0.12, 6;
    %pushi/vec4 0, 0, 5;
    %store/vec4 v0x56377bad8fc0_0, 0, 5;
    %jmp T_0.14;
T_0.5 ;
    %load/vec4 v0x56377bafbe00_0;
    %parti/s 1, 5, 4;
    %cmpi/e 1, 0, 1;
    %flag_mov 8, 4;
    %jmp/0 T_0.15, 8;
    %pushi/vec4 1, 0, 5;
    %jmp/1 T_0.16, 8;
T_0.15 ; End of true expr.
    %pushi/vec4 0, 0, 5;
    %jmp/0 T_0.16, 8;
 ; End of false expr.
    %blend;
T_0.16;
    %store/vec4 v0x56377bad8fc0_0, 0, 5;
    %jmp T_0.14;
T_0.6 ;
    %pushi/vec4 2, 0, 5;
    %store/vec4 v0x56377bad8fc0_0, 0, 5;
    %jmp T_0.14;
T_0.7 ;
    %pushi/vec4 3, 0, 5;
    %store/vec4 v0x56377bad8fc0_0, 0, 5;
    %jmp T_0.14;
T_0.8 ;
    %pushi/vec4 4, 0, 5;
    %store/vec4 v0x56377bad8fc0_0, 0, 5;
    %jmp T_0.14;
T_0.9 ;
    %pushi/vec4 5, 0, 5;
    %store/vec4 v0x56377bad8fc0_0, 0, 5;
    %jmp T_0.14;
T_0.10 ;
    %load/vec4 v0x56377bafbe00_0;
    %parti/s 1, 5, 4;
    %cmpi/e 1, 0, 1;
    %flag_mov 8, 4;
    %jmp/0 T_0.17, 8;
    %pushi/vec4 7, 0, 5;
    %jmp/1 T_0.18, 8;
T_0.17 ; End of true expr.
    %pushi/vec4 6, 0, 5;
    %jmp/0 T_0.18, 8;
 ; End of false expr.
    %blend;
T_0.18;
    %store/vec4 v0x56377bad8fc0_0, 0, 5;
    %jmp T_0.14;
T_0.11 ;
    %pushi/vec4 8, 0, 5;
    %store/vec4 v0x56377bad8fc0_0, 0, 5;
    %jmp T_0.14;
T_0.12 ;
    %pushi/vec4 9, 0, 5;
    %store/vec4 v0x56377bad8fc0_0, 0, 5;
    %jmp T_0.14;
T_0.14 ;
    %pop/vec4 1;
    %jmp T_0.4;
T_0.1 ;
    %load/vec4 v0x56377bafbd20_0;
    %dup/vec4;
    %pushi/vec4 0, 0, 3;
    %cmp/u;
    %jmp/1 T_0.19, 6;
    %dup/vec4;
    %pushi/vec4 2, 0, 3;
    %cmp/u;
    %jmp/1 T_0.20, 6;
    %dup/vec4;
    %pushi/vec4 3, 0, 3;
    %cmp/u;
    %jmp/1 T_0.21, 6;
    %dup/vec4;
    %pushi/vec4 4, 0, 3;
    %cmp/u;
    %jmp/1 T_0.22, 6;
    %dup/vec4;
    %pushi/vec4 6, 0, 3;
    %cmp/u;
    %jmp/1 T_0.23, 6;
    %dup/vec4;
    %pushi/vec4 7, 0, 3;
    %cmp/u;
    %jmp/1 T_0.24, 6;
    %dup/vec4;
    %pushi/vec4 1, 0, 3;
    %cmp/u;
    %jmp/1 T_0.25, 6;
    %dup/vec4;
    %pushi/vec4 5, 0, 3;
    %cmp/u;
    %jmp/1 T_0.26, 6;
    %pushi/vec4 0, 0, 5;
    %store/vec4 v0x56377bad8fc0_0, 0, 5;
    %jmp T_0.28;
T_0.19 ;
    %pushi/vec4 0, 0, 5;
    %store/vec4 v0x56377bad8fc0_0, 0, 5;
    %jmp T_0.28;
T_0.20 ;
    %pushi/vec4 3, 0, 5;
    %store/vec4 v0x56377bad8fc0_0, 0, 5;
    %jmp T_0.28;
T_0.21 ;
    %pushi/vec4 4, 0, 5;
    %store/vec4 v0x56377bad8fc0_0, 0, 5;
    %jmp T_0.28;
T_0.22 ;
    %pushi/vec4 5, 0, 5;
    %store/vec4 v0x56377bad8fc0_0, 0, 5;
    %jmp T_0.28;
T_0.23 ;
    %pushi/vec4 8, 0, 5;
    %store/vec4 v0x56377bad8fc0_0, 0, 5;
    %jmp T_0.28;
T_0.24 ;
    %pushi/vec4 9, 0, 5;
    %store/vec4 v0x56377bad8fc0_0, 0, 5;
    %jmp T_0.28;
T_0.25 ;
    %pushi/vec4 2, 0, 5;
    %store/vec4 v0x56377bad8fc0_0, 0, 5;
    %jmp T_0.28;
T_0.26 ;
    %load/vec4 v0x56377bafbe00_0;
    %parti/s 1, 5, 4;
    %cmpi/e 1, 0, 1;
    %flag_mov 8, 4;
    %jmp/0 T_0.29, 8;
    %pushi/vec4 7, 0, 5;
    %jmp/1 T_0.30, 8;
T_0.29 ; End of true expr.
    %pushi/vec4 6, 0, 5;
    %jmp/0 T_0.30, 8;
 ; End of false expr.
    %blend;
T_0.30;
    %store/vec4 v0x56377bad8fc0_0, 0, 5;
    %jmp T_0.28;
T_0.28 ;
    %pop/vec4 1;
    %jmp T_0.4;
T_0.2 ;
    %load/vec4 v0x56377bafbd20_0;
    %dup/vec4;
    %pushi/vec4 0, 0, 3;
    %cmp/u;
    %jmp/1 T_0.31, 6;
    %dup/vec4;
    %pushi/vec4 1, 0, 3;
    %cmp/u;
    %jmp/1 T_0.32, 6;
    %dup/vec4;
    %pushi/vec4 4, 0, 3;
    %cmp/u;
    %jmp/1 T_0.33, 6;
    %dup/vec4;
    %pushi/vec4 5, 0, 3;
    %cmp/u;
    %jmp/1 T_0.34, 6;
    %dup/vec4;
    %pushi/vec4 6, 0, 3;
    %cmp/u;
    %jmp/1 T_0.35, 6;
    %dup/vec4;
    %pushi/vec4 7, 0, 3;
    %cmp/u;
    %jmp/1 T_0.36, 6;
    %pushi/vec4 0, 0, 5;
    %store/vec4 v0x56377bad8fc0_0, 0, 5;
    %jmp T_0.38;
T_0.31 ;
    %pushi/vec4 10, 0, 5;
    %store/vec4 v0x56377bad8fc0_0, 0, 5;
    %jmp T_0.38;
T_0.32 ;
    %pushi/vec4 11, 0, 5;
    %store/vec4 v0x56377bad8fc0_0, 0, 5;
    %jmp T_0.38;
T_0.33 ;
    %pushi/vec4 12, 0, 5;
    %store/vec4 v0x56377bad8fc0_0, 0, 5;
    %jmp T_0.38;
T_0.34 ;
    %pushi/vec4 13, 0, 5;
    %store/vec4 v0x56377bad8fc0_0, 0, 5;
    %jmp T_0.38;
T_0.35 ;
    %pushi/vec4 14, 0, 5;
    %store/vec4 v0x56377bad8fc0_0, 0, 5;
    %jmp T_0.38;
T_0.36 ;
    %pushi/vec4 15, 0, 5;
    %store/vec4 v0x56377bad8fc0_0, 0, 5;
    %jmp T_0.38;
T_0.38 ;
    %pop/vec4 1;
    %jmp T_0.4;
T_0.4 ;
    %pop/vec4 1;
    %jmp T_0;
    .thread T_0, $push;
    .scope S_0x56377ba98d90;
T_1 ;
    %vpi_call 2 19 "$dumpfile", "ALUctr_tb.vcd" {0 0 0};
    %vpi_call 2 20 "$dumpvars", 32'sb00000000000000000000000000000000, S_0x56377ba98d90 {0 0 0};
    %pushi/vec4 51, 0, 7;
    %store/vec4 v0x56377bafc330_0, 0, 7;
    %pushi/vec4 0, 0, 3;
    %store/vec4 v0x56377bafc160_0, 0, 3;
    %pushi/vec4 0, 0, 7;
    %store/vec4 v0x56377bafc230_0, 0, 7;
    %delay 10000, 0;
    %vpi_call 2 28 "$display", "ADD: ALUop = %b (Expect 00000)", v0x56377bafc080_0 {0 0 0};
    %pushi/vec4 0, 0, 3;
    %store/vec4 v0x56377bafc160_0, 0, 3;
    %pushi/vec4 32, 0, 7;
    %store/vec4 v0x56377bafc230_0, 0, 7;
    %delay 10000, 0;
    %vpi_call 2 33 "$display", "SUB: ALUop = %b (Expect 00001)", v0x56377bafc080_0 {0 0 0};
    %pushi/vec4 1, 0, 3;
    %store/vec4 v0x56377bafc160_0, 0, 3;
    %pushi/vec4 0, 0, 7;
    %store/vec4 v0x56377bafc230_0, 0, 7;
    %delay 10000, 0;
    %vpi_call 2 38 "$display", "SLL: ALUop = %b (Expect 00010)", v0x56377bafc080_0 {0 0 0};
    %pushi/vec4 2, 0, 3;
    %store/vec4 v0x56377bafc160_0, 0, 3;
    %pushi/vec4 0, 0, 7;
    %store/vec4 v0x56377bafc230_0, 0, 7;
    %delay 10000, 0;
    %vpi_call 2 43 "$display", "SLT: ALUop = %b (Expect 00011)", v0x56377bafc080_0 {0 0 0};
    %pushi/vec4 4, 0, 3;
    %store/vec4 v0x56377bafc160_0, 0, 3;
    %pushi/vec4 0, 0, 7;
    %store/vec4 v0x56377bafc230_0, 0, 7;
    %delay 10000, 0;
    %vpi_call 2 48 "$display", "XOR: ALUop = %b (Expect 00101)", v0x56377bafc080_0 {0 0 0};
    %pushi/vec4 6, 0, 3;
    %store/vec4 v0x56377bafc160_0, 0, 3;
    %pushi/vec4 0, 0, 7;
    %store/vec4 v0x56377bafc230_0, 0, 7;
    %delay 10000, 0;
    %vpi_call 2 53 "$display", "OR: ALUop = %b (Expect 01000)", v0x56377bafc080_0 {0 0 0};
    %pushi/vec4 7, 0, 3;
    %store/vec4 v0x56377bafc160_0, 0, 3;
    %pushi/vec4 0, 0, 7;
    %store/vec4 v0x56377bafc230_0, 0, 7;
    %delay 10000, 0;
    %vpi_call 2 58 "$display", "AND: ALUop = %b (Expect 01001)", v0x56377bafc080_0 {0 0 0};
    %pushi/vec4 19, 0, 7;
    %store/vec4 v0x56377bafc330_0, 0, 7;
    %pushi/vec4 0, 0, 3;
    %store/vec4 v0x56377bafc160_0, 0, 3;
    %delay 10000, 0;
    %vpi_call 2 66 "$display", "ADDI: ALUop = %b (Expect 00000)", v0x56377bafc080_0 {0 0 0};
    %pushi/vec4 6, 0, 3;
    %store/vec4 v0x56377bafc160_0, 0, 3;
    %delay 10000, 0;
    %vpi_call 2 71 "$display", "ORI: ALUop = %b (Expect 01000)", v0x56377bafc080_0 {0 0 0};
    %pushi/vec4 7, 0, 3;
    %store/vec4 v0x56377bafc160_0, 0, 3;
    %delay 10000, 0;
    %vpi_call 2 76 "$display", "ANDI: ALUop = %b (Expect 01001)", v0x56377bafc080_0 {0 0 0};
    %pushi/vec4 99, 0, 7;
    %store/vec4 v0x56377bafc330_0, 0, 7;
    %pushi/vec4 0, 0, 3;
    %store/vec4 v0x56377bafc160_0, 0, 3;
    %delay 10000, 0;
    %vpi_call 2 84 "$display", "BEQ: ALUop = %b (Expect 01010)", v0x56377bafc080_0 {0 0 0};
    %pushi/vec4 1, 0, 3;
    %store/vec4 v0x56377bafc160_0, 0, 3;
    %delay 10000, 0;
    %vpi_call 2 89 "$display", "BNE: ALUop = %b (Expect 01011)", v0x56377bafc080_0 {0 0 0};
    %pushi/vec4 4, 0, 3;
    %store/vec4 v0x56377bafc160_0, 0, 3;
    %delay 10000, 0;
    %vpi_call 2 94 "$display", "BLT: ALUop = %b (Expect 01100)", v0x56377bafc080_0 {0 0 0};
    %pushi/vec4 5, 0, 3;
    %store/vec4 v0x56377bafc160_0, 0, 3;
    %delay 10000, 0;
    %vpi_call 2 99 "$display", "BGE: ALUop = %b (Expect 01101)", v0x56377bafc080_0 {0 0 0};
    %pushi/vec4 6, 0, 3;
    %store/vec4 v0x56377bafc160_0, 0, 3;
    %delay 10000, 0;
    %vpi_call 2 104 "$display", "BLTU: ALUop = %b (Expect 01110)", v0x56377bafc080_0 {0 0 0};
    %pushi/vec4 7, 0, 3;
    %store/vec4 v0x56377bafc160_0, 0, 3;
    %delay 10000, 0;
    %vpi_call 2 109 "$display", "BGEU: ALUop = %b (Expect 01111)", v0x56377bafc080_0 {0 0 0};
    %vpi_call 2 111 "$finish" {0 0 0};
    %end;
    .thread T_1;
# The file index is used to find the file name in the following table.
:file_names 4;
    "N/A";
    "<interactive>";
    "tb.v";
    "aluctr.v";
