#! /usr/bin/vvp
:ivl_version "11.0 (stable)";
:ivl_delay_selection "TYPICAL";
:vpi_time_precision - 12;
:vpi_module "/usr/lib/x86_64-linux-gnu/ivl/system.vpi";
:vpi_module "/usr/lib/x86_64-linux-gnu/ivl/vhdl_sys.vpi";
:vpi_module "/usr/lib/x86_64-linux-gnu/ivl/vhdl_textio.vpi";
:vpi_module "/usr/lib/x86_64-linux-gnu/ivl/v2005_math.vpi";
:vpi_module "/usr/lib/x86_64-linux-gnu/ivl/va_math.vpi";
S_0x5633c4deb960 .scope module, "branch_comparator_tb" "branch_comparator_tb" 2 3;
 .timescale -9 -12;
v0x5633c4e02010_0 .net "BranchTaken", 0 0, v0x5633c4db27b0_0;  1 drivers
v0x5633c4e020d0_0 .var "funct3", 2 0;
v0x5633c4e021a0_0 .var "rs1", 31 0;
v0x5633c4e022a0_0 .var "rs2", 31 0;
S_0x5633c4debaf0 .scope module, "uut" "BranchComparator" 2 10, 3 1 0, S_0x5633c4deb960;
 .timescale 0 0;
    .port_info 0 /INPUT 32 "rs1";
    .port_info 1 /INPUT 32 "rs2";
    .port_info 2 /INPUT 3 "funct3";
    .port_info 3 /OUTPUT 1 "BranchTaken";
v0x5633c4db27b0_0 .var "BranchTaken", 0 0;
v0x5633c4db2ba0_0 .net "funct3", 2 0, v0x5633c4e020d0_0;  1 drivers
v0x5633c4e01d90_0 .net "rs1", 31 0, v0x5633c4e021a0_0;  1 drivers
v0x5633c4e01e80_0 .net "rs2", 31 0, v0x5633c4e022a0_0;  1 drivers
E_0x5633c4db1420 .event edge, v0x5633c4db2ba0_0, v0x5633c4e01d90_0, v0x5633c4e01e80_0;
    .scope S_0x5633c4debaf0;
T_0 ;
    %wait E_0x5633c4db1420;
    %load/vec4 v0x5633c4db2ba0_0;
    %dup/vec4;
    %pushi/vec4 0, 0, 3;
    %cmp/u;
    %jmp/1 T_0.0, 6;
    %dup/vec4;
    %pushi/vec4 1, 0, 3;
    %cmp/u;
    %jmp/1 T_0.1, 6;
    %dup/vec4;
    %pushi/vec4 4, 0, 3;
    %cmp/u;
    %jmp/1 T_0.2, 6;
    %dup/vec4;
    %pushi/vec4 5, 0, 3;
    %cmp/u;
    %jmp/1 T_0.3, 6;
    %pushi/vec4 0, 0, 1;
    %store/vec4 v0x5633c4db27b0_0, 0, 1;
    %jmp T_0.5;
T_0.0 ;
    %load/vec4 v0x5633c4e01d90_0;
    %load/vec4 v0x5633c4e01e80_0;
    %cmp/e;
    %flag_get/vec4 4;
    %store/vec4 v0x5633c4db27b0_0, 0, 1;
    %jmp T_0.5;
T_0.1 ;
    %load/vec4 v0x5633c4e01d90_0;
    %load/vec4 v0x5633c4e01e80_0;
    %cmp/ne;
    %flag_get/vec4 4;
    %store/vec4 v0x5633c4db27b0_0, 0, 1;
    %jmp T_0.5;
T_0.2 ;
    %load/vec4 v0x5633c4e01d90_0;
    %load/vec4 v0x5633c4e01e80_0;
    %cmp/s;
    %flag_get/vec4 5;
    %store/vec4 v0x5633c4db27b0_0, 0, 1;
    %jmp T_0.5;
T_0.3 ;
    %load/vec4 v0x5633c4e01e80_0;
    %load/vec4 v0x5633c4e01d90_0;
    %cmp/s;
    %flag_get/vec4 4;
    %flag_get/vec4 5;
    %or;
    %store/vec4 v0x5633c4db27b0_0, 0, 1;
    %jmp T_0.5;
T_0.5 ;
    %pop/vec4 1;
    %jmp T_0;
    .thread T_0, $push;
    .scope S_0x5633c4deb960;
T_1 ;
    %pushi/vec4 10, 0, 32;
    %store/vec4 v0x5633c4e021a0_0, 0, 32;
    %pushi/vec4 10, 0, 32;
    %store/vec4 v0x5633c4e022a0_0, 0, 32;
    %pushi/vec4 0, 0, 3;
    %store/vec4 v0x5633c4e020d0_0, 0, 3;
    %delay 10000, 0;
    %pushi/vec4 10, 0, 32;
    %store/vec4 v0x5633c4e021a0_0, 0, 32;
    %pushi/vec4 5, 0, 32;
    %store/vec4 v0x5633c4e022a0_0, 0, 32;
    %pushi/vec4 1, 0, 3;
    %store/vec4 v0x5633c4e020d0_0, 0, 3;
    %delay 10000, 0;
    %pushi/vec4 5, 0, 32;
    %store/vec4 v0x5633c4e021a0_0, 0, 32;
    %pushi/vec4 10, 0, 32;
    %store/vec4 v0x5633c4e022a0_0, 0, 32;
    %pushi/vec4 4, 0, 3;
    %store/vec4 v0x5633c4e020d0_0, 0, 3;
    %delay 10000, 0;
    %pushi/vec4 10, 0, 32;
    %store/vec4 v0x5633c4e021a0_0, 0, 32;
    %pushi/vec4 5, 0, 32;
    %store/vec4 v0x5633c4e022a0_0, 0, 32;
    %pushi/vec4 5, 0, 3;
    %store/vec4 v0x5633c4e020d0_0, 0, 3;
    %delay 10000, 0;
    %pushi/vec4 10, 0, 32;
    %store/vec4 v0x5633c4e021a0_0, 0, 32;
    %pushi/vec4 10, 0, 32;
    %store/vec4 v0x5633c4e022a0_0, 0, 32;
    %pushi/vec4 5, 0, 3;
    %store/vec4 v0x5633c4e020d0_0, 0, 3;
    %delay 10000, 0;
    %pushi/vec4 10, 0, 32;
    %store/vec4 v0x5633c4e021a0_0, 0, 32;
    %pushi/vec4 5, 0, 32;
    %store/vec4 v0x5633c4e022a0_0, 0, 32;
    %pushi/vec4 4, 0, 3;
    %store/vec4 v0x5633c4e020d0_0, 0, 3;
    %delay 10000, 0;
    %delay 10000, 0;
    %vpi_call 2 31 "$finish" {0 0 0};
    %end;
    .thread T_1;
    .scope S_0x5633c4deb960;
T_2 ;
    %vpi_call 2 35 "$monitor", "Time=%0t | RS1=%d | RS2=%d | Funct3=%b | BranchTaken=%b", $time, v0x5633c4e021a0_0, v0x5633c4e022a0_0, v0x5633c4e020d0_0, v0x5633c4e02010_0 {0 0 0};
    %end;
    .thread T_2;
# The file index is used to find the file name in the following table.
:file_names 4;
    "N/A";
    "<interactive>";
    "branchtb.v";
    "branch.v";
