#! /usr/bin/vvp
:ivl_version "11.0 (stable)";
:ivl_delay_selection "TYPICAL";
:vpi_time_precision - 10;
:vpi_module "/usr/lib/x86_64-linux-gnu/ivl/system.vpi";
:vpi_module "/usr/lib/x86_64-linux-gnu/ivl/vhdl_sys.vpi";
:vpi_module "/usr/lib/x86_64-linux-gnu/ivl/vhdl_textio.vpi";
:vpi_module "/usr/lib/x86_64-linux-gnu/ivl/v2005_math.vpi";
:vpi_module "/usr/lib/x86_64-linux-gnu/ivl/va_math.vpi";
S_0x564d2eba05f0 .scope module, "pc_tb" "pc_tb" 2 3;
 .timescale -9 -10;
v0x564d2ebb2ac0_0 .var "clk", 0 0;
v0x564d2ebb2b80_0 .var "next_pc", 31 0;
v0x564d2ebb2c50_0 .net "pc", 31 0, v0x564d2ebb2860_0;  1 drivers
v0x564d2ebb2d50_0 .var "reset", 0 0;
S_0x564d2eba0780 .scope module, "uut" "ProgramCounter" 2 10, 3 1 0, S_0x564d2eba05f0;
 .timescale -9 -10;
    .port_info 0 /INPUT 1 "clk";
    .port_info 1 /INPUT 1 "reset";
    .port_info 2 /INPUT 32 "next_pc";
    .port_info 3 /OUTPUT 32 "pc";
v0x564d2eb66ba0_0 .net "clk", 0 0, v0x564d2ebb2ac0_0;  1 drivers
v0x564d2ebb2780_0 .net "next_pc", 31 0, v0x564d2ebb2b80_0;  1 drivers
v0x564d2ebb2860_0 .var "pc", 31 0;
v0x564d2ebb2950_0 .net "reset", 0 0, v0x564d2ebb2d50_0;  1 drivers
E_0x564d2eba1710 .event posedge, v0x564d2ebb2950_0, v0x564d2eb66ba0_0;
    .scope S_0x564d2eba0780;
T_0 ;
    %wait E_0x564d2eba1710;
    %load/vec4 v0x564d2ebb2950_0;
    %flag_set/vec4 8;
    %jmp/0xz  T_0.0, 8;
    %pushi/vec4 0, 0, 32;
    %assign/vec4 v0x564d2ebb2860_0, 0;
    %jmp T_0.1;
T_0.0 ;
    %load/vec4 v0x564d2ebb2780_0;
    %assign/vec4 v0x564d2ebb2860_0, 0;
T_0.1 ;
    %jmp T_0;
    .thread T_0;
    .scope S_0x564d2eba05f0;
T_1 ;
    %delay 50, 0;
    %load/vec4 v0x564d2ebb2ac0_0;
    %inv;
    %store/vec4 v0x564d2ebb2ac0_0, 0, 1;
    %jmp T_1;
    .thread T_1;
    .scope S_0x564d2eba05f0;
T_2 ;
    %pushi/vec4 0, 0, 1;
    %store/vec4 v0x564d2ebb2ac0_0, 0, 1;
    %pushi/vec4 1, 0, 1;
    %store/vec4 v0x564d2ebb2d50_0, 0, 1;
    %pushi/vec4 4, 0, 32;
    %store/vec4 v0x564d2ebb2b80_0, 0, 32;
    %vpi_call 2 26 "$dumpfile", "testbench.vcd" {0 0 0};
    %vpi_call 2 27 "$dumpvars", 32'sb00000000000000000000000000000000 {0 0 0};
    %delay 100, 0;
    %pushi/vec4 0, 0, 1;
    %store/vec4 v0x564d2ebb2d50_0, 0, 1;
    %delay 100, 0;
    %pushi/vec4 8, 0, 32;
    %store/vec4 v0x564d2ebb2b80_0, 0, 32;
    %delay 100, 0;
    %pushi/vec4 12, 0, 32;
    %store/vec4 v0x564d2ebb2b80_0, 0, 32;
    %delay 100, 0;
    %pushi/vec4 16, 0, 32;
    %store/vec4 v0x564d2ebb2b80_0, 0, 32;
    %delay 200, 0;
    %vpi_call 2 34 "$finish" {0 0 0};
    %end;
    .thread T_2;
    .scope S_0x564d2eba05f0;
T_3 ;
    %vpi_call 2 38 "$monitor", "Time=%0t | Reset=%b | PC=%h | Next_PC=%h", $time, v0x564d2ebb2d50_0, v0x564d2ebb2c50_0, v0x564d2ebb2b80_0 {0 0 0};
    %end;
    .thread T_3;
# The file index is used to find the file name in the following table.
:file_names 4;
    "N/A";
    "<interactive>";
    "pctb.v";
    "pc.v";
