#! /usr/bin/vvp
:ivl_version "11.0 (stable)";
:ivl_delay_selection "TYPICAL";
:vpi_time_precision - 10;
:vpi_module "/usr/lib/x86_64-linux-gnu/ivl/system.vpi";
:vpi_module "/usr/lib/x86_64-linux-gnu/ivl/vhdl_sys.vpi";
:vpi_module "/usr/lib/x86_64-linux-gnu/ivl/vhdl_textio.vpi";
:vpi_module "/usr/lib/x86_64-linux-gnu/ivl/v2005_math.vpi";
:vpi_module "/usr/lib/x86_64-linux-gnu/ivl/va_math.vpi";
S_0x55645c8c3f20 .scope module, "alu_tb" "alu_tb" 2 3;
 .timescale -9 -10;
v0x55645c8e0c30_0 .var "A", 31 0;
v0x55645c8e0d10_0 .var "ALUOp", 3 0;
v0x55645c8e0de0_0 .var "B", 31 0;
v0x55645c8e0ee0_0 .net "Result", 31 0, v0x55645c8e09a0_0;  1 drivers
v0x55645c8e0fb0_0 .net "Zero", 0 0, v0x55645c8e0a80_0;  1 drivers
S_0x55645c8c40b0 .scope module, "uut" "ALU" 2 11, 3 1 0, S_0x55645c8c3f20;
 .timescale 0 0;
    .port_info 0 /INPUT 32 "A";
    .port_info 1 /INPUT 32 "B";
    .port_info 2 /INPUT 4 "ALUOp";
    .port_info 3 /OUTPUT 32 "Result";
    .port_info 4 /OUTPUT 1 "Zero";
v0x55645c8887b0_0 .net "A", 31 0, v0x55645c8e0c30_0;  1 drivers
v0x55645c888ba0_0 .net "ALUOp", 3 0, v0x55645c8e0d10_0;  1 drivers
v0x55645c8e08b0_0 .net "B", 31 0, v0x55645c8e0de0_0;  1 drivers
v0x55645c8e09a0_0 .var "Result", 31 0;
v0x55645c8e0a80_0 .var "Zero", 0 0;
E_0x55645c8c00d0 .event edge, v0x55645c888ba0_0, v0x55645c8887b0_0, v0x55645c8e08b0_0, v0x55645c8e09a0_0;
    .scope S_0x55645c8c40b0;
T_0 ;
    %wait E_0x55645c8c00d0;
    %load/vec4 v0x55645c888ba0_0;
    %dup/vec4;
    %pushi/vec4 0, 0, 4;
    %cmp/u;
    %jmp/1 T_0.0, 6;
    %dup/vec4;
    %pushi/vec4 1, 0, 4;
    %cmp/u;
    %jmp/1 T_0.1, 6;
    %dup/vec4;
    %pushi/vec4 2, 0, 4;
    %cmp/u;
    %jmp/1 T_0.2, 6;
    %dup/vec4;
    %pushi/vec4 3, 0, 4;
    %cmp/u;
    %jmp/1 T_0.3, 6;
    %dup/vec4;
    %pushi/vec4 4, 0, 4;
    %cmp/u;
    %jmp/1 T_0.4, 6;
    %dup/vec4;
    %pushi/vec4 5, 0, 4;
    %cmp/u;
    %jmp/1 T_0.5, 6;
    %dup/vec4;
    %pushi/vec4 6, 0, 4;
    %cmp/u;
    %jmp/1 T_0.6, 6;
    %dup/vec4;
    %pushi/vec4 7, 0, 4;
    %cmp/u;
    %jmp/1 T_0.7, 6;
    %dup/vec4;
    %pushi/vec4 8, 0, 4;
    %cmp/u;
    %jmp/1 T_0.8, 6;
    %dup/vec4;
    %pushi/vec4 9, 0, 4;
    %cmp/u;
    %jmp/1 T_0.9, 6;
    %pushi/vec4 0, 0, 32;
    %store/vec4 v0x55645c8e09a0_0, 0, 32;
    %jmp T_0.11;
T_0.0 ;
    %load/vec4 v0x55645c8887b0_0;
    %load/vec4 v0x55645c8e08b0_0;
    %add;
    %store/vec4 v0x55645c8e09a0_0, 0, 32;
    %jmp T_0.11;
T_0.1 ;
    %load/vec4 v0x55645c8887b0_0;
    %load/vec4 v0x55645c8e08b0_0;
    %sub;
    %store/vec4 v0x55645c8e09a0_0, 0, 32;
    %jmp T_0.11;
T_0.2 ;
    %load/vec4 v0x55645c8887b0_0;
    %load/vec4 v0x55645c8e08b0_0;
    %and;
    %store/vec4 v0x55645c8e09a0_0, 0, 32;
    %jmp T_0.11;
T_0.3 ;
    %load/vec4 v0x55645c8887b0_0;
    %load/vec4 v0x55645c8e08b0_0;
    %or;
    %store/vec4 v0x55645c8e09a0_0, 0, 32;
    %jmp T_0.11;
T_0.4 ;
    %load/vec4 v0x55645c8887b0_0;
    %load/vec4 v0x55645c8e08b0_0;
    %xor;
    %store/vec4 v0x55645c8e09a0_0, 0, 32;
    %jmp T_0.11;
T_0.5 ;
    %load/vec4 v0x55645c8887b0_0;
    %load/vec4 v0x55645c8e08b0_0;
    %parti/s 5, 0, 2;
    %ix/vec4 4;
    %shiftl 4;
    %store/vec4 v0x55645c8e09a0_0, 0, 32;
    %jmp T_0.11;
T_0.6 ;
    %load/vec4 v0x55645c8887b0_0;
    %load/vec4 v0x55645c8e08b0_0;
    %parti/s 5, 0, 2;
    %ix/vec4 4;
    %shiftr 4;
    %store/vec4 v0x55645c8e09a0_0, 0, 32;
    %jmp T_0.11;
T_0.7 ;
    %load/vec4 v0x55645c8887b0_0;
    %load/vec4 v0x55645c8e08b0_0;
    %parti/s 5, 0, 2;
    %ix/vec4 4;
    %shiftr/s 4;
    %store/vec4 v0x55645c8e09a0_0, 0, 32;
    %jmp T_0.11;
T_0.8 ;
    %load/vec4 v0x55645c8887b0_0;
    %load/vec4 v0x55645c8e08b0_0;
    %cmp/s;
    %flag_mov 8, 5;
    %jmp/0 T_0.12, 8;
    %pushi/vec4 1, 0, 32;
    %jmp/1 T_0.13, 8;
T_0.12 ; End of true expr.
    %pushi/vec4 0, 0, 32;
    %jmp/0 T_0.13, 8;
 ; End of false expr.
    %blend;
T_0.13;
    %store/vec4 v0x55645c8e09a0_0, 0, 32;
    %jmp T_0.11;
T_0.9 ;
    %load/vec4 v0x55645c8887b0_0;
    %load/vec4 v0x55645c8e08b0_0;
    %cmp/u;
    %flag_mov 8, 5;
    %jmp/0 T_0.14, 8;
    %pushi/vec4 1, 0, 32;
    %jmp/1 T_0.15, 8;
T_0.14 ; End of true expr.
    %pushi/vec4 0, 0, 32;
    %jmp/0 T_0.15, 8;
 ; End of false expr.
    %blend;
T_0.15;
    %store/vec4 v0x55645c8e09a0_0, 0, 32;
    %jmp T_0.11;
T_0.11 ;
    %pop/vec4 1;
    %load/vec4 v0x55645c8e09a0_0;
    %cmpi/e 0, 0, 32;
    %flag_mov 8, 4;
    %jmp/0 T_0.16, 8;
    %pushi/vec4 1, 0, 1;
    %jmp/1 T_0.17, 8;
T_0.16 ; End of true expr.
    %pushi/vec4 0, 0, 1;
    %jmp/0 T_0.17, 8;
 ; End of false expr.
    %blend;
T_0.17;
    %store/vec4 v0x55645c8e0a80_0, 0, 1;
    %jmp T_0;
    .thread T_0, $push;
    .scope S_0x55645c8c3f20;
T_1 ;
    %vpi_call 2 21 "$display", "ADD" {0 0 0};
    %pushi/vec4 10, 0, 32;
    %store/vec4 v0x55645c8e0c30_0, 0, 32;
    %pushi/vec4 5, 0, 32;
    %store/vec4 v0x55645c8e0de0_0, 0, 32;
    %pushi/vec4 0, 0, 4;
    %store/vec4 v0x55645c8e0d10_0, 0, 4;
    %delay 100, 0;
    %vpi_call 2 24 "$display", "SUB" {0 0 0};
    %pushi/vec4 10, 0, 32;
    %store/vec4 v0x55645c8e0c30_0, 0, 32;
    %pushi/vec4 10, 0, 32;
    %store/vec4 v0x55645c8e0de0_0, 0, 32;
    %pushi/vec4 1, 0, 4;
    %store/vec4 v0x55645c8e0d10_0, 0, 4;
    %delay 100, 0;
    %vpi_call 2 27 "$display", "AND" {0 0 0};
    %pushi/vec4 4294967295, 0, 32;
    %store/vec4 v0x55645c8e0c30_0, 0, 32;
    %pushi/vec4 65535, 0, 32;
    %store/vec4 v0x55645c8e0de0_0, 0, 32;
    %pushi/vec4 2, 0, 4;
    %store/vec4 v0x55645c8e0d10_0, 0, 4;
    %delay 100, 0;
    %vpi_call 2 30 "$display", "OR" {0 0 0};
    %pushi/vec4 4042322160, 0, 32;
    %store/vec4 v0x55645c8e0c30_0, 0, 32;
    %pushi/vec4 252645135, 0, 32;
    %store/vec4 v0x55645c8e0de0_0, 0, 32;
    %pushi/vec4 3, 0, 4;
    %store/vec4 v0x55645c8e0d10_0, 0, 4;
    %delay 100, 0;
    %vpi_call 2 33 "$display", "XOR" {0 0 0};
    %pushi/vec4 305419896, 0, 32;
    %store/vec4 v0x55645c8e0c30_0, 0, 32;
    %pushi/vec4 2271560481, 0, 32;
    %store/vec4 v0x55645c8e0de0_0, 0, 32;
    %pushi/vec4 4, 0, 4;
    %store/vec4 v0x55645c8e0d10_0, 0, 4;
    %delay 100, 0;
    %vpi_call 2 36 "$display", "SLL" {0 0 0};
    %pushi/vec4 1, 0, 32;
    %store/vec4 v0x55645c8e0c30_0, 0, 32;
    %pushi/vec4 3, 0, 32;
    %store/vec4 v0x55645c8e0de0_0, 0, 32;
    %pushi/vec4 5, 0, 4;
    %store/vec4 v0x55645c8e0d10_0, 0, 4;
    %delay 100, 0;
    %vpi_call 2 39 "$display", "SRL" {0 0 0};
    %pushi/vec4 2147483648, 0, 32;
    %store/vec4 v0x55645c8e0c30_0, 0, 32;
    %pushi/vec4 3, 0, 32;
    %store/vec4 v0x55645c8e0de0_0, 0, 32;
    %pushi/vec4 6, 0, 4;
    %store/vec4 v0x55645c8e0d10_0, 0, 4;
    %delay 100, 0;
    %vpi_call 2 42 "$display", "SRA" {0 0 0};
    %pushi/vec4 2147483648, 0, 32;
    %store/vec4 v0x55645c8e0c30_0, 0, 32;
    %pushi/vec4 3, 0, 32;
    %store/vec4 v0x55645c8e0de0_0, 0, 32;
    %pushi/vec4 7, 0, 4;
    %store/vec4 v0x55645c8e0d10_0, 0, 4;
    %delay 100, 0;
    %vpi_call 2 45 "$display", "SLT" {0 0 0};
    %pushi/vec4 10, 0, 32;
    %store/vec4 v0x55645c8e0c30_0, 0, 32;
    %pushi/vec4 20, 0, 32;
    %store/vec4 v0x55645c8e0de0_0, 0, 32;
    %pushi/vec4 8, 0, 4;
    %store/vec4 v0x55645c8e0d10_0, 0, 4;
    %delay 100, 0;
    %vpi_call 2 48 "$display", "SLTU" {0 0 0};
    %pushi/vec4 4294967295, 0, 32;
    %store/vec4 v0x55645c8e0c30_0, 0, 32;
    %pushi/vec4 1, 0, 32;
    %store/vec4 v0x55645c8e0de0_0, 0, 32;
    %pushi/vec4 9, 0, 4;
    %store/vec4 v0x55645c8e0d10_0, 0, 4;
    %delay 100, 0;
    %delay 100, 0;
    %vpi_call 2 51 "$finish" {0 0 0};
    %end;
    .thread T_1;
    .scope S_0x55645c8c3f20;
T_2 ;
    %vpi_call 2 55 "$monitor", "Time=%0t | A=%h | B=%h | ALUOp=%b | Result=%h | Zero=%b", $time, v0x55645c8e0c30_0, v0x55645c8e0de0_0, v0x55645c8e0d10_0, v0x55645c8e0ee0_0, v0x55645c8e0fb0_0 {0 0 0};
    %end;
    .thread T_2;
# The file index is used to find the file name in the following table.
:file_names 4;
    "N/A";
    "<interactive>";
    "alu_tb.v";
    "alu.v";
